<?xml version="1.0" encoding="utf-8"?>
<testsuites>
  <testsuite name="pytest" errors="13" failures="513" skipped="0" tests="618" time="1.604" timestamp="2024-07-04T11:26:46.174606" hostname="maverick">
    <testcase classname="" name="evosuite-test.src.test.org.apache.commons.graph.CommonsGraph_ESTest" time="0.000">
      <error message="collection failure">Traceback (most recent call last):
  File "/home/ali/miniconda3/envs/alphatrans/lib/python3.10/site-packages/_pytest/runner.py", line 341, in from_call
    result: Optional[TResult] = func()
  File "/home/ali/miniconda3/envs/alphatrans/lib/python3.10/site-packages/_pytest/runner.py", line 389, in collect
    return list(collector.collect())
  File "/home/ali/miniconda3/envs/alphatrans/lib/python3.10/site-packages/_pytest/python.py", line 548, in collect
    self._register_setup_module_fixture()
  File "/home/ali/miniconda3/envs/alphatrans/lib/python3.10/site-packages/_pytest/python.py", line 561, in _register_setup_module_fixture
    self.obj, ("setUpModule", "setup_module")
  File "/home/ali/miniconda3/envs/alphatrans/lib/python3.10/site-packages/_pytest/python.py", line 287, in obj
    self._obj = obj = self._getobj()
  File "/home/ali/miniconda3/envs/alphatrans/lib/python3.10/site-packages/_pytest/python.py", line 545, in _getobj
    return importtestmodule(self.path, self.config)
  File "/home/ali/miniconda3/envs/alphatrans/lib/python3.10/site-packages/_pytest/python.py", line 492, in importtestmodule
    mod = import_path(
  File "/home/ali/miniconda3/envs/alphatrans/lib/python3.10/site-packages/_pytest/pathlib.py", line 591, in import_path
    importlib.import_module(module_name)
  File "/home/ali/miniconda3/envs/alphatrans/lib/python3.10/importlib/__init__.py", line 126, in import_module
    return _bootstrap._gcd_import(name[level:], package, level)
  File "&lt;frozen importlib._bootstrap&gt;", line 1050, in _gcd_import
  File "&lt;frozen importlib._bootstrap&gt;", line 1027, in _find_and_load
  File "&lt;frozen importlib._bootstrap&gt;", line 1006, in _find_and_load_unlocked
  File "&lt;frozen importlib._bootstrap&gt;", line 688, in _load_unlocked
  File "/home/ali/miniconda3/envs/alphatrans/lib/python3.10/site-packages/_pytest/assertion/rewrite.py", line 178, in exec_module
    exec(co, module.__dict__)
  File "/home/ali/Documents/AlphaTrans/data/recomposed_projects/deepseek-coder-33b-instruct/body/commons-graph/evosuite-test/src/test/org/apache/commons/graph/CommonsGraph_ESTest.py", line 11, in &lt;module&gt;
    from src.main.org.apache.commons.graph.CommonsGraph import *
  File "&lt;frozen importlib._bootstrap&gt;", line 1027, in _find_and_load
  File "&lt;frozen importlib._bootstrap&gt;", line 1006, in _find_and_load_unlocked
  File "&lt;frozen importlib._bootstrap&gt;", line 688, in _load_unlocked
  File "/home/ali/miniconda3/envs/alphatrans/lib/python3.10/site-packages/_pytest/assertion/rewrite.py", line 178, in exec_module
    exec(co, module.__dict__)
  File "/home/ali/Documents/AlphaTrans/data/recomposed_projects/deepseek-coder-33b-instruct/body/commons-graph/src/main/org/apache/commons/graph/CommonsGraph.py", line 34, in &lt;module&gt;
    from src.main.org.apache.commons.graph.shortestpath.DefaultWeightedEdgesSelector import *
  File "&lt;frozen importlib._bootstrap&gt;", line 1027, in _find_and_load
  File "&lt;frozen importlib._bootstrap&gt;", line 1006, in _find_and_load_unlocked
  File "&lt;frozen importlib._bootstrap&gt;", line 688, in _load_unlocked
  File "/home/ali/miniconda3/envs/alphatrans/lib/python3.10/site-packages/_pytest/assertion/rewrite.py", line 178, in exec_module
    exec(co, module.__dict__)
  File "/home/ali/Documents/AlphaTrans/data/recomposed_projects/deepseek-coder-33b-instruct/body/commons-graph/src/main/org/apache/commons/graph/shortestpath/DefaultWeightedEdgesSelector.py", line 9, in &lt;module&gt;
    from src.main.org.apache.commons.graph.shortestpath.DefaultPathSourceSelector import *
  File "&lt;frozen importlib._bootstrap&gt;", line 1027, in _find_and_load
  File "&lt;frozen importlib._bootstrap&gt;", line 1006, in _find_and_load_unlocked
  File "&lt;frozen importlib._bootstrap&gt;", line 688, in _load_unlocked
  File "/home/ali/miniconda3/envs/alphatrans/lib/python3.10/site-packages/_pytest/assertion/rewrite.py", line 178, in exec_module
    exec(co, module.__dict__)
  File "/home/ali/Documents/AlphaTrans/data/recomposed_projects/deepseek-coder-33b-instruct/body/commons-graph/src/main/org/apache/commons/graph/shortestpath/DefaultPathSourceSelector.py", line 13, in &lt;module&gt;
    from src.main.org.apache.commons.graph.shortestpath.DefaultTargetSourceSelector import *
  File "&lt;frozen importlib._bootstrap&gt;", line 1027, in _find_and_load
  File "&lt;frozen importlib._bootstrap&gt;", line 1006, in _find_and_load_unlocked
  File "&lt;frozen importlib._bootstrap&gt;", line 688, in _load_unlocked
  File "/home/ali/miniconda3/envs/alphatrans/lib/python3.10/site-packages/_pytest/assertion/rewrite.py", line 178, in exec_module
    exec(co, module.__dict__)
  File "/home/ali/Documents/AlphaTrans/data/recomposed_projects/deepseek-coder-33b-instruct/body/commons-graph/src/main/org/apache/commons/graph/shortestpath/DefaultTargetSourceSelector.py", line 12, in &lt;module&gt;
    from src.main.org.apache.commons.graph.shortestpath.DefaultShortestPathAlgorithmSelector import *
  File "&lt;frozen importlib._bootstrap&gt;", line 1027, in _find_and_load
  File "&lt;frozen importlib._bootstrap&gt;", line 1006, in _find_and_load_unlocked
  File "&lt;frozen importlib._bootstrap&gt;", line 688, in _load_unlocked
  File "/home/ali/miniconda3/envs/alphatrans/lib/python3.10/site-packages/_pytest/assertion/rewrite.py", line 178, in exec_module
    exec(co, module.__dict__)
  File "/home/ali/Documents/AlphaTrans/data/recomposed_projects/deepseek-coder-33b-instruct/body/commons-graph/src/main/org/apache/commons/graph/shortestpath/DefaultShortestPathAlgorithmSelector.py", line 13, in &lt;module&gt;
    from src.main.org.apache.commons.graph.collections.FibonacciHeap import *
  File "&lt;frozen importlib._bootstrap&gt;", line 1027, in _find_and_load
  File "&lt;frozen importlib._bootstrap&gt;", line 1006, in _find_and_load_unlocked
  File "&lt;frozen importlib._bootstrap&gt;", line 688, in _load_unlocked
  File "/home/ali/miniconda3/envs/alphatrans/lib/python3.10/site-packages/_pytest/assertion/rewrite.py", line 178, in exec_module
    exec(co, module.__dict__)
  File "/home/ali/Documents/AlphaTrans/data/recomposed_projects/deepseek-coder-33b-instruct/body/commons-graph/src/main/org/apache/commons/graph/collections/FibonacciHeap.py", line 8, in &lt;module&gt;
    from src.main.org.apache.commons.graph.collections.FibonacciHeapNode import *
  File "&lt;frozen importlib._bootstrap&gt;", line 1027, in _find_and_load
  File "&lt;frozen importlib._bootstrap&gt;", line 1006, in _find_and_load_unlocked
  File "&lt;frozen importlib._bootstrap&gt;", line 688, in _load_unlocked
  File "/home/ali/miniconda3/envs/alphatrans/lib/python3.10/site-packages/_pytest/assertion/rewrite.py", line 178, in exec_module
    exec(co, module.__dict__)
  File "/home/ali/Documents/AlphaTrans/data/recomposed_projects/deepseek-coder-33b-instruct/body/commons-graph/src/main/org/apache/commons/graph/collections/FibonacciHeapNode.py", line 8, in &lt;module&gt;
    class FibonacciHeapNode:
  File "/home/ali/Documents/AlphaTrans/data/recomposed_projects/deepseek-coder-33b-instruct/body/commons-graph/src/main/org/apache/commons/graph/collections/FibonacciHeapNode.py", line 16, in FibonacciHeapNode
    __right: FibonacciHeapNode = self
NameError: name 'self' is not defined</error>
    </testcase>
    <testcase classname="" name="evosuite-test.src.test.org.apache.commons.graph.collections.DisjointSetNode_ESTest" time="0.000">
      <error message="collection failure">Traceback (most recent call last):
  File "/home/ali/miniconda3/envs/alphatrans/lib/python3.10/site-packages/_pytest/runner.py", line 341, in from_call
    result: Optional[TResult] = func()
  File "/home/ali/miniconda3/envs/alphatrans/lib/python3.10/site-packages/_pytest/runner.py", line 389, in collect
    return list(collector.collect())
  File "/home/ali/miniconda3/envs/alphatrans/lib/python3.10/site-packages/_pytest/python.py", line 548, in collect
    self._register_setup_module_fixture()
  File "/home/ali/miniconda3/envs/alphatrans/lib/python3.10/site-packages/_pytest/python.py", line 561, in _register_setup_module_fixture
    self.obj, ("setUpModule", "setup_module")
  File "/home/ali/miniconda3/envs/alphatrans/lib/python3.10/site-packages/_pytest/python.py", line 287, in obj
    self._obj = obj = self._getobj()
  File "/home/ali/miniconda3/envs/alphatrans/lib/python3.10/site-packages/_pytest/python.py", line 545, in _getobj
    return importtestmodule(self.path, self.config)
  File "/home/ali/miniconda3/envs/alphatrans/lib/python3.10/site-packages/_pytest/python.py", line 492, in importtestmodule
    mod = import_path(
  File "/home/ali/miniconda3/envs/alphatrans/lib/python3.10/site-packages/_pytest/pathlib.py", line 591, in import_path
    importlib.import_module(module_name)
  File "/home/ali/miniconda3/envs/alphatrans/lib/python3.10/importlib/__init__.py", line 126, in import_module
    return _bootstrap._gcd_import(name[level:], package, level)
  File "&lt;frozen importlib._bootstrap&gt;", line 1050, in _gcd_import
  File "&lt;frozen importlib._bootstrap&gt;", line 1027, in _find_and_load
  File "&lt;frozen importlib._bootstrap&gt;", line 1006, in _find_and_load_unlocked
  File "&lt;frozen importlib._bootstrap&gt;", line 688, in _load_unlocked
  File "/home/ali/miniconda3/envs/alphatrans/lib/python3.10/site-packages/_pytest/assertion/rewrite.py", line 178, in exec_module
    exec(co, module.__dict__)
  File "/home/ali/Documents/AlphaTrans/data/recomposed_projects/deepseek-coder-33b-instruct/body/commons-graph/evosuite-test/src/test/org/apache/commons/graph/collections/DisjointSetNode_ESTest.py", line 10, in &lt;module&gt;
    from src.main.org.apache.commons.graph.collections.DisjointSetNode import *
  File "&lt;frozen importlib._bootstrap&gt;", line 1027, in _find_and_load
  File "&lt;frozen importlib._bootstrap&gt;", line 1006, in _find_and_load_unlocked
  File "&lt;frozen importlib._bootstrap&gt;", line 688, in _load_unlocked
  File "/home/ali/miniconda3/envs/alphatrans/lib/python3.10/site-packages/_pytest/assertion/rewrite.py", line 178, in exec_module
    exec(co, module.__dict__)
  File "/home/ali/Documents/AlphaTrans/data/recomposed_projects/deepseek-coder-33b-instruct/body/commons-graph/src/main/org/apache/commons/graph/collections/DisjointSetNode.py", line 8, in &lt;module&gt;
    class DisjointSetNode:
  File "/home/ali/Documents/AlphaTrans/data/recomposed_projects/deepseek-coder-33b-instruct/body/commons-graph/src/main/org/apache/commons/graph/collections/DisjointSetNode.py", line 11, in DisjointSetNode
    __parent: DisjointSetNode = self
NameError: name 'self' is not defined</error>
    </testcase>
    <testcase classname="" name="evosuite-test.src.test.org.apache.commons.graph.collections.DisjointSet_ESTest" time="0.000">
      <error message="collection failure">Traceback (most recent call last):
  File "/home/ali/miniconda3/envs/alphatrans/lib/python3.10/site-packages/_pytest/runner.py", line 341, in from_call
    result: Optional[TResult] = func()
  File "/home/ali/miniconda3/envs/alphatrans/lib/python3.10/site-packages/_pytest/runner.py", line 389, in collect
    return list(collector.collect())
  File "/home/ali/miniconda3/envs/alphatrans/lib/python3.10/site-packages/_pytest/python.py", line 548, in collect
    self._register_setup_module_fixture()
  File "/home/ali/miniconda3/envs/alphatrans/lib/python3.10/site-packages/_pytest/python.py", line 561, in _register_setup_module_fixture
    self.obj, ("setUpModule", "setup_module")
  File "/home/ali/miniconda3/envs/alphatrans/lib/python3.10/site-packages/_pytest/python.py", line 287, in obj
    self._obj = obj = self._getobj()
  File "/home/ali/miniconda3/envs/alphatrans/lib/python3.10/site-packages/_pytest/python.py", line 545, in _getobj
    return importtestmodule(self.path, self.config)
  File "/home/ali/miniconda3/envs/alphatrans/lib/python3.10/site-packages/_pytest/python.py", line 492, in importtestmodule
    mod = import_path(
  File "/home/ali/miniconda3/envs/alphatrans/lib/python3.10/site-packages/_pytest/pathlib.py", line 591, in import_path
    importlib.import_module(module_name)
  File "/home/ali/miniconda3/envs/alphatrans/lib/python3.10/importlib/__init__.py", line 126, in import_module
    return _bootstrap._gcd_import(name[level:], package, level)
  File "&lt;frozen importlib._bootstrap&gt;", line 1050, in _gcd_import
  File "&lt;frozen importlib._bootstrap&gt;", line 1027, in _find_and_load
  File "&lt;frozen importlib._bootstrap&gt;", line 1006, in _find_and_load_unlocked
  File "&lt;frozen importlib._bootstrap&gt;", line 688, in _load_unlocked
  File "/home/ali/miniconda3/envs/alphatrans/lib/python3.10/site-packages/_pytest/assertion/rewrite.py", line 178, in exec_module
    exec(co, module.__dict__)
  File "/home/ali/Documents/AlphaTrans/data/recomposed_projects/deepseek-coder-33b-instruct/body/commons-graph/evosuite-test/src/test/org/apache/commons/graph/collections/DisjointSet_ESTest.py", line 10, in &lt;module&gt;
    from src.main.org.apache.commons.graph.collections.DisjointSet import *
  File "&lt;frozen importlib._bootstrap&gt;", line 1027, in _find_and_load
  File "&lt;frozen importlib._bootstrap&gt;", line 1006, in _find_and_load_unlocked
  File "&lt;frozen importlib._bootstrap&gt;", line 688, in _load_unlocked
  File "/home/ali/miniconda3/envs/alphatrans/lib/python3.10/site-packages/_pytest/assertion/rewrite.py", line 178, in exec_module
    exec(co, module.__dict__)
  File "/home/ali/Documents/AlphaTrans/data/recomposed_projects/deepseek-coder-33b-instruct/body/commons-graph/src/main/org/apache/commons/graph/collections/DisjointSet.py", line 7, in &lt;module&gt;
    from src.main.org.apache.commons.graph.collections.DisjointSetNode import *
  File "&lt;frozen importlib._bootstrap&gt;", line 1027, in _find_and_load
  File "&lt;frozen importlib._bootstrap&gt;", line 1006, in _find_and_load_unlocked
  File "&lt;frozen importlib._bootstrap&gt;", line 688, in _load_unlocked
  File "/home/ali/miniconda3/envs/alphatrans/lib/python3.10/site-packages/_pytest/assertion/rewrite.py", line 178, in exec_module
    exec(co, module.__dict__)
  File "/home/ali/Documents/AlphaTrans/data/recomposed_projects/deepseek-coder-33b-instruct/body/commons-graph/src/main/org/apache/commons/graph/collections/DisjointSetNode.py", line 8, in &lt;module&gt;
    class DisjointSetNode:
  File "/home/ali/Documents/AlphaTrans/data/recomposed_projects/deepseek-coder-33b-instruct/body/commons-graph/src/main/org/apache/commons/graph/collections/DisjointSetNode.py", line 11, in DisjointSetNode
    __parent: DisjointSetNode = self
NameError: name 'self' is not defined</error>
    </testcase>
    <testcase classname="" name="evosuite-test.src.test.org.apache.commons.graph.collections.FibonacciHeapNode_ESTest" time="0.000">
      <error message="collection failure">Traceback (most recent call last):
  File "/home/ali/miniconda3/envs/alphatrans/lib/python3.10/site-packages/_pytest/runner.py", line 341, in from_call
    result: Optional[TResult] = func()
  File "/home/ali/miniconda3/envs/alphatrans/lib/python3.10/site-packages/_pytest/runner.py", line 389, in collect
    return list(collector.collect())
  File "/home/ali/miniconda3/envs/alphatrans/lib/python3.10/site-packages/_pytest/python.py", line 548, in collect
    self._register_setup_module_fixture()
  File "/home/ali/miniconda3/envs/alphatrans/lib/python3.10/site-packages/_pytest/python.py", line 561, in _register_setup_module_fixture
    self.obj, ("setUpModule", "setup_module")
  File "/home/ali/miniconda3/envs/alphatrans/lib/python3.10/site-packages/_pytest/python.py", line 287, in obj
    self._obj = obj = self._getobj()
  File "/home/ali/miniconda3/envs/alphatrans/lib/python3.10/site-packages/_pytest/python.py", line 545, in _getobj
    return importtestmodule(self.path, self.config)
  File "/home/ali/miniconda3/envs/alphatrans/lib/python3.10/site-packages/_pytest/python.py", line 492, in importtestmodule
    mod = import_path(
  File "/home/ali/miniconda3/envs/alphatrans/lib/python3.10/site-packages/_pytest/pathlib.py", line 591, in import_path
    importlib.import_module(module_name)
  File "/home/ali/miniconda3/envs/alphatrans/lib/python3.10/importlib/__init__.py", line 126, in import_module
    return _bootstrap._gcd_import(name[level:], package, level)
  File "&lt;frozen importlib._bootstrap&gt;", line 1050, in _gcd_import
  File "&lt;frozen importlib._bootstrap&gt;", line 1027, in _find_and_load
  File "&lt;frozen importlib._bootstrap&gt;", line 1006, in _find_and_load_unlocked
  File "&lt;frozen importlib._bootstrap&gt;", line 688, in _load_unlocked
  File "/home/ali/miniconda3/envs/alphatrans/lib/python3.10/site-packages/_pytest/assertion/rewrite.py", line 178, in exec_module
    exec(co, module.__dict__)
  File "/home/ali/Documents/AlphaTrans/data/recomposed_projects/deepseek-coder-33b-instruct/body/commons-graph/evosuite-test/src/test/org/apache/commons/graph/collections/FibonacciHeapNode_ESTest.py", line 10, in &lt;module&gt;
    from src.main.org.apache.commons.graph.collections.FibonacciHeapNode import *
  File "&lt;frozen importlib._bootstrap&gt;", line 1027, in _find_and_load
  File "&lt;frozen importlib._bootstrap&gt;", line 1006, in _find_and_load_unlocked
  File "&lt;frozen importlib._bootstrap&gt;", line 688, in _load_unlocked
  File "/home/ali/miniconda3/envs/alphatrans/lib/python3.10/site-packages/_pytest/assertion/rewrite.py", line 178, in exec_module
    exec(co, module.__dict__)
  File "/home/ali/Documents/AlphaTrans/data/recomposed_projects/deepseek-coder-33b-instruct/body/commons-graph/src/main/org/apache/commons/graph/collections/FibonacciHeapNode.py", line 8, in &lt;module&gt;
    class FibonacciHeapNode:
  File "/home/ali/Documents/AlphaTrans/data/recomposed_projects/deepseek-coder-33b-instruct/body/commons-graph/src/main/org/apache/commons/graph/collections/FibonacciHeapNode.py", line 16, in FibonacciHeapNode
    __right: FibonacciHeapNode = self
NameError: name 'self' is not defined</error>
    </testcase>
    <testcase classname="" name="evosuite-test.src.test.org.apache.commons.graph.collections.FibonacciHeap_ESTest" time="0.000">
      <error message="collection failure">Traceback (most recent call last):
  File "/home/ali/miniconda3/envs/alphatrans/lib/python3.10/site-packages/_pytest/runner.py", line 341, in from_call
    result: Optional[TResult] = func()
  File "/home/ali/miniconda3/envs/alphatrans/lib/python3.10/site-packages/_pytest/runner.py", line 389, in collect
    return list(collector.collect())
  File "/home/ali/miniconda3/envs/alphatrans/lib/python3.10/site-packages/_pytest/python.py", line 548, in collect
    self._register_setup_module_fixture()
  File "/home/ali/miniconda3/envs/alphatrans/lib/python3.10/site-packages/_pytest/python.py", line 561, in _register_setup_module_fixture
    self.obj, ("setUpModule", "setup_module")
  File "/home/ali/miniconda3/envs/alphatrans/lib/python3.10/site-packages/_pytest/python.py", line 287, in obj
    self._obj = obj = self._getobj()
  File "/home/ali/miniconda3/envs/alphatrans/lib/python3.10/site-packages/_pytest/python.py", line 545, in _getobj
    return importtestmodule(self.path, self.config)
  File "/home/ali/miniconda3/envs/alphatrans/lib/python3.10/site-packages/_pytest/python.py", line 492, in importtestmodule
    mod = import_path(
  File "/home/ali/miniconda3/envs/alphatrans/lib/python3.10/site-packages/_pytest/pathlib.py", line 591, in import_path
    importlib.import_module(module_name)
  File "/home/ali/miniconda3/envs/alphatrans/lib/python3.10/importlib/__init__.py", line 126, in import_module
    return _bootstrap._gcd_import(name[level:], package, level)
  File "&lt;frozen importlib._bootstrap&gt;", line 1050, in _gcd_import
  File "&lt;frozen importlib._bootstrap&gt;", line 1027, in _find_and_load
  File "&lt;frozen importlib._bootstrap&gt;", line 1006, in _find_and_load_unlocked
  File "&lt;frozen importlib._bootstrap&gt;", line 688, in _load_unlocked
  File "/home/ali/miniconda3/envs/alphatrans/lib/python3.10/site-packages/_pytest/assertion/rewrite.py", line 178, in exec_module
    exec(co, module.__dict__)
  File "/home/ali/Documents/AlphaTrans/data/recomposed_projects/deepseek-coder-33b-instruct/body/commons-graph/evosuite-test/src/test/org/apache/commons/graph/collections/FibonacciHeap_ESTest.py", line 13, in &lt;module&gt;
    from src.main.org.apache.commons.graph.collections.FibonacciHeap import *
  File "&lt;frozen importlib._bootstrap&gt;", line 1027, in _find_and_load
  File "&lt;frozen importlib._bootstrap&gt;", line 1006, in _find_and_load_unlocked
  File "&lt;frozen importlib._bootstrap&gt;", line 688, in _load_unlocked
  File "/home/ali/miniconda3/envs/alphatrans/lib/python3.10/site-packages/_pytest/assertion/rewrite.py", line 178, in exec_module
    exec(co, module.__dict__)
  File "/home/ali/Documents/AlphaTrans/data/recomposed_projects/deepseek-coder-33b-instruct/body/commons-graph/src/main/org/apache/commons/graph/collections/FibonacciHeap.py", line 8, in &lt;module&gt;
    from src.main.org.apache.commons.graph.collections.FibonacciHeapNode import *
  File "&lt;frozen importlib._bootstrap&gt;", line 1027, in _find_and_load
  File "&lt;frozen importlib._bootstrap&gt;", line 1006, in _find_and_load_unlocked
  File "&lt;frozen importlib._bootstrap&gt;", line 688, in _load_unlocked
  File "/home/ali/miniconda3/envs/alphatrans/lib/python3.10/site-packages/_pytest/assertion/rewrite.py", line 178, in exec_module
    exec(co, module.__dict__)
  File "/home/ali/Documents/AlphaTrans/data/recomposed_projects/deepseek-coder-33b-instruct/body/commons-graph/src/main/org/apache/commons/graph/collections/FibonacciHeapNode.py", line 8, in &lt;module&gt;
    class FibonacciHeapNode:
  File "/home/ali/Documents/AlphaTrans/data/recomposed_projects/deepseek-coder-33b-instruct/body/commons-graph/src/main/org/apache/commons/graph/collections/FibonacciHeapNode.py", line 16, in FibonacciHeapNode
    __right: FibonacciHeapNode = self
NameError: name 'self' is not defined</error>
    </testcase>
    <testcase classname="" name="evosuite-test.src.test.org.apache.commons.graph.shortestpath.DefaultHeuristicBuilder_ESTest" time="0.000">
      <error message="collection failure">Traceback (most recent call last):
  File "/home/ali/miniconda3/envs/alphatrans/lib/python3.10/site-packages/_pytest/runner.py", line 341, in from_call
    result: Optional[TResult] = func()
  File "/home/ali/miniconda3/envs/alphatrans/lib/python3.10/site-packages/_pytest/runner.py", line 389, in collect
    return list(collector.collect())
  File "/home/ali/miniconda3/envs/alphatrans/lib/python3.10/site-packages/_pytest/python.py", line 548, in collect
    self._register_setup_module_fixture()
  File "/home/ali/miniconda3/envs/alphatrans/lib/python3.10/site-packages/_pytest/python.py", line 561, in _register_setup_module_fixture
    self.obj, ("setUpModule", "setup_module")
  File "/home/ali/miniconda3/envs/alphatrans/lib/python3.10/site-packages/_pytest/python.py", line 287, in obj
    self._obj = obj = self._getobj()
  File "/home/ali/miniconda3/envs/alphatrans/lib/python3.10/site-packages/_pytest/python.py", line 545, in _getobj
    return importtestmodule(self.path, self.config)
  File "/home/ali/miniconda3/envs/alphatrans/lib/python3.10/site-packages/_pytest/python.py", line 492, in importtestmodule
    mod = import_path(
  File "/home/ali/miniconda3/envs/alphatrans/lib/python3.10/site-packages/_pytest/pathlib.py", line 591, in import_path
    importlib.import_module(module_name)
  File "/home/ali/miniconda3/envs/alphatrans/lib/python3.10/importlib/__init__.py", line 126, in import_module
    return _bootstrap._gcd_import(name[level:], package, level)
  File "&lt;frozen importlib._bootstrap&gt;", line 1050, in _gcd_import
  File "&lt;frozen importlib._bootstrap&gt;", line 1027, in _find_and_load
  File "&lt;frozen importlib._bootstrap&gt;", line 1006, in _find_and_load_unlocked
  File "&lt;frozen importlib._bootstrap&gt;", line 688, in _load_unlocked
  File "/home/ali/miniconda3/envs/alphatrans/lib/python3.10/site-packages/_pytest/assertion/rewrite.py", line 178, in exec_module
    exec(co, module.__dict__)
  File "/home/ali/Documents/AlphaTrans/data/recomposed_projects/deepseek-coder-33b-instruct/body/commons-graph/evosuite-test/src/test/org/apache/commons/graph/shortestpath/DefaultHeuristicBuilder_ESTest.py", line 18, in &lt;module&gt;
    from src.main.org.apache.commons.graph.shortestpath.DefaultHeuristicBuilder import *
  File "&lt;frozen importlib._bootstrap&gt;", line 1027, in _find_and_load
  File "&lt;frozen importlib._bootstrap&gt;", line 1006, in _find_and_load_unlocked
  File "&lt;frozen importlib._bootstrap&gt;", line 688, in _load_unlocked
  File "/home/ali/miniconda3/envs/alphatrans/lib/python3.10/site-packages/_pytest/assertion/rewrite.py", line 178, in exec_module
    exec(co, module.__dict__)
  File "/home/ali/Documents/AlphaTrans/data/recomposed_projects/deepseek-coder-33b-instruct/body/commons-graph/src/main/org/apache/commons/graph/shortestpath/DefaultHeuristicBuilder.py", line 13, in &lt;module&gt;
    from src.main.org.apache.commons.graph.collections.FibonacciHeap import *
  File "&lt;frozen importlib._bootstrap&gt;", line 1027, in _find_and_load
  File "&lt;frozen importlib._bootstrap&gt;", line 1006, in _find_and_load_unlocked
  File "&lt;frozen importlib._bootstrap&gt;", line 688, in _load_unlocked
  File "/home/ali/miniconda3/envs/alphatrans/lib/python3.10/site-packages/_pytest/assertion/rewrite.py", line 178, in exec_module
    exec(co, module.__dict__)
  File "/home/ali/Documents/AlphaTrans/data/recomposed_projects/deepseek-coder-33b-instruct/body/commons-graph/src/main/org/apache/commons/graph/collections/FibonacciHeap.py", line 8, in &lt;module&gt;
    from src.main.org.apache.commons.graph.collections.FibonacciHeapNode import *
  File "&lt;frozen importlib._bootstrap&gt;", line 1027, in _find_and_load
  File "&lt;frozen importlib._bootstrap&gt;", line 1006, in _find_and_load_unlocked
  File "&lt;frozen importlib._bootstrap&gt;", line 688, in _load_unlocked
  File "/home/ali/miniconda3/envs/alphatrans/lib/python3.10/site-packages/_pytest/assertion/rewrite.py", line 178, in exec_module
    exec(co, module.__dict__)
  File "/home/ali/Documents/AlphaTrans/data/recomposed_projects/deepseek-coder-33b-instruct/body/commons-graph/src/main/org/apache/commons/graph/collections/FibonacciHeapNode.py", line 8, in &lt;module&gt;
    class FibonacciHeapNode:
  File "/home/ali/Documents/AlphaTrans/data/recomposed_projects/deepseek-coder-33b-instruct/body/commons-graph/src/main/org/apache/commons/graph/collections/FibonacciHeapNode.py", line 16, in FibonacciHeapNode
    __right: FibonacciHeapNode = self
NameError: name 'self' is not defined</error>
    </testcase>
    <testcase classname="" name="evosuite-test.src.test.org.apache.commons.graph.shortestpath.DefaultPathSourceSelector_ESTest" time="0.000">
      <error message="collection failure">Traceback (most recent call last):
  File "/home/ali/miniconda3/envs/alphatrans/lib/python3.10/site-packages/_pytest/runner.py", line 341, in from_call
    result: Optional[TResult] = func()
  File "/home/ali/miniconda3/envs/alphatrans/lib/python3.10/site-packages/_pytest/runner.py", line 389, in collect
    return list(collector.collect())
  File "/home/ali/miniconda3/envs/alphatrans/lib/python3.10/site-packages/_pytest/python.py", line 548, in collect
    self._register_setup_module_fixture()
  File "/home/ali/miniconda3/envs/alphatrans/lib/python3.10/site-packages/_pytest/python.py", line 561, in _register_setup_module_fixture
    self.obj, ("setUpModule", "setup_module")
  File "/home/ali/miniconda3/envs/alphatrans/lib/python3.10/site-packages/_pytest/python.py", line 287, in obj
    self._obj = obj = self._getobj()
  File "/home/ali/miniconda3/envs/alphatrans/lib/python3.10/site-packages/_pytest/python.py", line 545, in _getobj
    return importtestmodule(self.path, self.config)
  File "/home/ali/miniconda3/envs/alphatrans/lib/python3.10/site-packages/_pytest/python.py", line 492, in importtestmodule
    mod = import_path(
  File "/home/ali/miniconda3/envs/alphatrans/lib/python3.10/site-packages/_pytest/pathlib.py", line 591, in import_path
    importlib.import_module(module_name)
  File "/home/ali/miniconda3/envs/alphatrans/lib/python3.10/importlib/__init__.py", line 126, in import_module
    return _bootstrap._gcd_import(name[level:], package, level)
  File "&lt;frozen importlib._bootstrap&gt;", line 1050, in _gcd_import
  File "&lt;frozen importlib._bootstrap&gt;", line 1027, in _find_and_load
  File "&lt;frozen importlib._bootstrap&gt;", line 1006, in _find_and_load_unlocked
  File "&lt;frozen importlib._bootstrap&gt;", line 688, in _load_unlocked
  File "/home/ali/miniconda3/envs/alphatrans/lib/python3.10/site-packages/_pytest/assertion/rewrite.py", line 178, in exec_module
    exec(co, module.__dict__)
  File "/home/ali/Documents/AlphaTrans/data/recomposed_projects/deepseek-coder-33b-instruct/body/commons-graph/evosuite-test/src/test/org/apache/commons/graph/shortestpath/DefaultPathSourceSelector_ESTest.py", line 19, in &lt;module&gt;
    from src.main.org.apache.commons.graph.shortestpath.DefaultPathSourceSelector import *
  File "&lt;frozen importlib._bootstrap&gt;", line 1027, in _find_and_load
  File "&lt;frozen importlib._bootstrap&gt;", line 1006, in _find_and_load_unlocked
  File "&lt;frozen importlib._bootstrap&gt;", line 688, in _load_unlocked
  File "/home/ali/miniconda3/envs/alphatrans/lib/python3.10/site-packages/_pytest/assertion/rewrite.py", line 178, in exec_module
    exec(co, module.__dict__)
  File "/home/ali/Documents/AlphaTrans/data/recomposed_projects/deepseek-coder-33b-instruct/body/commons-graph/src/main/org/apache/commons/graph/shortestpath/DefaultPathSourceSelector.py", line 13, in &lt;module&gt;
    from src.main.org.apache.commons.graph.shortestpath.DefaultTargetSourceSelector import *
  File "&lt;frozen importlib._bootstrap&gt;", line 1027, in _find_and_load
  File "&lt;frozen importlib._bootstrap&gt;", line 1006, in _find_and_load_unlocked
  File "&lt;frozen importlib._bootstrap&gt;", line 688, in _load_unlocked
  File "/home/ali/miniconda3/envs/alphatrans/lib/python3.10/site-packages/_pytest/assertion/rewrite.py", line 178, in exec_module
    exec(co, module.__dict__)
  File "/home/ali/Documents/AlphaTrans/data/recomposed_projects/deepseek-coder-33b-instruct/body/commons-graph/src/main/org/apache/commons/graph/shortestpath/DefaultTargetSourceSelector.py", line 12, in &lt;module&gt;
    from src.main.org.apache.commons.graph.shortestpath.DefaultShortestPathAlgorithmSelector import *
  File "&lt;frozen importlib._bootstrap&gt;", line 1027, in _find_and_load
  File "&lt;frozen importlib._bootstrap&gt;", line 1006, in _find_and_load_unlocked
  File "&lt;frozen importlib._bootstrap&gt;", line 688, in _load_unlocked
  File "/home/ali/miniconda3/envs/alphatrans/lib/python3.10/site-packages/_pytest/assertion/rewrite.py", line 178, in exec_module
    exec(co, module.__dict__)
  File "/home/ali/Documents/AlphaTrans/data/recomposed_projects/deepseek-coder-33b-instruct/body/commons-graph/src/main/org/apache/commons/graph/shortestpath/DefaultShortestPathAlgorithmSelector.py", line 13, in &lt;module&gt;
    from src.main.org.apache.commons.graph.collections.FibonacciHeap import *
  File "&lt;frozen importlib._bootstrap&gt;", line 1027, in _find_and_load
  File "&lt;frozen importlib._bootstrap&gt;", line 1006, in _find_and_load_unlocked
  File "&lt;frozen importlib._bootstrap&gt;", line 688, in _load_unlocked
  File "/home/ali/miniconda3/envs/alphatrans/lib/python3.10/site-packages/_pytest/assertion/rewrite.py", line 178, in exec_module
    exec(co, module.__dict__)
  File "/home/ali/Documents/AlphaTrans/data/recomposed_projects/deepseek-coder-33b-instruct/body/commons-graph/src/main/org/apache/commons/graph/collections/FibonacciHeap.py", line 8, in &lt;module&gt;
    from src.main.org.apache.commons.graph.collections.FibonacciHeapNode import *
  File "&lt;frozen importlib._bootstrap&gt;", line 1027, in _find_and_load
  File "&lt;frozen importlib._bootstrap&gt;", line 1006, in _find_and_load_unlocked
  File "&lt;frozen importlib._bootstrap&gt;", line 688, in _load_unlocked
  File "/home/ali/miniconda3/envs/alphatrans/lib/python3.10/site-packages/_pytest/assertion/rewrite.py", line 178, in exec_module
    exec(co, module.__dict__)
  File "/home/ali/Documents/AlphaTrans/data/recomposed_projects/deepseek-coder-33b-instruct/body/commons-graph/src/main/org/apache/commons/graph/collections/FibonacciHeapNode.py", line 8, in &lt;module&gt;
    class FibonacciHeapNode:
  File "/home/ali/Documents/AlphaTrans/data/recomposed_projects/deepseek-coder-33b-instruct/body/commons-graph/src/main/org/apache/commons/graph/collections/FibonacciHeapNode.py", line 16, in FibonacciHeapNode
    __right: FibonacciHeapNode = self
NameError: name 'self' is not defined</error>
    </testcase>
    <testcase classname="" name="evosuite-test.src.test.org.apache.commons.graph.shortestpath.DefaultShortestPathAlgorithmSelector_ESTest" time="0.000">
      <error message="collection failure">Traceback (most recent call last):
  File "/home/ali/miniconda3/envs/alphatrans/lib/python3.10/site-packages/_pytest/runner.py", line 341, in from_call
    result: Optional[TResult] = func()
  File "/home/ali/miniconda3/envs/alphatrans/lib/python3.10/site-packages/_pytest/runner.py", line 389, in collect
    return list(collector.collect())
  File "/home/ali/miniconda3/envs/alphatrans/lib/python3.10/site-packages/_pytest/python.py", line 548, in collect
    self._register_setup_module_fixture()
  File "/home/ali/miniconda3/envs/alphatrans/lib/python3.10/site-packages/_pytest/python.py", line 561, in _register_setup_module_fixture
    self.obj, ("setUpModule", "setup_module")
  File "/home/ali/miniconda3/envs/alphatrans/lib/python3.10/site-packages/_pytest/python.py", line 287, in obj
    self._obj = obj = self._getobj()
  File "/home/ali/miniconda3/envs/alphatrans/lib/python3.10/site-packages/_pytest/python.py", line 545, in _getobj
    return importtestmodule(self.path, self.config)
  File "/home/ali/miniconda3/envs/alphatrans/lib/python3.10/site-packages/_pytest/python.py", line 492, in importtestmodule
    mod = import_path(
  File "/home/ali/miniconda3/envs/alphatrans/lib/python3.10/site-packages/_pytest/pathlib.py", line 591, in import_path
    importlib.import_module(module_name)
  File "/home/ali/miniconda3/envs/alphatrans/lib/python3.10/importlib/__init__.py", line 126, in import_module
    return _bootstrap._gcd_import(name[level:], package, level)
  File "&lt;frozen importlib._bootstrap&gt;", line 1050, in _gcd_import
  File "&lt;frozen importlib._bootstrap&gt;", line 1027, in _find_and_load
  File "&lt;frozen importlib._bootstrap&gt;", line 1006, in _find_and_load_unlocked
  File "&lt;frozen importlib._bootstrap&gt;", line 688, in _load_unlocked
  File "/home/ali/miniconda3/envs/alphatrans/lib/python3.10/site-packages/_pytest/assertion/rewrite.py", line 178, in exec_module
    exec(co, module.__dict__)
  File "/home/ali/Documents/AlphaTrans/data/recomposed_projects/deepseek-coder-33b-instruct/body/commons-graph/evosuite-test/src/test/org/apache/commons/graph/shortestpath/DefaultShortestPathAlgorithmSelector_ESTest.py", line 19, in &lt;module&gt;
    from src.main.org.apache.commons.graph.shortestpath.DefaultShortestPathAlgorithmSelector import *
  File "&lt;frozen importlib._bootstrap&gt;", line 1027, in _find_and_load
  File "&lt;frozen importlib._bootstrap&gt;", line 1006, in _find_and_load_unlocked
  File "&lt;frozen importlib._bootstrap&gt;", line 688, in _load_unlocked
  File "/home/ali/miniconda3/envs/alphatrans/lib/python3.10/site-packages/_pytest/assertion/rewrite.py", line 178, in exec_module
    exec(co, module.__dict__)
  File "/home/ali/Documents/AlphaTrans/data/recomposed_projects/deepseek-coder-33b-instruct/body/commons-graph/src/main/org/apache/commons/graph/shortestpath/DefaultShortestPathAlgorithmSelector.py", line 13, in &lt;module&gt;
    from src.main.org.apache.commons.graph.collections.FibonacciHeap import *
  File "&lt;frozen importlib._bootstrap&gt;", line 1027, in _find_and_load
  File "&lt;frozen importlib._bootstrap&gt;", line 1006, in _find_and_load_unlocked
  File "&lt;frozen importlib._bootstrap&gt;", line 688, in _load_unlocked
  File "/home/ali/miniconda3/envs/alphatrans/lib/python3.10/site-packages/_pytest/assertion/rewrite.py", line 178, in exec_module
    exec(co, module.__dict__)
  File "/home/ali/Documents/AlphaTrans/data/recomposed_projects/deepseek-coder-33b-instruct/body/commons-graph/src/main/org/apache/commons/graph/collections/FibonacciHeap.py", line 8, in &lt;module&gt;
    from src.main.org.apache.commons.graph.collections.FibonacciHeapNode import *
  File "&lt;frozen importlib._bootstrap&gt;", line 1027, in _find_and_load
  File "&lt;frozen importlib._bootstrap&gt;", line 1006, in _find_and_load_unlocked
  File "&lt;frozen importlib._bootstrap&gt;", line 688, in _load_unlocked
  File "/home/ali/miniconda3/envs/alphatrans/lib/python3.10/site-packages/_pytest/assertion/rewrite.py", line 178, in exec_module
    exec(co, module.__dict__)
  File "/home/ali/Documents/AlphaTrans/data/recomposed_projects/deepseek-coder-33b-instruct/body/commons-graph/src/main/org/apache/commons/graph/collections/FibonacciHeapNode.py", line 8, in &lt;module&gt;
    class FibonacciHeapNode:
  File "/home/ali/Documents/AlphaTrans/data/recomposed_projects/deepseek-coder-33b-instruct/body/commons-graph/src/main/org/apache/commons/graph/collections/FibonacciHeapNode.py", line 16, in FibonacciHeapNode
    __right: FibonacciHeapNode = self
NameError: name 'self' is not defined</error>
    </testcase>
    <testcase classname="" name="evosuite-test.src.test.org.apache.commons.graph.shortestpath.DefaultTargetSourceSelector_ESTest" time="0.000">
      <error message="collection failure">Traceback (most recent call last):
  File "/home/ali/miniconda3/envs/alphatrans/lib/python3.10/site-packages/_pytest/runner.py", line 341, in from_call
    result: Optional[TResult] = func()
  File "/home/ali/miniconda3/envs/alphatrans/lib/python3.10/site-packages/_pytest/runner.py", line 389, in collect
    return list(collector.collect())
  File "/home/ali/miniconda3/envs/alphatrans/lib/python3.10/site-packages/_pytest/python.py", line 548, in collect
    self._register_setup_module_fixture()
  File "/home/ali/miniconda3/envs/alphatrans/lib/python3.10/site-packages/_pytest/python.py", line 561, in _register_setup_module_fixture
    self.obj, ("setUpModule", "setup_module")
  File "/home/ali/miniconda3/envs/alphatrans/lib/python3.10/site-packages/_pytest/python.py", line 287, in obj
    self._obj = obj = self._getobj()
  File "/home/ali/miniconda3/envs/alphatrans/lib/python3.10/site-packages/_pytest/python.py", line 545, in _getobj
    return importtestmodule(self.path, self.config)
  File "/home/ali/miniconda3/envs/alphatrans/lib/python3.10/site-packages/_pytest/python.py", line 492, in importtestmodule
    mod = import_path(
  File "/home/ali/miniconda3/envs/alphatrans/lib/python3.10/site-packages/_pytest/pathlib.py", line 591, in import_path
    importlib.import_module(module_name)
  File "/home/ali/miniconda3/envs/alphatrans/lib/python3.10/importlib/__init__.py", line 126, in import_module
    return _bootstrap._gcd_import(name[level:], package, level)
  File "&lt;frozen importlib._bootstrap&gt;", line 1050, in _gcd_import
  File "&lt;frozen importlib._bootstrap&gt;", line 1027, in _find_and_load
  File "&lt;frozen importlib._bootstrap&gt;", line 1006, in _find_and_load_unlocked
  File "&lt;frozen importlib._bootstrap&gt;", line 688, in _load_unlocked
  File "/home/ali/miniconda3/envs/alphatrans/lib/python3.10/site-packages/_pytest/assertion/rewrite.py", line 178, in exec_module
    exec(co, module.__dict__)
  File "/home/ali/Documents/AlphaTrans/data/recomposed_projects/deepseek-coder-33b-instruct/body/commons-graph/evosuite-test/src/test/org/apache/commons/graph/shortestpath/DefaultTargetSourceSelector_ESTest.py", line 15, in &lt;module&gt;
    from src.main.org.apache.commons.graph.shortestpath.DefaultTargetSourceSelector import *
  File "&lt;frozen importlib._bootstrap&gt;", line 1027, in _find_and_load
  File "&lt;frozen importlib._bootstrap&gt;", line 1006, in _find_and_load_unlocked
  File "&lt;frozen importlib._bootstrap&gt;", line 688, in _load_unlocked
  File "/home/ali/miniconda3/envs/alphatrans/lib/python3.10/site-packages/_pytest/assertion/rewrite.py", line 178, in exec_module
    exec(co, module.__dict__)
  File "/home/ali/Documents/AlphaTrans/data/recomposed_projects/deepseek-coder-33b-instruct/body/commons-graph/src/main/org/apache/commons/graph/shortestpath/DefaultTargetSourceSelector.py", line 12, in &lt;module&gt;
    from src.main.org.apache.commons.graph.shortestpath.DefaultShortestPathAlgorithmSelector import *
  File "&lt;frozen importlib._bootstrap&gt;", line 1027, in _find_and_load
  File "&lt;frozen importlib._bootstrap&gt;", line 1006, in _find_and_load_unlocked
  File "&lt;frozen importlib._bootstrap&gt;", line 688, in _load_unlocked
  File "/home/ali/miniconda3/envs/alphatrans/lib/python3.10/site-packages/_pytest/assertion/rewrite.py", line 178, in exec_module
    exec(co, module.__dict__)
  File "/home/ali/Documents/AlphaTrans/data/recomposed_projects/deepseek-coder-33b-instruct/body/commons-graph/src/main/org/apache/commons/graph/shortestpath/DefaultShortestPathAlgorithmSelector.py", line 13, in &lt;module&gt;
    from src.main.org.apache.commons.graph.collections.FibonacciHeap import *
  File "&lt;frozen importlib._bootstrap&gt;", line 1027, in _find_and_load
  File "&lt;frozen importlib._bootstrap&gt;", line 1006, in _find_and_load_unlocked
  File "&lt;frozen importlib._bootstrap&gt;", line 688, in _load_unlocked
  File "/home/ali/miniconda3/envs/alphatrans/lib/python3.10/site-packages/_pytest/assertion/rewrite.py", line 178, in exec_module
    exec(co, module.__dict__)
  File "/home/ali/Documents/AlphaTrans/data/recomposed_projects/deepseek-coder-33b-instruct/body/commons-graph/src/main/org/apache/commons/graph/collections/FibonacciHeap.py", line 8, in &lt;module&gt;
    from src.main.org.apache.commons.graph.collections.FibonacciHeapNode import *
  File "&lt;frozen importlib._bootstrap&gt;", line 1027, in _find_and_load
  File "&lt;frozen importlib._bootstrap&gt;", line 1006, in _find_and_load_unlocked
  File "&lt;frozen importlib._bootstrap&gt;", line 688, in _load_unlocked
  File "/home/ali/miniconda3/envs/alphatrans/lib/python3.10/site-packages/_pytest/assertion/rewrite.py", line 178, in exec_module
    exec(co, module.__dict__)
  File "/home/ali/Documents/AlphaTrans/data/recomposed_projects/deepseek-coder-33b-instruct/body/commons-graph/src/main/org/apache/commons/graph/collections/FibonacciHeapNode.py", line 8, in &lt;module&gt;
    class FibonacciHeapNode:
  File "/home/ali/Documents/AlphaTrans/data/recomposed_projects/deepseek-coder-33b-instruct/body/commons-graph/src/main/org/apache/commons/graph/collections/FibonacciHeapNode.py", line 16, in FibonacciHeapNode
    __right: FibonacciHeapNode = self
NameError: name 'self' is not defined</error>
    </testcase>
    <testcase classname="" name="evosuite-test.src.test.org.apache.commons.graph.shortestpath.DefaultWeightedEdgesSelector_ESTest" time="0.000">
      <error message="collection failure">Traceback (most recent call last):
  File "/home/ali/miniconda3/envs/alphatrans/lib/python3.10/site-packages/_pytest/runner.py", line 341, in from_call
    result: Optional[TResult] = func()
  File "/home/ali/miniconda3/envs/alphatrans/lib/python3.10/site-packages/_pytest/runner.py", line 389, in collect
    return list(collector.collect())
  File "/home/ali/miniconda3/envs/alphatrans/lib/python3.10/site-packages/_pytest/python.py", line 548, in collect
    self._register_setup_module_fixture()
  File "/home/ali/miniconda3/envs/alphatrans/lib/python3.10/site-packages/_pytest/python.py", line 561, in _register_setup_module_fixture
    self.obj, ("setUpModule", "setup_module")
  File "/home/ali/miniconda3/envs/alphatrans/lib/python3.10/site-packages/_pytest/python.py", line 287, in obj
    self._obj = obj = self._getobj()
  File "/home/ali/miniconda3/envs/alphatrans/lib/python3.10/site-packages/_pytest/python.py", line 545, in _getobj
    return importtestmodule(self.path, self.config)
  File "/home/ali/miniconda3/envs/alphatrans/lib/python3.10/site-packages/_pytest/python.py", line 492, in importtestmodule
    mod = import_path(
  File "/home/ali/miniconda3/envs/alphatrans/lib/python3.10/site-packages/_pytest/pathlib.py", line 591, in import_path
    importlib.import_module(module_name)
  File "/home/ali/miniconda3/envs/alphatrans/lib/python3.10/importlib/__init__.py", line 126, in import_module
    return _bootstrap._gcd_import(name[level:], package, level)
  File "&lt;frozen importlib._bootstrap&gt;", line 1050, in _gcd_import
  File "&lt;frozen importlib._bootstrap&gt;", line 1027, in _find_and_load
  File "&lt;frozen importlib._bootstrap&gt;", line 1006, in _find_and_load_unlocked
  File "&lt;frozen importlib._bootstrap&gt;", line 688, in _load_unlocked
  File "/home/ali/miniconda3/envs/alphatrans/lib/python3.10/site-packages/_pytest/assertion/rewrite.py", line 178, in exec_module
    exec(co, module.__dict__)
  File "/home/ali/Documents/AlphaTrans/data/recomposed_projects/deepseek-coder-33b-instruct/body/commons-graph/evosuite-test/src/test/org/apache/commons/graph/shortestpath/DefaultWeightedEdgesSelector_ESTest.py", line 15, in &lt;module&gt;
    from src.main.org.apache.commons.graph.shortestpath.DefaultWeightedEdgesSelector import *
  File "&lt;frozen importlib._bootstrap&gt;", line 1027, in _find_and_load
  File "&lt;frozen importlib._bootstrap&gt;", line 1006, in _find_and_load_unlocked
  File "&lt;frozen importlib._bootstrap&gt;", line 688, in _load_unlocked
  File "/home/ali/miniconda3/envs/alphatrans/lib/python3.10/site-packages/_pytest/assertion/rewrite.py", line 178, in exec_module
    exec(co, module.__dict__)
  File "/home/ali/Documents/AlphaTrans/data/recomposed_projects/deepseek-coder-33b-instruct/body/commons-graph/src/main/org/apache/commons/graph/shortestpath/DefaultWeightedEdgesSelector.py", line 9, in &lt;module&gt;
    from src.main.org.apache.commons.graph.shortestpath.DefaultPathSourceSelector import *
  File "&lt;frozen importlib._bootstrap&gt;", line 1027, in _find_and_load
  File "&lt;frozen importlib._bootstrap&gt;", line 1006, in _find_and_load_unlocked
  File "&lt;frozen importlib._bootstrap&gt;", line 688, in _load_unlocked
  File "/home/ali/miniconda3/envs/alphatrans/lib/python3.10/site-packages/_pytest/assertion/rewrite.py", line 178, in exec_module
    exec(co, module.__dict__)
  File "/home/ali/Documents/AlphaTrans/data/recomposed_projects/deepseek-coder-33b-instruct/body/commons-graph/src/main/org/apache/commons/graph/shortestpath/DefaultPathSourceSelector.py", line 13, in &lt;module&gt;
    from src.main.org.apache.commons.graph.shortestpath.DefaultTargetSourceSelector import *
  File "&lt;frozen importlib._bootstrap&gt;", line 1027, in _find_and_load
  File "&lt;frozen importlib._bootstrap&gt;", line 1006, in _find_and_load_unlocked
  File "&lt;frozen importlib._bootstrap&gt;", line 688, in _load_unlocked
  File "/home/ali/miniconda3/envs/alphatrans/lib/python3.10/site-packages/_pytest/assertion/rewrite.py", line 178, in exec_module
    exec(co, module.__dict__)
  File "/home/ali/Documents/AlphaTrans/data/recomposed_projects/deepseek-coder-33b-instruct/body/commons-graph/src/main/org/apache/commons/graph/shortestpath/DefaultTargetSourceSelector.py", line 12, in &lt;module&gt;
    from src.main.org.apache.commons.graph.shortestpath.DefaultShortestPathAlgorithmSelector import *
  File "&lt;frozen importlib._bootstrap&gt;", line 1027, in _find_and_load
  File "&lt;frozen importlib._bootstrap&gt;", line 1006, in _find_and_load_unlocked
  File "&lt;frozen importlib._bootstrap&gt;", line 688, in _load_unlocked
  File "/home/ali/miniconda3/envs/alphatrans/lib/python3.10/site-packages/_pytest/assertion/rewrite.py", line 178, in exec_module
    exec(co, module.__dict__)
  File "/home/ali/Documents/AlphaTrans/data/recomposed_projects/deepseek-coder-33b-instruct/body/commons-graph/src/main/org/apache/commons/graph/shortestpath/DefaultShortestPathAlgorithmSelector.py", line 13, in &lt;module&gt;
    from src.main.org.apache.commons.graph.collections.FibonacciHeap import *
  File "&lt;frozen importlib._bootstrap&gt;", line 1027, in _find_and_load
  File "&lt;frozen importlib._bootstrap&gt;", line 1006, in _find_and_load_unlocked
  File "&lt;frozen importlib._bootstrap&gt;", line 688, in _load_unlocked
  File "/home/ali/miniconda3/envs/alphatrans/lib/python3.10/site-packages/_pytest/assertion/rewrite.py", line 178, in exec_module
    exec(co, module.__dict__)
  File "/home/ali/Documents/AlphaTrans/data/recomposed_projects/deepseek-coder-33b-instruct/body/commons-graph/src/main/org/apache/commons/graph/collections/FibonacciHeap.py", line 8, in &lt;module&gt;
    from src.main.org.apache.commons.graph.collections.FibonacciHeapNode import *
  File "&lt;frozen importlib._bootstrap&gt;", line 1027, in _find_and_load
  File "&lt;frozen importlib._bootstrap&gt;", line 1006, in _find_and_load_unlocked
  File "&lt;frozen importlib._bootstrap&gt;", line 688, in _load_unlocked
  File "/home/ali/miniconda3/envs/alphatrans/lib/python3.10/site-packages/_pytest/assertion/rewrite.py", line 178, in exec_module
    exec(co, module.__dict__)
  File "/home/ali/Documents/AlphaTrans/data/recomposed_projects/deepseek-coder-33b-instruct/body/commons-graph/src/main/org/apache/commons/graph/collections/FibonacciHeapNode.py", line 8, in &lt;module&gt;
    class FibonacciHeapNode:
  File "/home/ali/Documents/AlphaTrans/data/recomposed_projects/deepseek-coder-33b-instruct/body/commons-graph/src/main/org/apache/commons/graph/collections/FibonacciHeapNode.py", line 16, in FibonacciHeapNode
    __right: FibonacciHeapNode = self
NameError: name 'self' is not defined</error>
    </testcase>
    <testcase classname="" name="evosuite-test.src.test.org.apache.commons.graph.spanning.DefaultSpanningTreeAlgorithmSelector_ESTest" time="0.000">
      <error message="collection failure">Traceback (most recent call last):
  File "/home/ali/miniconda3/envs/alphatrans/lib/python3.10/site-packages/_pytest/runner.py", line 341, in from_call
    result: Optional[TResult] = func()
  File "/home/ali/miniconda3/envs/alphatrans/lib/python3.10/site-packages/_pytest/runner.py", line 389, in collect
    return list(collector.collect())
  File "/home/ali/miniconda3/envs/alphatrans/lib/python3.10/site-packages/_pytest/python.py", line 548, in collect
    self._register_setup_module_fixture()
  File "/home/ali/miniconda3/envs/alphatrans/lib/python3.10/site-packages/_pytest/python.py", line 561, in _register_setup_module_fixture
    self.obj, ("setUpModule", "setup_module")
  File "/home/ali/miniconda3/envs/alphatrans/lib/python3.10/site-packages/_pytest/python.py", line 287, in obj
    self._obj = obj = self._getobj()
  File "/home/ali/miniconda3/envs/alphatrans/lib/python3.10/site-packages/_pytest/python.py", line 545, in _getobj
    return importtestmodule(self.path, self.config)
  File "/home/ali/miniconda3/envs/alphatrans/lib/python3.10/site-packages/_pytest/python.py", line 492, in importtestmodule
    mod = import_path(
  File "/home/ali/miniconda3/envs/alphatrans/lib/python3.10/site-packages/_pytest/pathlib.py", line 591, in import_path
    importlib.import_module(module_name)
  File "/home/ali/miniconda3/envs/alphatrans/lib/python3.10/importlib/__init__.py", line 126, in import_module
    return _bootstrap._gcd_import(name[level:], package, level)
  File "&lt;frozen importlib._bootstrap&gt;", line 1050, in _gcd_import
  File "&lt;frozen importlib._bootstrap&gt;", line 1027, in _find_and_load
  File "&lt;frozen importlib._bootstrap&gt;", line 1006, in _find_and_load_unlocked
  File "&lt;frozen importlib._bootstrap&gt;", line 688, in _load_unlocked
  File "/home/ali/miniconda3/envs/alphatrans/lib/python3.10/site-packages/_pytest/assertion/rewrite.py", line 178, in exec_module
    exec(co, module.__dict__)
  File "/home/ali/Documents/AlphaTrans/data/recomposed_projects/deepseek-coder-33b-instruct/body/commons-graph/evosuite-test/src/test/org/apache/commons/graph/spanning/DefaultSpanningTreeAlgorithmSelector_ESTest.py", line 23, in &lt;module&gt;
    from src.main.org.apache.commons.graph.spanning.DefaultSpanningTreeAlgorithmSelector import *
  File "&lt;frozen importlib._bootstrap&gt;", line 1027, in _find_and_load
  File "&lt;frozen importlib._bootstrap&gt;", line 1006, in _find_and_load_unlocked
  File "&lt;frozen importlib._bootstrap&gt;", line 688, in _load_unlocked
  File "/home/ali/miniconda3/envs/alphatrans/lib/python3.10/site-packages/_pytest/assertion/rewrite.py", line 178, in exec_module
    exec(co, module.__dict__)
  File "/home/ali/Documents/AlphaTrans/data/recomposed_projects/deepseek-coder-33b-instruct/body/commons-graph/src/main/org/apache/commons/graph/spanning/DefaultSpanningTreeAlgorithmSelector.py", line 11, in &lt;module&gt;
    from src.main.org.apache.commons.graph.collections.DisjointSet import *
  File "&lt;frozen importlib._bootstrap&gt;", line 1027, in _find_and_load
  File "&lt;frozen importlib._bootstrap&gt;", line 1006, in _find_and_load_unlocked
  File "&lt;frozen importlib._bootstrap&gt;", line 688, in _load_unlocked
  File "/home/ali/miniconda3/envs/alphatrans/lib/python3.10/site-packages/_pytest/assertion/rewrite.py", line 178, in exec_module
    exec(co, module.__dict__)
  File "/home/ali/Documents/AlphaTrans/data/recomposed_projects/deepseek-coder-33b-instruct/body/commons-graph/src/main/org/apache/commons/graph/collections/DisjointSet.py", line 7, in &lt;module&gt;
    from src.main.org.apache.commons.graph.collections.DisjointSetNode import *
  File "&lt;frozen importlib._bootstrap&gt;", line 1027, in _find_and_load
  File "&lt;frozen importlib._bootstrap&gt;", line 1006, in _find_and_load_unlocked
  File "&lt;frozen importlib._bootstrap&gt;", line 688, in _load_unlocked
  File "/home/ali/miniconda3/envs/alphatrans/lib/python3.10/site-packages/_pytest/assertion/rewrite.py", line 178, in exec_module
    exec(co, module.__dict__)
  File "/home/ali/Documents/AlphaTrans/data/recomposed_projects/deepseek-coder-33b-instruct/body/commons-graph/src/main/org/apache/commons/graph/collections/DisjointSetNode.py", line 8, in &lt;module&gt;
    class DisjointSetNode:
  File "/home/ali/Documents/AlphaTrans/data/recomposed_projects/deepseek-coder-33b-instruct/body/commons-graph/src/main/org/apache/commons/graph/collections/DisjointSetNode.py", line 11, in DisjointSetNode
    __parent: DisjointSetNode = self
NameError: name 'self' is not defined</error>
    </testcase>
    <testcase classname="" name="evosuite-test.src.test.org.apache.commons.graph.spanning.DefaultSpanningTreeSourceSelector_ESTest" time="0.000">
      <error message="collection failure">Traceback (most recent call last):
  File "/home/ali/miniconda3/envs/alphatrans/lib/python3.10/site-packages/_pytest/runner.py", line 341, in from_call
    result: Optional[TResult] = func()
  File "/home/ali/miniconda3/envs/alphatrans/lib/python3.10/site-packages/_pytest/runner.py", line 389, in collect
    return list(collector.collect())
  File "/home/ali/miniconda3/envs/alphatrans/lib/python3.10/site-packages/_pytest/python.py", line 548, in collect
    self._register_setup_module_fixture()
  File "/home/ali/miniconda3/envs/alphatrans/lib/python3.10/site-packages/_pytest/python.py", line 561, in _register_setup_module_fixture
    self.obj, ("setUpModule", "setup_module")
  File "/home/ali/miniconda3/envs/alphatrans/lib/python3.10/site-packages/_pytest/python.py", line 287, in obj
    self._obj = obj = self._getobj()
  File "/home/ali/miniconda3/envs/alphatrans/lib/python3.10/site-packages/_pytest/python.py", line 545, in _getobj
    return importtestmodule(self.path, self.config)
  File "/home/ali/miniconda3/envs/alphatrans/lib/python3.10/site-packages/_pytest/python.py", line 492, in importtestmodule
    mod = import_path(
  File "/home/ali/miniconda3/envs/alphatrans/lib/python3.10/site-packages/_pytest/pathlib.py", line 591, in import_path
    importlib.import_module(module_name)
  File "/home/ali/miniconda3/envs/alphatrans/lib/python3.10/importlib/__init__.py", line 126, in import_module
    return _bootstrap._gcd_import(name[level:], package, level)
  File "&lt;frozen importlib._bootstrap&gt;", line 1050, in _gcd_import
  File "&lt;frozen importlib._bootstrap&gt;", line 1027, in _find_and_load
  File "&lt;frozen importlib._bootstrap&gt;", line 1006, in _find_and_load_unlocked
  File "&lt;frozen importlib._bootstrap&gt;", line 688, in _load_unlocked
  File "/home/ali/miniconda3/envs/alphatrans/lib/python3.10/site-packages/_pytest/assertion/rewrite.py", line 178, in exec_module
    exec(co, module.__dict__)
  File "/home/ali/Documents/AlphaTrans/data/recomposed_projects/deepseek-coder-33b-instruct/body/commons-graph/evosuite-test/src/test/org/apache/commons/graph/spanning/DefaultSpanningTreeSourceSelector_ESTest.py", line 19, in &lt;module&gt;
    from src.main.org.apache.commons.graph.spanning.DefaultSpanningTreeSourceSelector import *
  File "&lt;frozen importlib._bootstrap&gt;", line 1027, in _find_and_load
  File "&lt;frozen importlib._bootstrap&gt;", line 1006, in _find_and_load_unlocked
  File "&lt;frozen importlib._bootstrap&gt;", line 688, in _load_unlocked
  File "/home/ali/miniconda3/envs/alphatrans/lib/python3.10/site-packages/_pytest/assertion/rewrite.py", line 178, in exec_module
    exec(co, module.__dict__)
  File "/home/ali/Documents/AlphaTrans/data/recomposed_projects/deepseek-coder-33b-instruct/body/commons-graph/src/main/org/apache/commons/graph/spanning/DefaultSpanningTreeSourceSelector.py", line 7, in &lt;module&gt;
    from src.main.org.apache.commons.graph.CommonsGraph import *
  File "&lt;frozen importlib._bootstrap&gt;", line 1027, in _find_and_load
  File "&lt;frozen importlib._bootstrap&gt;", line 1006, in _find_and_load_unlocked
  File "&lt;frozen importlib._bootstrap&gt;", line 688, in _load_unlocked
  File "/home/ali/miniconda3/envs/alphatrans/lib/python3.10/site-packages/_pytest/assertion/rewrite.py", line 178, in exec_module
    exec(co, module.__dict__)
  File "/home/ali/Documents/AlphaTrans/data/recomposed_projects/deepseek-coder-33b-instruct/body/commons-graph/src/main/org/apache/commons/graph/CommonsGraph.py", line 34, in &lt;module&gt;
    from src.main.org.apache.commons.graph.shortestpath.DefaultWeightedEdgesSelector import *
  File "&lt;frozen importlib._bootstrap&gt;", line 1027, in _find_and_load
  File "&lt;frozen importlib._bootstrap&gt;", line 1006, in _find_and_load_unlocked
  File "&lt;frozen importlib._bootstrap&gt;", line 688, in _load_unlocked
  File "/home/ali/miniconda3/envs/alphatrans/lib/python3.10/site-packages/_pytest/assertion/rewrite.py", line 178, in exec_module
    exec(co, module.__dict__)
  File "/home/ali/Documents/AlphaTrans/data/recomposed_projects/deepseek-coder-33b-instruct/body/commons-graph/src/main/org/apache/commons/graph/shortestpath/DefaultWeightedEdgesSelector.py", line 9, in &lt;module&gt;
    from src.main.org.apache.commons.graph.shortestpath.DefaultPathSourceSelector import *
  File "&lt;frozen importlib._bootstrap&gt;", line 1027, in _find_and_load
  File "&lt;frozen importlib._bootstrap&gt;", line 1006, in _find_and_load_unlocked
  File "&lt;frozen importlib._bootstrap&gt;", line 688, in _load_unlocked
  File "/home/ali/miniconda3/envs/alphatrans/lib/python3.10/site-packages/_pytest/assertion/rewrite.py", line 178, in exec_module
    exec(co, module.__dict__)
  File "/home/ali/Documents/AlphaTrans/data/recomposed_projects/deepseek-coder-33b-instruct/body/commons-graph/src/main/org/apache/commons/graph/shortestpath/DefaultPathSourceSelector.py", line 13, in &lt;module&gt;
    from src.main.org.apache.commons.graph.shortestpath.DefaultTargetSourceSelector import *
  File "&lt;frozen importlib._bootstrap&gt;", line 1027, in _find_and_load
  File "&lt;frozen importlib._bootstrap&gt;", line 1006, in _find_and_load_unlocked
  File "&lt;frozen importlib._bootstrap&gt;", line 688, in _load_unlocked
  File "/home/ali/miniconda3/envs/alphatrans/lib/python3.10/site-packages/_pytest/assertion/rewrite.py", line 178, in exec_module
    exec(co, module.__dict__)
  File "/home/ali/Documents/AlphaTrans/data/recomposed_projects/deepseek-coder-33b-instruct/body/commons-graph/src/main/org/apache/commons/graph/shortestpath/DefaultTargetSourceSelector.py", line 12, in &lt;module&gt;
    from src.main.org.apache.commons.graph.shortestpath.DefaultShortestPathAlgorithmSelector import *
  File "&lt;frozen importlib._bootstrap&gt;", line 1027, in _find_and_load
  File "&lt;frozen importlib._bootstrap&gt;", line 1006, in _find_and_load_unlocked
  File "&lt;frozen importlib._bootstrap&gt;", line 688, in _load_unlocked
  File "/home/ali/miniconda3/envs/alphatrans/lib/python3.10/site-packages/_pytest/assertion/rewrite.py", line 178, in exec_module
    exec(co, module.__dict__)
  File "/home/ali/Documents/AlphaTrans/data/recomposed_projects/deepseek-coder-33b-instruct/body/commons-graph/src/main/org/apache/commons/graph/shortestpath/DefaultShortestPathAlgorithmSelector.py", line 13, in &lt;module&gt;
    from src.main.org.apache.commons.graph.collections.FibonacciHeap import *
  File "&lt;frozen importlib._bootstrap&gt;", line 1027, in _find_and_load
  File "&lt;frozen importlib._bootstrap&gt;", line 1006, in _find_and_load_unlocked
  File "&lt;frozen importlib._bootstrap&gt;", line 688, in _load_unlocked
  File "/home/ali/miniconda3/envs/alphatrans/lib/python3.10/site-packages/_pytest/assertion/rewrite.py", line 178, in exec_module
    exec(co, module.__dict__)
  File "/home/ali/Documents/AlphaTrans/data/recomposed_projects/deepseek-coder-33b-instruct/body/commons-graph/src/main/org/apache/commons/graph/collections/FibonacciHeap.py", line 8, in &lt;module&gt;
    from src.main.org.apache.commons.graph.collections.FibonacciHeapNode import *
  File "&lt;frozen importlib._bootstrap&gt;", line 1027, in _find_and_load
  File "&lt;frozen importlib._bootstrap&gt;", line 1006, in _find_and_load_unlocked
  File "&lt;frozen importlib._bootstrap&gt;", line 688, in _load_unlocked
  File "/home/ali/miniconda3/envs/alphatrans/lib/python3.10/site-packages/_pytest/assertion/rewrite.py", line 178, in exec_module
    exec(co, module.__dict__)
  File "/home/ali/Documents/AlphaTrans/data/recomposed_projects/deepseek-coder-33b-instruct/body/commons-graph/src/main/org/apache/commons/graph/collections/FibonacciHeapNode.py", line 8, in &lt;module&gt;
    class FibonacciHeapNode:
  File "/home/ali/Documents/AlphaTrans/data/recomposed_projects/deepseek-coder-33b-instruct/body/commons-graph/src/main/org/apache/commons/graph/collections/FibonacciHeapNode.py", line 16, in FibonacciHeapNode
    __right: FibonacciHeapNode = self
NameError: name 'self' is not defined</error>
    </testcase>
    <testcase classname="" name="evosuite-test.src.test.org.apache.commons.graph.spanning.DefaultSpanningWeightedEdgeMapperBuilder_ESTest" time="0.000">
      <error message="collection failure">Traceback (most recent call last):
  File "/home/ali/miniconda3/envs/alphatrans/lib/python3.10/site-packages/_pytest/runner.py", line 341, in from_call
    result: Optional[TResult] = func()
  File "/home/ali/miniconda3/envs/alphatrans/lib/python3.10/site-packages/_pytest/runner.py", line 389, in collect
    return list(collector.collect())
  File "/home/ali/miniconda3/envs/alphatrans/lib/python3.10/site-packages/_pytest/python.py", line 548, in collect
    self._register_setup_module_fixture()
  File "/home/ali/miniconda3/envs/alphatrans/lib/python3.10/site-packages/_pytest/python.py", line 561, in _register_setup_module_fixture
    self.obj, ("setUpModule", "setup_module")
  File "/home/ali/miniconda3/envs/alphatrans/lib/python3.10/site-packages/_pytest/python.py", line 287, in obj
    self._obj = obj = self._getobj()
  File "/home/ali/miniconda3/envs/alphatrans/lib/python3.10/site-packages/_pytest/python.py", line 545, in _getobj
    return importtestmodule(self.path, self.config)
  File "/home/ali/miniconda3/envs/alphatrans/lib/python3.10/site-packages/_pytest/python.py", line 492, in importtestmodule
    mod = import_path(
  File "/home/ali/miniconda3/envs/alphatrans/lib/python3.10/site-packages/_pytest/pathlib.py", line 591, in import_path
    importlib.import_module(module_name)
  File "/home/ali/miniconda3/envs/alphatrans/lib/python3.10/importlib/__init__.py", line 126, in import_module
    return _bootstrap._gcd_import(name[level:], package, level)
  File "&lt;frozen importlib._bootstrap&gt;", line 1050, in _gcd_import
  File "&lt;frozen importlib._bootstrap&gt;", line 1027, in _find_and_load
  File "&lt;frozen importlib._bootstrap&gt;", line 1006, in _find_and_load_unlocked
  File "&lt;frozen importlib._bootstrap&gt;", line 688, in _load_unlocked
  File "/home/ali/miniconda3/envs/alphatrans/lib/python3.10/site-packages/_pytest/assertion/rewrite.py", line 178, in exec_module
    exec(co, module.__dict__)
  File "/home/ali/Documents/AlphaTrans/data/recomposed_projects/deepseek-coder-33b-instruct/body/commons-graph/evosuite-test/src/test/org/apache/commons/graph/spanning/DefaultSpanningWeightedEdgeMapperBuilder_ESTest.py", line 15, in &lt;module&gt;
    from src.main.org.apache.commons.graph.spanning.DefaultSpanningWeightedEdgeMapperBuilder import *
  File "&lt;frozen importlib._bootstrap&gt;", line 1027, in _find_and_load
  File "&lt;frozen importlib._bootstrap&gt;", line 1006, in _find_and_load_unlocked
  File "&lt;frozen importlib._bootstrap&gt;", line 688, in _load_unlocked
  File "/home/ali/miniconda3/envs/alphatrans/lib/python3.10/site-packages/_pytest/assertion/rewrite.py", line 178, in exec_module
    exec(co, module.__dict__)
  File "/home/ali/Documents/AlphaTrans/data/recomposed_projects/deepseek-coder-33b-instruct/body/commons-graph/src/main/org/apache/commons/graph/spanning/DefaultSpanningWeightedEdgeMapperBuilder.py", line 8, in &lt;module&gt;
    from src.main.org.apache.commons.graph.spanning.DefaultSpanningTreeSourceSelector import *
  File "&lt;frozen importlib._bootstrap&gt;", line 1027, in _find_and_load
  File "&lt;frozen importlib._bootstrap&gt;", line 1006, in _find_and_load_unlocked
  File "&lt;frozen importlib._bootstrap&gt;", line 688, in _load_unlocked
  File "/home/ali/miniconda3/envs/alphatrans/lib/python3.10/site-packages/_pytest/assertion/rewrite.py", line 178, in exec_module
    exec(co, module.__dict__)
  File "/home/ali/Documents/AlphaTrans/data/recomposed_projects/deepseek-coder-33b-instruct/body/commons-graph/src/main/org/apache/commons/graph/spanning/DefaultSpanningTreeSourceSelector.py", line 7, in &lt;module&gt;
    from src.main.org.apache.commons.graph.CommonsGraph import *
  File "&lt;frozen importlib._bootstrap&gt;", line 1027, in _find_and_load
  File "&lt;frozen importlib._bootstrap&gt;", line 1006, in _find_and_load_unlocked
  File "&lt;frozen importlib._bootstrap&gt;", line 688, in _load_unlocked
  File "/home/ali/miniconda3/envs/alphatrans/lib/python3.10/site-packages/_pytest/assertion/rewrite.py", line 178, in exec_module
    exec(co, module.__dict__)
  File "/home/ali/Documents/AlphaTrans/data/recomposed_projects/deepseek-coder-33b-instruct/body/commons-graph/src/main/org/apache/commons/graph/CommonsGraph.py", line 34, in &lt;module&gt;
    from src.main.org.apache.commons.graph.shortestpath.DefaultWeightedEdgesSelector import *
  File "&lt;frozen importlib._bootstrap&gt;", line 1027, in _find_and_load
  File "&lt;frozen importlib._bootstrap&gt;", line 1006, in _find_and_load_unlocked
  File "&lt;frozen importlib._bootstrap&gt;", line 688, in _load_unlocked
  File "/home/ali/miniconda3/envs/alphatrans/lib/python3.10/site-packages/_pytest/assertion/rewrite.py", line 178, in exec_module
    exec(co, module.__dict__)
  File "/home/ali/Documents/AlphaTrans/data/recomposed_projects/deepseek-coder-33b-instruct/body/commons-graph/src/main/org/apache/commons/graph/shortestpath/DefaultWeightedEdgesSelector.py", line 9, in &lt;module&gt;
    from src.main.org.apache.commons.graph.shortestpath.DefaultPathSourceSelector import *
  File "&lt;frozen importlib._bootstrap&gt;", line 1027, in _find_and_load
  File "&lt;frozen importlib._bootstrap&gt;", line 1006, in _find_and_load_unlocked
  File "&lt;frozen importlib._bootstrap&gt;", line 688, in _load_unlocked
  File "/home/ali/miniconda3/envs/alphatrans/lib/python3.10/site-packages/_pytest/assertion/rewrite.py", line 178, in exec_module
    exec(co, module.__dict__)
  File "/home/ali/Documents/AlphaTrans/data/recomposed_projects/deepseek-coder-33b-instruct/body/commons-graph/src/main/org/apache/commons/graph/shortestpath/DefaultPathSourceSelector.py", line 13, in &lt;module&gt;
    from src.main.org.apache.commons.graph.shortestpath.DefaultTargetSourceSelector import *
  File "&lt;frozen importlib._bootstrap&gt;", line 1027, in _find_and_load
  File "&lt;frozen importlib._bootstrap&gt;", line 1006, in _find_and_load_unlocked
  File "&lt;frozen importlib._bootstrap&gt;", line 688, in _load_unlocked
  File "/home/ali/miniconda3/envs/alphatrans/lib/python3.10/site-packages/_pytest/assertion/rewrite.py", line 178, in exec_module
    exec(co, module.__dict__)
  File "/home/ali/Documents/AlphaTrans/data/recomposed_projects/deepseek-coder-33b-instruct/body/commons-graph/src/main/org/apache/commons/graph/shortestpath/DefaultTargetSourceSelector.py", line 12, in &lt;module&gt;
    from src.main.org.apache.commons.graph.shortestpath.DefaultShortestPathAlgorithmSelector import *
  File "&lt;frozen importlib._bootstrap&gt;", line 1027, in _find_and_load
  File "&lt;frozen importlib._bootstrap&gt;", line 1006, in _find_and_load_unlocked
  File "&lt;frozen importlib._bootstrap&gt;", line 688, in _load_unlocked
  File "/home/ali/miniconda3/envs/alphatrans/lib/python3.10/site-packages/_pytest/assertion/rewrite.py", line 178, in exec_module
    exec(co, module.__dict__)
  File "/home/ali/Documents/AlphaTrans/data/recomposed_projects/deepseek-coder-33b-instruct/body/commons-graph/src/main/org/apache/commons/graph/shortestpath/DefaultShortestPathAlgorithmSelector.py", line 13, in &lt;module&gt;
    from src.main.org.apache.commons.graph.collections.FibonacciHeap import *
  File "&lt;frozen importlib._bootstrap&gt;", line 1027, in _find_and_load
  File "&lt;frozen importlib._bootstrap&gt;", line 1006, in _find_and_load_unlocked
  File "&lt;frozen importlib._bootstrap&gt;", line 688, in _load_unlocked
  File "/home/ali/miniconda3/envs/alphatrans/lib/python3.10/site-packages/_pytest/assertion/rewrite.py", line 178, in exec_module
    exec(co, module.__dict__)
  File "/home/ali/Documents/AlphaTrans/data/recomposed_projects/deepseek-coder-33b-instruct/body/commons-graph/src/main/org/apache/commons/graph/collections/FibonacciHeap.py", line 8, in &lt;module&gt;
    from src.main.org.apache.commons.graph.collections.FibonacciHeapNode import *
  File "&lt;frozen importlib._bootstrap&gt;", line 1027, in _find_and_load
  File "&lt;frozen importlib._bootstrap&gt;", line 1006, in _find_and_load_unlocked
  File "&lt;frozen importlib._bootstrap&gt;", line 688, in _load_unlocked
  File "/home/ali/miniconda3/envs/alphatrans/lib/python3.10/site-packages/_pytest/assertion/rewrite.py", line 178, in exec_module
    exec(co, module.__dict__)
  File "/home/ali/Documents/AlphaTrans/data/recomposed_projects/deepseek-coder-33b-instruct/body/commons-graph/src/main/org/apache/commons/graph/collections/FibonacciHeapNode.py", line 8, in &lt;module&gt;
    class FibonacciHeapNode:
  File "/home/ali/Documents/AlphaTrans/data/recomposed_projects/deepseek-coder-33b-instruct/body/commons-graph/src/main/org/apache/commons/graph/collections/FibonacciHeapNode.py", line 16, in FibonacciHeapNode
    __right: FibonacciHeapNode = self
NameError: name 'self' is not defined</error>
    </testcase>
    <testcase classname="evosuite-test.src.test.org.apache.commons.graph.GraphException_ESTest.GraphException_ESTest" name="test0" time="0.000">
      <failure message="NameError: name 'MockThrowable' is not defined">Traceback (most recent call last):
  File "/home/ali/miniconda3/envs/alphatrans/lib/python3.10/unittest/case.py", line 59, in testPartExecutor
    yield
  File "/home/ali/miniconda3/envs/alphatrans/lib/python3.10/unittest/case.py", line 591, in run
    self._callTestMethod(testMethod)
  File "/home/ali/miniconda3/envs/alphatrans/lib/python3.10/unittest/case.py", line 549, in _callTestMethod
    method()
  File "/home/ali/Documents/AlphaTrans/data/recomposed_projects/deepseek-coder-33b-instruct/body/commons-graph/evosuite-test/src/test/org/apache/commons/graph/GraphException_ESTest.py", line 43, in test0
    mockThrowable0 = MockThrowable(None, None)
NameError: name 'MockThrowable' is not defined</failure>
    </testcase>
    <testcase classname="evosuite-test.src.test.org.apache.commons.graph.GraphException_ESTest.GraphException_ESTest" name="test1" time="0.000">
      <failure message="NameError: name 'MockThrowable' is not defined">Traceback (most recent call last):
  File "/home/ali/miniconda3/envs/alphatrans/lib/python3.10/unittest/case.py", line 59, in testPartExecutor
    yield
  File "/home/ali/miniconda3/envs/alphatrans/lib/python3.10/unittest/case.py", line 591, in run
    self._callTestMethod(testMethod)
  File "/home/ali/miniconda3/envs/alphatrans/lib/python3.10/unittest/case.py", line 549, in _callTestMethod
    method()
  File "/home/ali/Documents/AlphaTrans/data/recomposed_projects/deepseek-coder-33b-instruct/body/commons-graph/evosuite-test/src/test/org/apache/commons/graph/GraphException_ESTest.py", line 28, in test1
    mockThrowable0 = MockThrowable("org.apache.commons.graph.GraphException")
NameError: name 'MockThrowable' is not defined</failure>
    </testcase>
    <testcase classname="evosuite-test.src.test.org.apache.commons.graph.GraphException_ESTest.GraphException_ESTest" name="test2" time="0.000">
      <failure message="TypeError: format() argument 2 must be str, not list">Traceback (most recent call last):
  File "/home/ali/miniconda3/envs/alphatrans/lib/python3.10/unittest/case.py", line 59, in testPartExecutor
    yield
  File "/home/ali/miniconda3/envs/alphatrans/lib/python3.10/unittest/case.py", line 591, in run
    self._callTestMethod(testMethod)
  File "/home/ali/miniconda3/envs/alphatrans/lib/python3.10/unittest/case.py", line 549, in _callTestMethod
    method()
  File "/home/ali/Documents/AlphaTrans/data/recomposed_projects/deepseek-coder-33b-instruct/body/commons-graph/evosuite-test/src/test/org/apache/commons/graph/GraphException_ESTest.py", line 23, in test2
    graphException1 = GraphException('"WaDD1~$b_0', graphException0, objectArray0)
  File "/home/ali/Documents/AlphaTrans/data/recomposed_projects/deepseek-coder-33b-instruct/body/commons-graph/src/main/org/apache/commons/graph/GraphException.py", line 21, in __init__
    format(messagePattern, arguments) if cause is not None else None, cause
TypeError: format() argument 2 must be str, not list</failure>
    </testcase>
    <testcase classname="evosuite-test.src.test.org.apache.commons.graph.SynchronizedDirectedGraph_ESTest.SynchronizedDirectedGraph_ESTest" name="test00" time="0.000">
      <failure message="AttributeError: module 'unittest' has no attribute 'mock'">Traceback (most recent call last):
  File "/home/ali/miniconda3/envs/alphatrans/lib/python3.10/unittest/case.py", line 59, in testPartExecutor
    yield
  File "/home/ali/miniconda3/envs/alphatrans/lib/python3.10/unittest/case.py", line 591, in run
    self._callTestMethod(testMethod)
  File "/home/ali/miniconda3/envs/alphatrans/lib/python3.10/unittest/case.py", line 549, in _callTestMethod
    method()
  File "/home/ali/Documents/AlphaTrans/data/recomposed_projects/deepseek-coder-33b-instruct/body/commons-graph/evosuite-test/src/test/org/apache/commons/graph/SynchronizedDirectedGraph_ESTest.py", line 177, in test00
    directedGraph0 = unittest.mock.Mock(spec=DirectedGraph)
  File "/home/ali/miniconda3/envs/alphatrans/lib/python3.10/unittest/__init__.py", line 95, in __getattr__
    raise AttributeError(f"module {__name__!r} has no attribute {name!r}")
AttributeError: module 'unittest' has no attribute 'mock'</failure>
    </testcase>
    <testcase classname="evosuite-test.src.test.org.apache.commons.graph.SynchronizedDirectedGraph_ESTest.SynchronizedDirectedGraph_ESTest" name="test01" time="0.000">
      <failure message="AttributeError: module 'unittest' has no attribute 'mock'">Traceback (most recent call last):
  File "/home/ali/miniconda3/envs/alphatrans/lib/python3.10/unittest/case.py", line 59, in testPartExecutor
    yield
  File "/home/ali/miniconda3/envs/alphatrans/lib/python3.10/unittest/case.py", line 591, in run
    self._callTestMethod(testMethod)
  File "/home/ali/miniconda3/envs/alphatrans/lib/python3.10/unittest/case.py", line 549, in _callTestMethod
    method()
  File "/home/ali/Documents/AlphaTrans/data/recomposed_projects/deepseek-coder-33b-instruct/body/commons-graph/evosuite-test/src/test/org/apache/commons/graph/SynchronizedDirectedGraph_ESTest.py", line 167, in test01
    directedGraph0 = unittest.mock.Mock(spec=DirectedGraph)
  File "/home/ali/miniconda3/envs/alphatrans/lib/python3.10/unittest/__init__.py", line 95, in __getattr__
    raise AttributeError(f"module {__name__!r} has no attribute {name!r}")
AttributeError: module 'unittest' has no attribute 'mock'</failure>
    </testcase>
    <testcase classname="evosuite-test.src.test.org.apache.commons.graph.SynchronizedDirectedGraph_ESTest.SynchronizedDirectedGraph_ESTest" name="test02" time="0.000">
      <failure message="AttributeError: module 'unittest' has no attribute 'mock'">Traceback (most recent call last):
  File "/home/ali/miniconda3/envs/alphatrans/lib/python3.10/unittest/case.py", line 59, in testPartExecutor
    yield
  File "/home/ali/miniconda3/envs/alphatrans/lib/python3.10/unittest/case.py", line 591, in run
    self._callTestMethod(testMethod)
  File "/home/ali/miniconda3/envs/alphatrans/lib/python3.10/unittest/case.py", line 549, in _callTestMethod
    method()
  File "/home/ali/Documents/AlphaTrans/data/recomposed_projects/deepseek-coder-33b-instruct/body/commons-graph/evosuite-test/src/test/org/apache/commons/graph/SynchronizedDirectedGraph_ESTest.py", line 158, in test02
    directedGraph0 = unittest.mock.Mock(spec=DirectedGraph)
  File "/home/ali/miniconda3/envs/alphatrans/lib/python3.10/unittest/__init__.py", line 95, in __getattr__
    raise AttributeError(f"module {__name__!r} has no attribute {name!r}")
AttributeError: module 'unittest' has no attribute 'mock'</failure>
    </testcase>
    <testcase classname="evosuite-test.src.test.org.apache.commons.graph.SynchronizedDirectedGraph_ESTest.SynchronizedDirectedGraph_ESTest" name="test03" time="0.000">
      <failure message="AttributeError: module 'unittest' has no attribute 'mock'">Traceback (most recent call last):
  File "/home/ali/miniconda3/envs/alphatrans/lib/python3.10/unittest/case.py", line 59, in testPartExecutor
    yield
  File "/home/ali/miniconda3/envs/alphatrans/lib/python3.10/unittest/case.py", line 591, in run
    self._callTestMethod(testMethod)
[...]
  File "/home/ali/miniconda3/envs/alphatrans/lib/python3.10/unittest/case.py", line 59, in testPartExecutor
    yield
  File "/home/ali/miniconda3/envs/alphatrans/lib/python3.10/unittest/case.py", line 591, in run
    self._callTestMethod(testMethod)
  File "/home/ali/miniconda3/envs/alphatrans/lib/python3.10/unittest/case.py", line 549, in _callTestMethod
    method()
  File "/home/ali/Documents/AlphaTrans/data/recomposed_projects/deepseek-coder-33b-instruct/body/commons-graph/evosuite-test/src/test/org/apache/commons/graph/weight/primitive/FloatWeightBaseOperations_ESTest.py", line 60, in test07
    floatWeightBaseOperations0.compare(float0, None)
  File "/home/ali/Documents/AlphaTrans/data/recomposed_projects/deepseek-coder-33b-instruct/body/commons-graph/src/main/org/apache/commons/graph/weight/primitive/FloatWeightBaseOperations.py", line 19, in compare
    if s1 &lt; s2:
TypeError: '&lt;' not supported between instances of 'float' and 'NoneType'</failure>
    </testcase>
    <testcase classname="evosuite-test.src.test.org.apache.commons.graph.weight.primitive.FloatWeightBaseOperations_ESTest.FloatWeightBaseOperations_ESTest" name="test08" time="0.000"/>
    <testcase classname="evosuite-test.src.test.org.apache.commons.graph.weight.primitive.FloatWeightBaseOperations_ESTest.FloatWeightBaseOperations_ESTest" name="test09" time="0.000"/>
    <testcase classname="evosuite-test.src.test.org.apache.commons.graph.weight.primitive.FloatWeightBaseOperations_ESTest.FloatWeightBaseOperations_ESTest" name="test10" time="0.000"/>
    <testcase classname="evosuite-test.src.test.org.apache.commons.graph.weight.primitive.FloatWeightBaseOperations_ESTest.FloatWeightBaseOperations_ESTest" name="test11" time="0.000"/>
    <testcase classname="evosuite-test.src.test.org.apache.commons.graph.weight.primitive.FloatWeightBaseOperations_ESTest.FloatWeightBaseOperations_ESTest" name="test12" time="0.000"/>
    <testcase classname="evosuite-test.src.test.org.apache.commons.graph.weight.primitive.IntegerWeightBaseOperations_ESTest.IntegerWeightBaseOperations_ESTest" name="test00" time="0.000"/>
    <testcase classname="evosuite-test.src.test.org.apache.commons.graph.weight.primitive.IntegerWeightBaseOperations_ESTest.IntegerWeightBaseOperations_ESTest" name="test01" time="0.000"/>
    <testcase classname="evosuite-test.src.test.org.apache.commons.graph.weight.primitive.IntegerWeightBaseOperations_ESTest.IntegerWeightBaseOperations_ESTest" name="test02" time="0.000"/>
    <testcase classname="evosuite-test.src.test.org.apache.commons.graph.weight.primitive.IntegerWeightBaseOperations_ESTest.IntegerWeightBaseOperations_ESTest" name="test03" time="0.000"/>
    <testcase classname="evosuite-test.src.test.org.apache.commons.graph.weight.primitive.IntegerWeightBaseOperations_ESTest.IntegerWeightBaseOperations_ESTest" name="test04" time="0.000">
      <failure message="NameError: name 'Integer' is not defined">Traceback (most recent call last):
  File "/home/ali/miniconda3/envs/alphatrans/lib/python3.10/unittest/case.py", line 59, in testPartExecutor
    yield
  File "/home/ali/miniconda3/envs/alphatrans/lib/python3.10/unittest/case.py", line 591, in run
    self._callTestMethod(testMethod)
  File "/home/ali/miniconda3/envs/alphatrans/lib/python3.10/unittest/case.py", line 549, in _callTestMethod
    method()
  File "/home/ali/Documents/AlphaTrans/data/recomposed_projects/deepseek-coder-33b-instruct/body/commons-graph/evosuite-test/src/test/org/apache/commons/graph/weight/primitive/IntegerWeightBaseOperations_ESTest.py", line 79, in test04
    integer0 = Integer(0)
NameError: name 'Integer' is not defined</failure>
    </testcase>
    <testcase classname="evosuite-test.src.test.org.apache.commons.graph.weight.primitive.IntegerWeightBaseOperations_ESTest.IntegerWeightBaseOperations_ESTest" name="test05" time="0.000">
      <failure message="NameError: name 'Integer' is not defined">Traceback (most recent call last):
  File "/home/ali/miniconda3/envs/alphatrans/lib/python3.10/unittest/case.py", line 59, in testPartExecutor
    yield
  File "/home/ali/miniconda3/envs/alphatrans/lib/python3.10/unittest/case.py", line 591, in run
    self._callTestMethod(testMethod)
  File "/home/ali/miniconda3/envs/alphatrans/lib/python3.10/unittest/case.py", line 549, in _callTestMethod
    method()
  File "/home/ali/Documents/AlphaTrans/data/recomposed_projects/deepseek-coder-33b-instruct/body/commons-graph/evosuite-test/src/test/org/apache/commons/graph/weight/primitive/IntegerWeightBaseOperations_ESTest.py", line 72, in test05
    integer0 = Integer(183)
NameError: name 'Integer' is not defined</failure>
    </testcase>
    <testcase classname="evosuite-test.src.test.org.apache.commons.graph.weight.primitive.IntegerWeightBaseOperations_ESTest.IntegerWeightBaseOperations_ESTest" name="test06" time="0.000">
      <failure message="NameError: name 'Integer' is not defined">Traceback (most recent call last):
  File "/home/ali/miniconda3/envs/alphatrans/lib/python3.10/unittest/case.py", line 59, in testPartExecutor
    yield
  File "/home/ali/miniconda3/envs/alphatrans/lib/python3.10/unittest/case.py", line 591, in run
    self._callTestMethod(testMethod)
  File "/home/ali/miniconda3/envs/alphatrans/lib/python3.10/unittest/case.py", line 549, in _callTestMethod
    method()
  File "/home/ali/Documents/AlphaTrans/data/recomposed_projects/deepseek-coder-33b-instruct/body/commons-graph/evosuite-test/src/test/org/apache/commons/graph/weight/primitive/IntegerWeightBaseOperations_ESTest.py", line 65, in test06
    integer0 = Integer(2490)
NameError: name 'Integer' is not defined</failure>
    </testcase>
    <testcase classname="evosuite-test.src.test.org.apache.commons.graph.weight.primitive.IntegerWeightBaseOperations_ESTest.IntegerWeightBaseOperations_ESTest" name="test07" time="0.000"/>
    <testcase classname="evosuite-test.src.test.org.apache.commons.graph.weight.primitive.IntegerWeightBaseOperations_ESTest.IntegerWeightBaseOperations_ESTest" name="test08" time="0.000"/>
    <testcase classname="evosuite-test.src.test.org.apache.commons.graph.weight.primitive.IntegerWeightBaseOperations_ESTest.IntegerWeightBaseOperations_ESTest" name="test09" time="0.000">
      <failure message="AssertionError: TypeError(&quot;bad operand type for unary -: 'NoneType'&quot;) is not an instance of &lt;class 'RuntimeError'&gt;">Traceback (most recent call last):
  File "/home/ali/Documents/AlphaTrans/data/recomposed_projects/deepseek-coder-33b-instruct/body/commons-graph/evosuite-test/src/test/org/apache/commons/graph/weight/primitive/IntegerWeightBaseOperations_ESTest.py", line 37, in test09
    integerWeightBaseOperations0.inverse(None)
  File "/home/ali/Documents/AlphaTrans/data/recomposed_projects/deepseek-coder-33b-instruct/body/commons-graph/src/main/org/apache/commons/graph/weight/primitive/IntegerWeightBaseOperations.py", line 12, in inverse
    return -element
TypeError: bad operand type for unary -: 'NoneType'

During handling of the above exception, another exception occurred:

Traceback (most recent call last):
  File "/home/ali/miniconda3/envs/alphatrans/lib/python3.10/unittest/case.py", line 59, in testPartExecutor
    yield
  File "/home/ali/miniconda3/envs/alphatrans/lib/python3.10/unittest/case.py", line 591, in run
    self._callTestMethod(testMethod)
  File "/home/ali/miniconda3/envs/alphatrans/lib/python3.10/unittest/case.py", line 549, in _callTestMethod
    method()
  File "/home/ali/Documents/AlphaTrans/data/recomposed_projects/deepseek-coder-33b-instruct/body/commons-graph/evosuite-test/src/test/org/apache/commons/graph/weight/primitive/IntegerWeightBaseOperations_ESTest.py", line 41, in test09
    self.assertIsInstance(e, RuntimeError)
  File "/home/ali/miniconda3/envs/alphatrans/lib/python3.10/unittest/case.py", line 1269, in assertIsInstance
    self.fail(self._formatMessage(msg, standardMsg))
  File "/home/ali/miniconda3/envs/alphatrans/lib/python3.10/unittest/case.py", line 675, in fail
    raise self.failureException(msg)
AssertionError: TypeError("bad operand type for unary -: 'NoneType'") is not an instance of &lt;class 'RuntimeError'&gt;</failure>
    </testcase>
    <testcase classname="evosuite-test.src.test.org.apache.commons.graph.weight.primitive.IntegerWeightBaseOperations_ESTest.IntegerWeightBaseOperations_ESTest" name="test10" time="0.000">
      <failure message="TypeError: '&lt;' not supported between instances of 'int' and 'NoneType'">Traceback (most recent call last):
  File "/home/ali/miniconda3/envs/alphatrans/lib/python3.10/unittest/case.py", line 59, in testPartExecutor
    yield
  File "/home/ali/miniconda3/envs/alphatrans/lib/python3.10/unittest/case.py", line 591, in run
    self._callTestMethod(testMethod)
  File "/home/ali/miniconda3/envs/alphatrans/lib/python3.10/unittest/case.py", line 549, in _callTestMethod
    method()
  File "/home/ali/Documents/AlphaTrans/data/recomposed_projects/deepseek-coder-33b-instruct/body/commons-graph/evosuite-test/src/test/org/apache/commons/graph/weight/primitive/IntegerWeightBaseOperations_ESTest.py", line 31, in test10
    integerWeightBaseOperations0.compare(integer0, None)
  File "/home/ali/Documents/AlphaTrans/data/recomposed_projects/deepseek-coder-33b-instruct/body/commons-graph/src/main/org/apache/commons/graph/weight/primitive/IntegerWeightBaseOperations.py", line 19, in compare
    if o1 &lt; o2:
TypeError: '&lt;' not supported between instances of 'int' and 'NoneType'</failure>
    </testcase>
    <testcase classname="evosuite-test.src.test.org.apache.commons.graph.weight.primitive.IntegerWeightBaseOperations_ESTest.IntegerWeightBaseOperations_ESTest" name="test11" time="0.000"/>
    <testcase classname="evosuite-test.src.test.org.apache.commons.graph.weight.primitive.LongWeightBaseOperations_ESTest.LongWeightBaseOperations_ESTest" name="test00" time="0.000">
      <failure message="NameError: name 'long' is not defined">Traceback (most recent call last):
  File "/home/ali/miniconda3/envs/alphatrans/lib/python3.10/unittest/case.py", line 59, in testPartExecutor
    yield
  File "/home/ali/miniconda3/envs/alphatrans/lib/python3.10/unittest/case.py", line 591, in run
    self._callTestMethod(testMethod)
  File "/home/ali/miniconda3/envs/alphatrans/lib/python3.10/unittest/case.py", line 549, in _callTestMethod
    method()
  File "/home/ali/Documents/AlphaTrans/data/recomposed_projects/deepseek-coder-33b-instruct/body/commons-graph/evosuite-test/src/test/org/apache/commons/graph/weight/primitive/LongWeightBaseOperations_ESTest.py", line 115, in test00
    long0 = long(0)
NameError: name 'long' is not defined</failure>
    </testcase>
    <testcase classname="evosuite-test.src.test.org.apache.commons.graph.weight.primitive.LongWeightBaseOperations_ESTest.LongWeightBaseOperations_ESTest" name="test01" time="0.000">
      <failure message="NameError: name 'long' is not defined">Traceback (most recent call last):
  File "/home/ali/miniconda3/envs/alphatrans/lib/python3.10/unittest/case.py", line 59, in testPartExecutor
    yield
  File "/home/ali/miniconda3/envs/alphatrans/lib/python3.10/unittest/case.py", line 591, in run
    self._callTestMethod(testMethod)
  File "/home/ali/miniconda3/envs/alphatrans/lib/python3.10/unittest/case.py", line 549, in _callTestMethod
    method()
  File "/home/ali/Documents/AlphaTrans/data/recomposed_projects/deepseek-coder-33b-instruct/body/commons-graph/evosuite-test/src/test/org/apache/commons/graph/weight/primitive/LongWeightBaseOperations_ESTest.py", line 108, in test01
    long0 = long(1)
NameError: name 'long' is not defined</failure>
    </testcase>
    <testcase classname="evosuite-test.src.test.org.apache.commons.graph.weight.primitive.LongWeightBaseOperations_ESTest.LongWeightBaseOperations_ESTest" name="test02" time="0.000">
      <failure message="NameError: name 'long' is not defined">Traceback (most recent call last):
  File "/home/ali/miniconda3/envs/alphatrans/lib/python3.10/unittest/case.py", line 59, in testPartExecutor
    yield
  File "/home/ali/miniconda3/envs/alphatrans/lib/python3.10/unittest/case.py", line 591, in run
    self._callTestMethod(testMethod)
  File "/home/ali/miniconda3/envs/alphatrans/lib/python3.10/unittest/case.py", line 549, in _callTestMethod
    method()
  File "/home/ali/Documents/AlphaTrans/data/recomposed_projects/deepseek-coder-33b-instruct/body/commons-graph/evosuite-test/src/test/org/apache/commons/graph/weight/primitive/LongWeightBaseOperations_ESTest.py", line 100, in test02
    long0 = long(1)
NameError: name 'long' is not defined</failure>
    </testcase>
    <testcase classname="evosuite-test.src.test.org.apache.commons.graph.weight.primitive.LongWeightBaseOperations_ESTest.LongWeightBaseOperations_ESTest" name="test03" time="0.000">
      <failure message="NameError: name 'long' is not defined">Traceback (most recent call last):
  File "/home/ali/miniconda3/envs/alphatrans/lib/python3.10/unittest/case.py", line 59, in testPartExecutor
    yield
  File "/home/ali/miniconda3/envs/alphatrans/lib/python3.10/unittest/case.py", line 591, in run
    self._callTestMethod(testMethod)
  File "/home/ali/miniconda3/envs/alphatrans/lib/python3.10/unittest/case.py", line 549, in _callTestMethod
    method()
  File "/home/ali/Documents/AlphaTrans/data/recomposed_projects/deepseek-coder-33b-instruct/body/commons-graph/evosuite-test/src/test/org/apache/commons/graph/weight/primitive/LongWeightBaseOperations_ESTest.py", line 92, in test03
    long0 = long(1)
NameError: name 'long' is not defined</failure>
    </testcase>
    <testcase classname="evosuite-test.src.test.org.apache.commons.graph.weight.primitive.LongWeightBaseOperations_ESTest.LongWeightBaseOperations_ESTest" name="test04" time="0.000"/>
    <testcase classname="evosuite-test.src.test.org.apache.commons.graph.weight.primitive.LongWeightBaseOperations_ESTest.LongWeightBaseOperations_ESTest" name="test05" time="0.000"/>
    <testcase classname="evosuite-test.src.test.org.apache.commons.graph.weight.primitive.LongWeightBaseOperations_ESTest.LongWeightBaseOperations_ESTest" name="test06" time="0.000">
      <failure message="TypeError: '&lt;' not supported between instances of 'NoneType' and 'int'">Traceback (most recent call last):
  File "/home/ali/miniconda3/envs/alphatrans/lib/python3.10/unittest/case.py", line 59, in testPartExecutor
    yield
  File "/home/ali/miniconda3/envs/alphatrans/lib/python3.10/unittest/case.py", line 591, in run
    self._callTestMethod(testMethod)
  File "/home/ali/miniconda3/envs/alphatrans/lib/python3.10/unittest/case.py", line 549, in _callTestMethod
    method()
  File "/home/ali/Documents/AlphaTrans/data/recomposed_projects/deepseek-coder-33b-instruct/body/commons-graph/evosuite-test/src/test/org/apache/commons/graph/weight/primitive/LongWeightBaseOperations_ESTest.py", line 71, in test06
    longWeightBaseOperations0.compare(None, long0)
  File "/home/ali/Documents/AlphaTrans/data/recomposed_projects/deepseek-coder-33b-instruct/body/commons-graph/src/main/org/apache/commons/graph/weight/primitive/LongWeightBaseOperations.py", line 19, in compare
    if s1 &lt; s2:
TypeError: '&lt;' not supported between instances of 'NoneType' and 'int'</failure>
    </testcase>
    <testcase classname="evosuite-test.src.test.org.apache.commons.graph.weight.primitive.LongWeightBaseOperations_ESTest.LongWeightBaseOperations_ESTest" name="test07" time="0.000">
      <failure message="NameError: name 'long' is not defined">Traceback (most recent call last):
  File "/home/ali/miniconda3/envs/alphatrans/lib/python3.10/unittest/case.py", line 59, in testPartExecutor
    yield
  File "/home/ali/miniconda3/envs/alphatrans/lib/python3.10/unittest/case.py", line 591, in run
    self._callTestMethod(testMethod)
  File "/home/ali/miniconda3/envs/alphatrans/lib/python3.10/unittest/case.py", line 549, in _callTestMethod
    method()
  File "/home/ali/Documents/AlphaTrans/data/recomposed_projects/deepseek-coder-33b-instruct/body/commons-graph/evosuite-test/src/test/org/apache/commons/graph/weight/primitive/LongWeightBaseOperations_ESTest.py", line 61, in test07
    long0 = long(0)
NameError: name 'long' is not defined</failure>
    </testcase>
    <testcase classname="evosuite-test.src.test.org.apache.commons.graph.weight.primitive.LongWeightBaseOperations_ESTest.LongWeightBaseOperations_ESTest" name="test08" time="0.000">
      <failure message="NameError: name 'long' is not defined">Traceback (most recent call last):
  File "/home/ali/miniconda3/envs/alphatrans/lib/python3.10/unittest/case.py", line 59, in testPartExecutor
    yield
  File "/home/ali/miniconda3/envs/alphatrans/lib/python3.10/unittest/case.py", line 591, in run
    self._callTestMethod(testMethod)
  File "/home/ali/miniconda3/envs/alphatrans/lib/python3.10/unittest/case.py", line 549, in _callTestMethod
    method()
  File "/home/ali/Documents/AlphaTrans/data/recomposed_projects/deepseek-coder-33b-instruct/body/commons-graph/evosuite-test/src/test/org/apache/commons/graph/weight/primitive/LongWeightBaseOperations_ESTest.py", line 53, in test08
    long0 = long(1)
NameError: name 'long' is not defined</failure>
    </testcase>
    <testcase classname="evosuite-test.src.test.org.apache.commons.graph.weight.primitive.LongWeightBaseOperations_ESTest.LongWeightBaseOperations_ESTest" name="test09" time="0.000"/>
    <testcase classname="evosuite-test.src.test.org.apache.commons.graph.weight.primitive.LongWeightBaseOperations_ESTest.LongWeightBaseOperations_ESTest" name="test10" time="0.000"/>
    <testcase classname="evosuite-test.src.test.org.apache.commons.graph.weight.primitive.LongWeightBaseOperations_ESTest.LongWeightBaseOperations_ESTest" name="test11" time="0.000"/>
    <testcase classname="evosuite-test.src.test.org.apache.commons.graph.weight.primitive.LongWeightBaseOperations_ESTest.LongWeightBaseOperations_ESTest" name="test12" time="0.000">
      <failure message="AssertionError: TypeError(&quot;bad operand type for unary -: 'NoneType'&quot;) is not an instance of &lt;class 'RuntimeError'&gt;">Traceback (most recent call last):
  File "/home/ali/Documents/AlphaTrans/data/recomposed_projects/deepseek-coder-33b-instruct/body/commons-graph/evosuite-test/src/test/org/apache/commons/graph/weight/primitive/LongWeightBaseOperations_ESTest.py", line 22, in test12
    longWeightBaseOperations0.inverse(None)
  File "/home/ali/Documents/AlphaTrans/data/recomposed_projects/deepseek-coder-33b-instruct/body/commons-graph/src/main/org/apache/commons/graph/weight/primitive/LongWeightBaseOperations.py", line 12, in inverse
    return -element
TypeError: bad operand type for unary -: 'NoneType'

During handling of the above exception, another exception occurred:

Traceback (most recent call last):
  File "/home/ali/miniconda3/envs/alphatrans/lib/python3.10/unittest/case.py", line 59, in testPartExecutor
    yield
  File "/home/ali/miniconda3/envs/alphatrans/lib/python3.10/unittest/case.py", line 591, in run
    self._callTestMethod(testMethod)
  File "/home/ali/miniconda3/envs/alphatrans/lib/python3.10/unittest/case.py", line 549, in _callTestMethod
    method()
  File "/home/ali/Documents/AlphaTrans/data/recomposed_projects/deepseek-coder-33b-instruct/body/commons-graph/evosuite-test/src/test/org/apache/commons/graph/weight/primitive/LongWeightBaseOperations_ESTest.py", line 26, in test12
    self.assertIsInstance(e, RuntimeError)
  File "/home/ali/miniconda3/envs/alphatrans/lib/python3.10/unittest/case.py", line 1269, in assertIsInstance
    self.fail(self._formatMessage(msg, standardMsg))
  File "/home/ali/miniconda3/envs/alphatrans/lib/python3.10/unittest/case.py", line 675, in fail
    raise self.failureException(msg)
AssertionError: TypeError("bad operand type for unary -: 'NoneType'") is not an instance of &lt;class 'RuntimeError'&gt;</failure>
    </testcase>
  </testsuite>
</testsuites>
