-------------------------------------------------------------------------------
Test set: org.apache.commons.cli.OptionBuilderTest
-------------------------------------------------------------------------------
Tests run: 70, Failures: 1, Errors: 0, Skipped: 0, Time elapsed: 0.001 s <<< FAILURE! - in org.apache.commons.cli.OptionBuilderTest
org.apache.commons.cli.OptionBuilderTest.testBaseOptionStringOpt  Time elapsed: 0 s  <<< FAILURE!
java.lang.AssertionError
	at org.apache.commons.cli.OptionBuilderTest.testBaseOptionStringOpt(OptionBuilderTest.java:46)

