<?xml version="1.0" encoding="utf-8"?>
<testsuites>
  <testsuite name="pytest" errors="0" failures="642" skipped="3" tests="961" time="41.636" timestamp="2024-07-09T23:54:07.213184" hostname="alis-MacBook-Pro.local">
    <testcase classname="src.test.org.apache.commons.codec.CharEncodingTest.CharEncodingTest" name="testConstructor" time="0.001"/>
    <testcase classname="src.test.org.apache.commons.codec.CharEncodingTest.CharEncodingTest" name="testIso8859_1" time="0.000">
      <failure message="NameError: name 'ISO_8859_1' is not defined">Traceback (most recent call last):
  File "/Users/ali/miniconda3/envs/alphatrans/lib/python3.10/unittest/case.py", line 59, in testPartExecutor
    yield
  File "/Users/ali/miniconda3/envs/alphatrans/lib/python3.10/unittest/case.py", line 591, in run
    self._callTestMethod(testMethod)
  File "/Users/ali/miniconda3/envs/alphatrans/lib/python3.10/unittest/case.py", line 549, in _callTestMethod
    method()
  File "/Users/ali/Documents/AlphaTrans/data/recomposed_projects-manual/deepseek-coder-33b-instruct/body/commons-codec/src/test/org/apache/commons/codec/CharEncodingTest.py", line 34, in testIso8859_1
    self.assertEqual("ISO-8859-1", ISO_8859_1)
NameError: name 'ISO_8859_1' is not defined</failure>
    </testcase>
    <testcase classname="src.test.org.apache.commons.codec.CharEncodingTest.CharEncodingTest" name="testUsAscii" time="0.000"/>
    <testcase classname="src.test.org.apache.commons.codec.CharEncodingTest.CharEncodingTest" name="testUtf16" time="0.000"/>
    <testcase classname="src.test.org.apache.commons.codec.CharEncodingTest.CharEncodingTest" name="testUtf16Be" time="0.000">
      <failure message="NameError: name 'UTF_16BE' is not defined">Traceback (most recent call last):
  File "/Users/ali/miniconda3/envs/alphatrans/lib/python3.10/unittest/case.py", line 59, in testPartExecutor
    yield
  File "/Users/ali/miniconda3/envs/alphatrans/lib/python3.10/unittest/case.py", line 591, in run
    self._callTestMethod(testMethod)
  File "/Users/ali/miniconda3/envs/alphatrans/lib/python3.10/unittest/case.py", line 549, in _callTestMethod
    method()
  File "/Users/ali/Documents/AlphaTrans/data/recomposed_projects-manual/deepseek-coder-33b-instruct/body/commons-codec/src/test/org/apache/commons/codec/CharEncodingTest.py", line 22, in testUtf16Be
    self.assertEqual("UTF-16BE", UTF_16BE)
NameError: name 'UTF_16BE' is not defined</failure>
    </testcase>
    <testcase classname="src.test.org.apache.commons.codec.CharEncodingTest.CharEncodingTest" name="testUtf16Le" time="0.000">
      <failure message="NameError: name 'UTF_16LE' is not defined">Traceback (most recent call last):
  File "/Users/ali/miniconda3/envs/alphatrans/lib/python3.10/unittest/case.py", line 59, in testPartExecutor
    yield
  File "/Users/ali/miniconda3/envs/alphatrans/lib/python3.10/unittest/case.py", line 591, in run
    self._callTestMethod(testMethod)
  File "/Users/ali/miniconda3/envs/alphatrans/lib/python3.10/unittest/case.py", line 549, in _callTestMethod
    method()
  File "/Users/ali/Documents/AlphaTrans/data/recomposed_projects-manual/deepseek-coder-33b-instruct/body/commons-codec/src/test/org/apache/commons/codec/CharEncodingTest.py", line 18, in testUtf16Le
    self.assertEqual("UTF-16LE", UTF_16LE)
NameError: name 'UTF_16LE' is not defined</failure>
    </testcase>
    <testcase classname="src.test.org.apache.commons.codec.CharEncodingTest.CharEncodingTest" name="testUtf8" time="0.000"/>
    <testcase classname="src.test.org.apache.commons.codec.CharsetsTest.CharsetsTest" name="testIso8859_1" time="0.000">
      <failure message="AttributeError: 'str' object has no attribute 'name'">Traceback (most recent call last):
  File "/Users/ali/miniconda3/envs/alphatrans/lib/python3.10/unittest/case.py", line 59, in testPartExecutor
    yield
  File "/Users/ali/miniconda3/envs/alphatrans/lib/python3.10/unittest/case.py", line 591, in run
    self._callTestMethod(testMethod)
  File "/Users/ali/miniconda3/envs/alphatrans/lib/python3.10/unittest/case.py", line 549, in _callTestMethod
    method()
  File "/Users/ali/Documents/AlphaTrans/data/recomposed_projects-manual/deepseek-coder-33b-instruct/body/commons-codec/src/test/org/apache/commons/codec/CharsetsTest.py", line 36, in testIso8859_1
    self.assertEqual("ISO-8859-1", Charsets.ISO_8859_1.name())
AttributeError: 'str' object has no attribute 'name'</failure>
    </testcase>
    <testcase classname="src.test.org.apache.commons.codec.CharsetsTest.CharsetsTest" name="testToCharset" time="0.000">
      <failure message="TypeError: expected str, bytes or os.PathLike object, not StringIO">Traceback (most recent call last):
  File "/Users/ali/miniconda3/envs/alphatrans/lib/python3.10/unittest/case.py", line 59, in testPartExecutor
    yield
  File "/Users/ali/miniconda3/envs/alphatrans/lib/python3.10/unittest/case.py", line 591, in run
    self._callTestMethod(testMethod)
  File "/Users/ali/miniconda3/envs/alphatrans/lib/python3.10/unittest/case.py", line 549, in _callTestMethod
    method()
  File "/Users/ali/Documents/AlphaTrans/data/recomposed_projects-manual/deepseek-coder-33b-instruct/body/commons-codec/src/test/org/apache/commons/codec/CharsetsTest.py", line 40, in testToCharset
    self.assertEqual(io.open(io.StringIO()).encoding, Charsets.toCharset1(None))
TypeError: expected str, bytes or os.PathLike object, not StringIO</failure>
    </testcase>
    <testcase classname="src.test.org.apache.commons.codec.CharsetsTest.CharsetsTest" name="testUsAscii" time="0.000">
      <failure message="AttributeError: 'str' object has no attribute 'name'">Traceback (most recent call last):
  File "/Users/ali/miniconda3/envs/alphatrans/lib/python3.10/unittest/case.py", line 59, in testPartExecutor
    yield
  File "/Users/ali/miniconda3/envs/alphatrans/lib/python3.10/unittest/case.py", line 591, in run
    self._callTestMethod(testMethod)
  File "/Users/ali/miniconda3/envs/alphatrans/lib/python3.10/unittest/case.py", line 549, in _callTestMethod
    method()
  File "/Users/ali/Documents/AlphaTrans/data/recomposed_projects-manual/deepseek-coder-33b-instruct/body/commons-codec/src/test/org/apache/commons/codec/CharsetsTest.py", line 32, in testUsAscii
    self.assertEqual("US-ASCII", Charsets.US_ASCII.name())
AttributeError: 'str' object has no attribute 'name'</failure>
    </testcase>
    <testcase classname="src.test.org.apache.commons.codec.CharsetsTest.CharsetsTest" name="testUtf16" time="0.000">
      <failure message="AttributeError: 'str' object has no attribute 'name'">Traceback (most recent call last):
  File "/Users/ali/miniconda3/envs/alphatrans/lib/python3.10/unittest/case.py", line 59, in testPartExecutor
    yield
  File "/Users/ali/miniconda3/envs/alphatrans/lib/python3.10/unittest/case.py", line 591, in run
    self._callTestMethod(testMethod)
  File "/Users/ali/miniconda3/envs/alphatrans/lib/python3.10/unittest/case.py", line 549, in _callTestMethod
    method()
  File "/Users/ali/Documents/AlphaTrans/data/recomposed_projects-manual/deepseek-coder-33b-instruct/body/commons-codec/src/test/org/apache/commons/codec/CharsetsTest.py", line 28, in testUtf16
    self.assertEqual("UTF-16", Charsets.UTF_16.name())
AttributeError: 'str' object has no attribute 'name'</failure>
    </testcase>
    <testcase classname="src.test.org.apache.commons.codec.CharsetsTest.CharsetsTest" name="testUtf16Be" time="0.000">
      <failure message="AttributeError: 'str' object has no attribute 'name'">Traceback (most recent call last):
  File "/Users/ali/miniconda3/envs/alphatrans/lib/python3.10/unittest/case.py", line 59, in testPartExecutor
    yield
  File "/Users/ali/miniconda3/envs/alphatrans/lib/python3.10/unittest/case.py", line 591, in run
    self._callTestMethod(testMethod)
  File "/Users/ali/miniconda3/envs/alphatrans/lib/python3.10/unittest/case.py", line 549, in _callTestMethod
    method()
  File "/Users/ali/Documents/AlphaTrans/data/recomposed_projects-manual/deepseek-coder-33b-instruct/body/commons-codec/src/test/org/apache/commons/codec/CharsetsTest.py", line 24, in testUtf16Be
    self.assertEqual("UTF-16BE", Charsets.UTF_16BE.name())
AttributeError: 'str' object has no attribute 'name'</failure>
    </testcase>
    <testcase classname="src.test.org.apache.commons.codec.CharsetsTest.CharsetsTest" name="testUtf16Le" time="0.000">
      <failure message="AttributeError: 'str' object has no attribute 'name'">Traceback (most recent call last):
  File "/Users/ali/miniconda3/envs/alphatrans/lib/python3.10/unittest/case.py", line 59, in testPartExecutor
    yield
  File "/Users/ali/miniconda3/envs/alphatrans/lib/python3.10/unittest/case.py", line 591, in run
    self._callTestMethod(testMethod)
  File "/Users/ali/miniconda3/envs/alphatrans/lib/python3.10/unittest/case.py", line 549, in _callTestMethod
    method()
  File "/Users/ali/Documents/AlphaTrans/data/recomposed_projects-manual/deepseek-coder-33b-instruct/body/commons-codec/src/test/org/apache/commons/codec/CharsetsTest.py", line 20, in testUtf16Le
    self.assertEqual("UTF-16LE", Charsets.UTF_16LE.name())
AttributeError: 'str' object has no attribute 'name'</failure>
    </testcase>
    <testcase classname="src.test.org.apache.commons.codec.CharsetsTest.CharsetsTest" name="testUtf8" time="0.000">
      <failure message="AttributeError: 'str' object has no attribute 'name'">Traceback (most recent call last):
  File "/Users/ali/miniconda3/envs/alphatrans/lib/python3.10/unittest/case.py", line 59, in testPartExecutor
    yield
  File "/Users/ali/miniconda3/envs/alphatrans/lib/python3.10/unittest/case.py", line 591, in run
    self._callTestMethod(testMethod)
  File "/Users/ali/miniconda3/envs/alphatrans/lib/python3.10/unittest/case.py", line 549, in _callTestMethod
    method()
  File "/Users/ali/Documents/AlphaTrans/data/recomposed_projects-manual/deepseek-coder-33b-instruct/body/commons-codec/src/test/org/apache/commons/codec/CharsetsTest.py", line 16, in testUtf8
    self.assertEqual("UTF-8", Charsets.UTF_8.name())
AttributeError: 'str' object has no attribute 'name'</failure>
    </testcase>
    <testcase classname="src.test.org.apache.commons.codec.DecoderExceptionTest.DecoderExceptionTest" name="testConstructor0" time="0.000">
      <failure message="AttributeError: 'DecoderException' object has no attribute 'getMessage'">Traceback (most recent call last):
  File "/Users/ali/miniconda3/envs/alphatrans/lib/python3.10/unittest/case.py", line 59, in testPartExecutor
    yield
  File "/Users/ali/miniconda3/envs/alphatrans/lib/python3.10/unittest/case.py", line 591, in run
    self._callTestMethod(testMethod)
  File "/Users/ali/miniconda3/envs/alphatrans/lib/python3.10/unittest/case.py", line 549, in _callTestMethod
    method()
  File "/Users/ali/Documents/AlphaTrans/data/recomposed_projects-manual/deepseek-coder-33b-instruct/body/commons-codec/src/test/org/apache/commons/codec/DecoderExceptionTest.py", line 36, in testConstructor0
    self.assertIsNone(e.getMessage())
AttributeError: 'DecoderException' object has no attribute 'getMessage'</failure>
    </testcase>
    <testcase classname="src.test.org.apache.commons.codec.DecoderExceptionTest.DecoderExceptionTest" name="testConstructorString" time="0.000">
      <failure message="AttributeError: 'DecoderException' object has no attribute 'getMessage'">Traceback (most recent call last):
  File "/Users/ali/miniconda3/envs/alphatrans/lib/python3.10/unittest/case.py", line 59, in testPartExecutor
    yield
  File "/Users/ali/miniconda3/envs/alphatrans/lib/python3.10/unittest/case.py", line 591, in run
    self._callTestMethod(testMethod)
  File "/Users/ali/miniconda3/envs/alphatrans/lib/python3.10/unittest/case.py", line 549, in _callTestMethod
    method()
  File "/Users/ali/Documents/AlphaTrans/data/recomposed_projects-manual/deepseek-coder-33b-instruct/body/commons-codec/src/test/org/apache/commons/codec/DecoderExceptionTest.py", line 30, in testConstructorString
    self.assertEqual(self.__MSG, e.getMessage())
AttributeError: 'DecoderException' object has no attribute 'getMessage'</failure>
    </testcase>
    <testcase classname="src.test.org.apache.commons.codec.DecoderExceptionTest.DecoderExceptionTest" name="testConstructorStringThrowable" time="0.000">
      <failure message="AttributeError: 'DecoderException' object has no attribute 'getMessage'">Traceback (most recent call last):
  File "/Users/ali/miniconda3/envs/alphatrans/lib/python3.10/unittest/case.py", line 59, in testPartExecutor
    yield
  File "/Users/ali/miniconda3/envs/alphatrans/lib/python3.10/unittest/case.py", line 591, in run
    self._callTestMethod(testMethod)
  File "/Users/ali/miniconda3/envs/alphatrans/lib/python3.10/unittest/case.py", line 549, in _callTestMethod
    method()
  File "/Users/ali/Documents/AlphaTrans/data/recomposed_projects-manual/deepseek-coder-33b-instruct/body/commons-codec/src/test/org/apache/commons/codec/DecoderExceptionTest.py", line 24, in testConstructorStringThrowable
    self.assertEqual(self.__MSG, e.getMessage())
AttributeError: 'DecoderException' object has no attribute 'getMessage'</failure>
    </testcase>
    <testcase classname="src.test.org.apache.commons.codec.DecoderExceptionTest.DecoderExceptionTest" name="testConstructorThrowable" time="0.000">
      <failure message="AttributeError: 'DecoderException' object has no attribute 'getMessage'">Traceback (most recent call last):
  File "/Users/ali/miniconda3/envs/alphatrans/lib/python3.10/unittest/case.py", line 59, in testPartExecutor
    yield
  File "/Users/ali/miniconda3/envs/alphatrans/lib/python3.10/unittest/case.py", line 591, in run
    self._callTestMethod(testMethod)
  File "/Users/ali/miniconda3/envs/alphatrans/lib/python3.10/unittest/case.py", line 549, in _callTestMethod
    method()
  File "/Users/ali/Documents/AlphaTrans/data/recomposed_projects-manual/deepseek-coder-33b-instruct/body/commons-codec/src/test/org/apache/commons/codec/DecoderExceptionTest.py", line 18, in testConstructorThrowable
    self.assertEqual(DecoderExceptionTest.__t.__class__.__name__, e.getMessage())
AttributeError: 'DecoderException' object has no attribute 'getMessage'</failure>
    </testcase>
    <testcase classname="src.test.org.apache.commons.codec.EncoderExceptionTest.EncoderExceptionTest" name="testConstructor0" time="0.000">
      <failure message="AttributeError: 'EncoderException' object has no attribute 'getMessage'">Traceback (most recent call last):
  File "/Users/ali/miniconda3/envs/alphatrans/lib/python3.10/unittest/case.py", line 59, in testPartExecutor
    yield
  File "/Users/ali/miniconda3/envs/alphatrans/lib/python3.10/unittest/case.py", line 591, in run
    self._callTestMethod(testMethod)
  File "/Users/ali/miniconda3/envs/alphatrans/lib/python3.10/unittest/case.py", line 549, in _callTestMethod
    method()
  File "/Users/ali/Documents/AlphaTrans/data/recomposed_projects-manual/deepseek-coder-33b-instruct/body/commons-codec/src/test/org/apache/commons/codec/EncoderExceptionTest.py", line 36, in testConstructor0
    self.assertIsNone(e.getMessage())
AttributeError: 'EncoderException' object has no attribute 'getMessage'</failure>
    </testcase>
    <testcase classname="src.test.org.apache.commons.codec.EncoderExceptionTest.EncoderExceptionTest" name="testConstructorString" time="0.000">
      <failure message="AttributeError: 'EncoderException' object has no attribute 'getMessage'">Traceback (most recent call last):
  File "/Users/ali/miniconda3/envs/alphatrans/lib/python3.10/unittest/case.py", line 59, in testPartExecutor
    yield
  File "/Users/ali/miniconda3/envs/alphatrans/lib/python3.10/unittest/case.py", line 591, in run
    self._callTestMethod(testMethod)
  File "/Users/ali/miniconda3/envs/alphatrans/lib/python3.10/unittest/case.py", line 549, in _callTestMethod
    method()
  File "/Users/ali/Documents/AlphaTrans/data/recomposed_projects-manual/deepseek-coder-33b-instruct/body/commons-codec/src/test/org/apache/commons/codec/EncoderExceptionTest.py", line 30, in testConstructorString
    self.assertEqual(self.__MSG, e.getMessage())
AttributeError: 'EncoderException' object has no attribute 'getMessage'</failure>
    </testcase>
    <testcase classname="src.test.org.apache.commons.codec.EncoderExceptionTest.EncoderExceptionTest" name="testConstructorStringThrowable" time="0.000">
      <failure message="AttributeError: 'EncoderException' object has no attribute 'getMessage'">Traceback (most recent call last):
  File "/Users/ali/miniconda3/envs/alphatrans/lib/python3.10/unittest/case.py", line 59, in testPartExecutor
    yield
  File "/Users/ali/miniconda3/envs/alphatrans/lib/python3.10/unittest/case.py", line 591, in run
    self._callTestMethod(testMethod)
  File "/Users/ali/miniconda3/envs/alphatrans/lib/python3.10/unittest/case.py", line 549, in _callTestMethod
    method()
  File "/Users/ali/Documents/AlphaTrans/data/recomposed_projects-manual/deepseek-coder-33b-instruct/body/commons-codec/src/test/org/apache/commons/codec/EncoderExceptionTest.py", line 24, in testConstructorStringThrowable
    self.assertEqual(self.__MSG, e.getMessage())
AttributeError: 'EncoderException' object has no attribute 'getMessage'</failure>
    </testcase>
    <testcase classname="src.test.org.apache.commons.codec.EncoderExceptionTest.EncoderExceptionTest" name="testConstructorThrowable" time="0.000">
      <failure message="AttributeError: 'EncoderException' object has no attribute 'getMessage'">Traceback (most recent call last):
  File "/Users/ali/miniconda3/envs/alphatrans/lib/python3.10/unittest/case.py", line 59, in testPartExecutor
    yield
  File "/Users/ali/miniconda3/envs/alphatrans/lib/python3.10/unittest/case.py", line 591, in run
    self._callTestMethod(testMethod)
  File "/Users/ali/miniconda3/envs/alphatrans/lib/python3.10/unittest/case.py", line 549, in _callTestMethod
    method()
  File "/Users/ali/Documents/AlphaTrans/data/recomposed_projects-manual/deepseek-coder-33b-instruct/body/commons-codec/src/test/org/apache/commons/codec/EncoderExceptionTest.py", line 18, in testConstructorThrowable
    self.assertEqual(self.__t.__class__.__name__, e.getMessage())
AttributeError: 'EncoderException' object has no attribute 'getMessage'</failure>
    </testcase>
    <testcase classname="src.test.org.apache.commons.codec.StringEncoderComparatorTest.StringEncoderComparatorTest" name="testComparatorWithDoubleMetaphone" time="0.000">
      <failure message="TypeError: 'StringEncoderComparator' object is not callable">Traceback (most recent call last):
  File "/Users/ali/miniconda3/envs/alphatrans/lib/python3.10/unittest/case.py", line 59, in testPartExecutor
    yield
  File "/Users/ali/miniconda3/envs/alphatrans/lib/python3.10/unittest/case.py", line 591, in run
    self._callTestMethod(testMethod)
  File "/Users/ali/miniconda3/envs/alphatrans/lib/python3.10/unittest/case.py", line 549, in _callTestMethod
    method()
  File "/Users/ali/Documents/AlphaTrans/data/recomposed_projects-manual/deepseek-coder-33b-instruct/body/commons-codec/src/test/org/apache/commons/codec/StringEncoderComparatorTest.py", line 39, in testComparatorWithDoubleMetaphone
    testList.sort(key=sCompare)
TypeError: 'StringEncoderComparator' object is not callable</failure>
    </testcase>
    <testcase classname="src.test.org.apache.commons.codec.StringEncoderComparatorTest.StringEncoderComparatorTest" name="testComparatorWithDoubleMetaphoneAndInvalidInput" time="0.000">
      <failure message="TypeError: EncoderException.__init__() missing 1 required positional argument: 'cause'">Traceback (most recent call last):
  File "/Users/ali/Documents/AlphaTrans/data/recomposed_projects-manual/deepseek-coder-33b-instruct/body/commons-codec/src/main/org/apache/commons/codec/StringEncoder.py", line 20, in encode
    message_bytes = source.encode("ascii")
AttributeError: 'float' object has no attribute 'encode'

During handling of the above exception, another exception occurred:

Traceback (most recent call last):
  File "/Users/ali/miniconda3/envs/alphatrans/lib/python3.10/unittest/case.py", line 59, in testPartExecutor
    yield
  File "/Users/ali/miniconda3/envs/alphatrans/lib/python3.10/unittest/case.py", line 591, in run
    self._callTestMethod(testMethod)
  File "/Users/ali/miniconda3/envs/alphatrans/lib/python3.10/unittest/case.py", line 549, in _callTestMethod
    method()
  File "/Users/ali/Documents/AlphaTrans/data/recomposed_projects-manual/deepseek-coder-33b-instruct/body/commons-codec/src/test/org/apache/commons/codec/StringEncoderComparatorTest.py", line 22, in testComparatorWithDoubleMetaphoneAndInvalidInput
    compare = sCompare.compare(3.0, 3)
  File "/Users/ali/Documents/AlphaTrans/data/recomposed_projects-manual/deepseek-coder-33b-instruct/body/commons-codec/src/main/org/apache/commons/codec/StringEncoderComparator.py", line 19, in compare
    s1 = self.__stringEncoder.encode(o1)
  File "/Users/ali/Documents/AlphaTrans/data/recomposed_projects-manual/deepseek-coder-33b-instruct/body/commons-codec/src/main/org/apache/commons/codec/StringEncoder.py", line 25, in encode
    raise EncoderException("Error encoding string: " + str(e))
TypeError: EncoderException.__init__() missing 1 required positional argument: 'cause'</failure>
    </testcase>
    <testcase classname="src.test.org.apache.commons.codec.StringEncoderComparatorTest.StringEncoderComparatorTest" name="testComparatorWithSoundex" time="0.000">
      <failure message="TypeError: 'NoneType' object is not iterable">Traceback (most recent call last):
  File "/Users/ali/miniconda3/envs/alphatrans/lib/python3.10/unittest/case.py", line 59, in testPartExecutor
    yield
  File "/Users/ali/miniconda3/envs/alphatrans/lib/python3.10/unittest/case.py", line 591, in run
    self._callTestMethod(testMethod)
  File "/Users/ali/miniconda3/envs/alphatrans/lib/python3.10/unittest/case.py", line 549, in _callTestMethod
    method()
  File "/Users/ali/Documents/AlphaTrans/data/recomposed_projects-manual/deepseek-coder-33b-instruct/body/commons-codec/src/test/org/apache/commons/codec/StringEncoderComparatorTest.py", line 52, in testComparatorWithSoundex
    sCompare = StringEncoderComparator(0, Soundex(0, False, None, None))
  File "/Users/ali/Documents/AlphaTrans/data/recomposed_projects-manual/deepseek-coder-33b-instruct/body/commons-codec/src/main/org/apache/commons/codec/language/Soundex.py", line 143, in __init__
    self.__soundexMapping = list(mapping)
TypeError: 'NoneType' object is not iterable</failure>
    </testcase>
    <testcase classname="src.test.org.apache.commons.codec.binary.AllocateDirectHexTest.HexTest" name="testCustomCharset0" time="0.000">
      <failure message="NameError: name 'Charset' is not defined">Traceback (most recent call last):
  File "/Users/ali/miniconda3/envs/alphatrans/lib/python3.10/unittest/case.py", line 59, in testPartExecutor
    yield
  File "/Users/ali/miniconda3/envs/alphatrans/lib/python3.10/unittest/case.py", line 591, in run
    self._callTestMethod(testMethod)
  File "/Users/ali/miniconda3/envs/alphatrans/lib/python3.10/unittest/case.py", line 549, in _callTestMethod
    method()
  File "/Users/ali/Documents/AlphaTrans/data/recomposed_projects-manual/deepseek-coder-33b-instruct/body/commons-codec/src/test/org/apache/commons/codec/binary/HexTest.py", line 488, in testCustomCharset0
    for name in Charset.availableCharsets().keys():
NameError: name 'Charset' is not defined</failure>
    </testcase>
    <testcase classname="src.test.org.apache.commons.codec.binary.AllocateDirectHexTest.HexTest" name="testCustomCharsetBadName" time="0.000">
      <failure message="NameError: name 'Charset' is not defined">Traceback (most recent call last):
  File "/Users/ali/miniconda3/envs/alphatrans/lib/python3.10/unittest/case.py", line 59, in testPartExecutor
    yield
  File "/Users/ali/miniconda3/envs/alphatrans/lib/python3.10/unittest/case.py", line 591, in run
    self._callTestMethod(testMethod)
  File "/Users/ali/miniconda3/envs/alphatrans/lib/python3.10/unittest/case.py", line 549, in _callTestMethod
    method()
  File "/Users/ali/Documents/AlphaTrans/data/recomposed_projects-manual/deepseek-coder-33b-instruct/body/commons-codec/src/test/org/apache/commons/codec/binary/HexTest.py", line 484, in testCustomCharsetBadName
    Hex.Hex0(self.__BAD_ENCODING_NAME)
  File "/Users/ali/Documents/AlphaTrans/data/recomposed_projects-manual/deepseek-coder-33b-instruct/body/commons-codec/src/main/org/apache/commons/codec/binary/Hex.py", line 110, in Hex0
    return Hex(1, None, Charset.forName(charsetName))
NameError: name 'Charset' is not defined</failure>
    </testcase>
    <testcase classname="src.test.org.apache.commons.codec.binary.AllocateDirectHexTest.HexTest" name="testCustomCharsetToString" time="0.000"/>
    <testcase classname="src.test.org.apache.commons.codec.binary.AllocateDirectHexTest.HexTest" name="testDecodeBadCharacterPos0" time="0.000"/>
    <testcase classname="src.test.org.apache.commons.codec.binary.AllocateDirectHexTest.HexTest" name="testDecodeBadCharacterPos1" time="0.000"/>
    <testcase classname="src.test.org.apache.commons.codec.binary.AllocateDirectHexTest.HexTest" name="testDecodeByteArrayEmpty" time="0.000">
      <failure message="AssertionError: bytearray(b'') != []">Traceback (most recent call last):
  File "/Users/ali/miniconda3/envs/alphatrans/lib/python3.10/unittest/case.py", line 59, in testPartExecutor
    yield
  File "/Users/ali/miniconda3/envs/alphatrans/lib/python3.10/unittest/case.py", line 591, in run
    self._callTestMethod(testMethod)
  File "/Users/ali/miniconda3/envs/alphatrans/lib/python3.10/unittest/case.py", line 549, in _callTestMethod
    method()
  File "/Users/ali/Documents/AlphaTrans/data/recomposed_projects-manual/deepseek-coder-33b-instruct/body/commons-codec/src/test/org/apache/commons/codec/binary/HexTest.py", line 455, in testDecodeByteArrayEmpty
    self.assertEqual(bytearray(), result)
  File "/Users/ali/miniconda3/envs/alphatrans/lib/python3.10/unittest/case.py", line 845, in assertEqual
    assertion_func(first, second, msg=msg)
  File "/Users/ali/miniconda3/envs/alphatrans/lib/python3.10/unittest/case.py", line 838, in _baseAssertEqual
    raise self.failureException(msg)
AssertionError: bytearray(b'') != []</failure>
    </testcase>
    <testcase classname="src.test.org.apache.commons.codec.binary.AllocateDirectHexTest.HexTest" name="testDecodeByteArrayObjectEmpty" time="0.000">
      <failure message="AssertionError: testDecodeByteArrayObjectEmpty failed: bytearray(b'') != []">Traceback (most recent call last):
  File "/Users/ali/Documents/AlphaTrans/data/recomposed_projects-manual/deepseek-coder-33b-instruct/body/commons-codec/src/test/org/apache/commons/codec/binary/HexTest.py", line 442, in testDecodeByteArrayObjectEmpty
    self.assertEqual(bytearray([]), Hex(2, None, None).decode2(bytearray([])))
  File "/Users/ali/miniconda3/envs/alphatrans/lib/python3.10/unittest/case.py", line 845, in assertEqual
    assertion_func(first, second, msg=msg)
  File "/Users/ali/miniconda3/envs/alphatrans/lib/python3.10/unittest/case.py", line 838, in _baseAssertEqual
    raise self.failureException(msg)
AssertionError: bytearray(b'') != []

During handling of the above exception, another exception occurred:

Traceback (most recent call last):
  File "/Users/ali/miniconda3/envs/alphatrans/lib/python3.10/unittest/case.py", line 59, in testPartExecutor
    yield
  File "/Users/ali/miniconda3/envs/alphatrans/lib/python3.10/unittest/case.py", line 591, in run
    self._callTestMethod(testMethod)
  File "/Users/ali/miniconda3/envs/alphatrans/lib/python3.10/unittest/case.py", line 549, in _callTestMethod
    method()
  File "/Users/ali/Documents/AlphaTrans/data/recomposed_projects-manual/deepseek-coder-33b-instruct/body/commons-codec/src/test/org/apache/commons/codec/binary/HexTest.py", line 444, in testDecodeByteArrayObjectEmpty
    self.fail(f"testDecodeByteArrayObjectEmpty failed: {str(e)}")
  File "/Users/ali/miniconda3/envs/alphatrans/lib/python3.10/unittest/case.py", line 675, in fail
    raise self.failureException(msg)
AssertionError: testDecodeByteArrayObjectEmpty failed: bytearray(b'') != []</failure>
    </testcase>
    <testcase classname="src.test.org.apache.commons.codec.binary.AllocateDirectHexTest.HexTest" name="testDecodeByteArrayOddCharacters" time="0.000"/>
    <testcase classname="src.test.org.apache.commons.codec.binary.AllocateDirectHexTest.HexTest" name="testDecodeByteBufferAllocatedButEmpty" time="0.000">
      <failure message="ValueError: operation forbidden on released memoryview object">Traceback (most recent call last):
  File "/Users/ali/miniconda3/envs/alphatrans/lib/python3.10/unittest/case.py", line 59, in testPartExecutor
    yield
  File "/Users/ali/miniconda3/envs/alphatrans/lib/python3.10/unittest/case.py", line 591, in run
    self._callTestMethod(testMethod)
  File "/Users/ali/miniconda3/envs/alphatrans/lib/python3.10/unittest/case.py", line 549, in _callTestMethod
    method()
  File "/Users/ali/Documents/AlphaTrans/data/recomposed_projects-manual/deepseek-coder-33b-instruct/body/commons-codec/src/test/org/apache/commons/codec/binary/HexTest.py", line 422, in testDecodeByteBufferAllocatedButEmpty
    self.assertEqual(list(bb), [])
ValueError: operation forbidden on released memoryview object</failure>
    </testcase>
    <testcase classname="src.test.org.apache.commons.codec.binary.AllocateDirectHexTest.HexTest" name="testDecodeByteBufferEmpty" time="0.000"/>
    <testcase classname="src.test.org.apache.commons.codec.binary.AllocateDirectHexTest.HexTest" name="testDecodeByteBufferObjectEmpty" time="0.000">
      <failure message="AttributeError: 'HexTest' object has no attribute '_decode2'">Traceback (most recent call last):
  File "/Users/ali/miniconda3/envs/alphatrans/lib/python3.10/unittest/case.py", line 59, in testPartExecutor
    yield
  File "/Users/ali/miniconda3/envs/alphatrans/lib/python3.10/unittest/case.py", line 591, in run
    self._callTestMethod(testMethod)
  File "/Users/ali/miniconda3/envs/alphatrans/lib/python3.10/unittest/case.py", line 549, in _callTestMethod
    method()
  File "/Users/ali/Documents/AlphaTrans/data/recomposed_projects-manual/deepseek-coder-33b-instruct/body/commons-codec/src/test/org/apache/commons/codec/binary/HexTest.py", line 414, in testDecodeByteBufferObjectEmpty
    self.assertListEqual([], (self._decode2(self._allocate(0))))
AttributeError: 'HexTest' object has no attribute '_decode2'</failure>
    </testcase>
    <testcase classname="src.test.org.apache.commons.codec.binary.AllocateDirectHexTest.HexTest" name="testDecodeByteBufferOddCharacters" time="0.000"/>
    <testcase classname="src.test.org.apache.commons.codec.binary.AllocateDirectHexTest.HexTest" name="testDecodeByteBufferWithLimit" time="0.000"/>
    <testcase classname="src.test.org.apache.commons.codec.binary.AllocateDirectHexTest.HexTest" name="testDecodeByteBufferWithLimitOddCharacters" time="0.000">
      <failure message="AttributeError: 'list' object has no attribute 'decode'">Traceback (most recent call last):
  File "/Users/ali/miniconda3/envs/alphatrans/lib/python3.10/unittest/case.py", line 59, in testPartExecutor
    yield
  File "/Users/ali/miniconda3/envs/alphatrans/lib/python3.10/unittest/case.py", line 591, in run
    self._callTestMethod(testMethod)
  File "/Users/ali/miniconda3/envs/alphatrans/lib/python3.10/unittest/case.py", line 549, in _callTestMethod
    method()
  File "/Users/ali/Documents/AlphaTrans/data/recomposed_projects-manual/deepseek-coder-33b-instruct/body/commons-codec/src/test/org/apache/commons/codec/binary/HexTest.py", line 404, in testDecodeByteBufferWithLimitOddCharacters
    self.__checkDecodeHexByteBufferOddCharacters(bb)
  File "/Users/ali/Documents/AlphaTrans/data/recomposed_projects-manual/deepseek-coder-33b-instruct/body/commons-codec/src/test/org/apache/commons/codec/binary/HexTest.py", line 547, in __checkDecodeHexByteBufferOddCharacters
    Hex(2, None, None).decode1(data)
  File "/Users/ali/Documents/AlphaTrans/data/recomposed_projects-manual/deepseek-coder-33b-instruct/body/commons-codec/src/main/org/apache/commons/codec/binary/Hex.py", line 102, in decode1
    list(self.__toByteArray(buffer).decode(self.getCharset()))
AttributeError: 'list' object has no attribute 'decode'</failure>
    </testcase>
    <testcase classname="src.test.org.apache.commons.codec.binary.AllocateDirectHexTest.HexTest" name="testDecodeHexCharArrayEmpty" time="0.000"/>
    <testcase classname="src.test.org.apache.commons.codec.binary.AllocateDirectHexTest.HexTest" name="testDecodeHexCharArrayOddCharacters1" time="0.000"/>
    <testcase classname="src.test.org.apache.commons.codec.binary.AllocateDirectHexTest.HexTest" name="testDecodeHexCharArrayOddCharacters3" time="0.000"/>
    <testcase classname="src.test.org.apache.commons.codec.binary.AllocateDirectHexTest.HexTest" name="testDecodeHexCharArrayOddCharacters5" time="0.000"/>
    <testcase classname="src.test.org.apache.commons.codec.binary.AllocateDirectHexTest.HexTest" name="testDecodeHexCharArrayOutBufferUnderSized" time="0.000"/>
    <testcase classname="src.test.org.apache.commons.codec.binary.AllocateDirectHexTest.HexTest" name="testDecodeHexCharArrayOutBufferUnderSizedByOffset" time="0.000">
      <failure message="src.main.org.apache.commons.codec.DecoderException.DecoderException: ('Output array is not large enough to accommodate decoded data.', None)">Traceback (most recent call last):
  File "/Users/ali/miniconda3/envs/alphatrans/lib/python3.10/unittest/case.py", line 59, in testPartExecutor
    yield
  File "/Users/ali/miniconda3/envs/alphatrans/lib/python3.10/unittest/case.py", line 591, in run
    self._callTestMethod(testMethod)
  File "/Users/ali/miniconda3/envs/alphatrans/lib/python3.10/unittest/case.py", line 549, in _callTestMethod
    method()
  File "/Users/ali/Documents/AlphaTrans/data/recomposed_projects-manual/deepseek-coder-33b-instruct/body/commons-codec/src/test/org/apache/commons/codec/binary/HexTest.py", line 355, in testDecodeHexCharArrayOutBufferUnderSizedByOffset
    Hex.decodeHex1(list("aabbccddeeff"), out, 1)
  File "/Users/ali/Documents/AlphaTrans/data/recomposed_projects-manual/deepseek-coder-33b-instruct/body/commons-codec/src/main/org/apache/commons/codec/binary/Hex.py", line 284, in decodeHex1
    raise DecoderException(
src.main.org.apache.commons.codec.DecoderException.DecoderException: ('Output array is not large enough to accommodate decoded data.', None)</failure>
    </testcase>
    <testcase classname="src.test.org.apache.commons.codec.binary.AllocateDirectHexTest.HexTest" name="testDecodeHexStringEmpty" time="0.000"/>
    <testcase classname="src.test.org.apache.commons.codec.binary.AllocateDirectHexTest.HexTest" name="testDecodeHexStringOddCharacters" time="0.000"/>
    <testcase classname="src.test.org.apache.commons.codec.binary.AllocateDirectHexTest.HexTest" name="testDecodeHexStringOddCharacters1" time="0.000"/>
    <testcase classname="src.test.org.apache.commons.codec.binary.AllocateDirectHexTest.HexTest" name="testDecodeStringEmpty" time="0.000"/>
    <testcase classname="src.test.org.apache.commons.codec.binary.AllocateDirectHexTest.HexTest" name="testDecodeTypeError" time="0.000"/>
    <testcase classname="src.test.org.apache.commons.codec.binary.AllocateDirectHexTest.HexTest" name="testEncodeByteArrayEmpty" time="0.000">
      <failure message="AttributeError: 'HexTest' object has no attribute 'Hex'">Traceback (most recent call last):
  File "/Users/ali/miniconda3/envs/alphatrans/lib/python3.10/unittest/case.py", line 59, in testPartExecutor
    yield
  File "/Users/ali/miniconda3/envs/alphatrans/lib/python3.10/unittest/case.py", line 591, in run
    self._callTestMethod(testMethod)
  File "/Users/ali/miniconda3/envs/alphatrans/lib/python3.10/unittest/case.py", line 549, in _callTestMethod
    method()
  File "/Users/ali/Documents/AlphaTrans/data/recomposed_projects-manual/deepseek-coder-33b-instruct/body/commons-codec/src/test/org/apache/commons/codec/binary/HexTest.py", line 328, in testEncodeByteArrayEmpty
    bytearray([]), bytearray(self.Hex(2, None, None).encode0(bytearray([])))
AttributeError: 'HexTest' object has no attribute 'Hex'</failure>
    </testcase>
    <testcase classname="src.test.org.apache.commons.codec.binary.AllocateDirectHexTest.HexTest" name="testEncodeByteArrayObjectEmpty" time="0.000"/>
    <testcase classname="src.test.org.apache.commons.codec.binary.AllocateDirectHexTest.HexTest" name="testEncodeByteBufferAllocatedButEmpty" time="0.000">
      <failure message="AttributeError: 'bytearray' object has no attribute 'flip'">Traceback (most recent call last):
  File "/Users/ali/miniconda3/envs/alphatrans/lib/python3.10/unittest/case.py", line 59, in testPartExecutor
    yield
  File "/Users/ali/miniconda3/envs/alphatrans/lib/python3.10/unittest/case.py", line 591, in run
    self._callTestMethod(testMethod)
  File "/Users/ali/miniconda3/envs/alphatrans/lib/python3.10/unittest/case.py", line 549, in _callTestMethod
    method()
  File "/Users/ali/Documents/AlphaTrans/data/recomposed_projects-manual/deepseek-coder-33b-instruct/body/commons-codec/src/test/org/apache/commons/codec/binary/HexTest.py", line 313, in testEncodeByteBufferAllocatedButEmpty
    bb.flip()
AttributeError: 'bytearray' object has no attribute 'flip'</failure>
    </testcase>
    <testcase classname="src.test.org.apache.commons.codec.binary.AllocateDirectHexTest.HexTest" name="testEncodeByteBufferEmpty" time="0.000"/>
    <testcase classname="src.test.org.apache.commons.codec.binary.AllocateDirectHexTest.HexTest" name="testEncodeByteBufferObjectEmpty" time="0.000"/>
    <testcase classname="src.test.org.apache.commons.codec.binary.AllocateDirectHexTest.HexTest" name="testEncodeDecodeHexCharArrayRandom" time="0.003">
      <failure message="TypeError: ord() expected string of length 1, but int found">Traceback (most recent call last):
  File "/Users/ali/miniconda3/envs/alphatrans/lib/python3.10/unittest/case.py", line 59, in testPartExecutor
    yield
  File "/Users/ali/miniconda3/envs/alphatrans/lib/python3.10/unittest/case.py", line 591, in run
    self._callTestMethod(testMethod)
  File "/Users/ali/miniconda3/envs/alphatrans/lib/python3.10/unittest/case.py", line 549, in _callTestMethod
    method()
  File "/Users/ali/Documents/AlphaTrans/data/recomposed_projects-manual/deepseek-coder-33b-instruct/body/commons-codec/src/test/org/apache/commons/codec/binary/HexTest.py", line 291, in testEncodeDecodeHexCharArrayRandom
    self.assertEqual(StringUtils.getBytesUtf8(dataString), decodedBytes)
  File "/Users/ali/Documents/AlphaTrans/data/recomposed_projects-manual/deepseek-coder-33b-instruct/body/commons-codec/src/main/org/apache/commons/codec/binary/StringUtils.py", line 51, in getBytesUtf8
    return [ord(c) for c in string.encode("utf-8")]
  File "/Users/ali/Documents/AlphaTrans/data/recomposed_projects-manual/deepseek-coder-33b-instruct/body/commons-codec/src/main/org/apache/commons/codec/binary/StringUtils.py", line 51, in &lt;listcomp&gt;
    return [ord(c) for c in string.encode("utf-8")]
TypeError: ord() expected string of length 1, but int found</failure>
    </testcase>
    <testcase classname="src.test.org.apache.commons.codec.binary.AllocateDirectHexTest.HexTest" name="testEncodeDecodeHexCharArrayRandomToOutput" time="0.029"/>
    <testcase classname="src.test.org.apache.commons.codec.binary.AllocateDirectHexTest.HexTest" name="testEncodeHexByteArrayEmpty" time="0.000"/>
    <testcase classname="src.test.org.apache.commons.codec.binary.AllocateDirectHexTest.HexTest" name="testEncodeHexByteArrayHelloWorldLowerCaseHex" time="0.000">
      <failure message="TypeError: ord() expected string of length 1, but int found">Traceback (most recent call last):
  File "/Users/ali/miniconda3/envs/alphatrans/lib/python3.10/unittest/case.py", line 59, in testPartExecutor
    yield
  File "/Users/ali/miniconda3/envs/alphatrans/lib/python3.10/unittest/case.py", line 591, in run
    self._callTestMethod(testMethod)
  File "/Users/ali/miniconda3/envs/alphatrans/lib/python3.10/unittest/case.py", line 549, in _callTestMethod
    method()
  File "/Users/ali/Documents/AlphaTrans/data/recomposed_projects-manual/deepseek-coder-33b-instruct/body/commons-codec/src/test/org/apache/commons/codec/binary/HexTest.py", line 241, in testEncodeHexByteArrayHelloWorldLowerCaseHex
    b = StringUtils.getBytesUtf8("Hello World")
  File "/Users/ali/Documents/AlphaTrans/data/recomposed_projects-manual/deepseek-coder-33b-instruct/body/commons-codec/src/main/org/apache/commons/codec/binary/StringUtils.py", line 51, in getBytesUtf8
    return [ord(c) for c in string.encode("utf-8")]
  File "/Users/ali/Documents/AlphaTrans/data/recomposed_projects-manual/deepseek-coder-33b-instruct/body/commons-codec/src/main/org/apache/commons/codec/binary/StringUtils.py", line 51, in &lt;listcomp&gt;
    return [ord(c) for c in string.encode("utf-8")]
TypeError: ord() expected string of length 1, but int found</failure>
    </testcase>
    <testcase classname="src.test.org.apache.commons.codec.binary.AllocateDirectHexTest.HexTest" name="testEncodeHexByteArrayHelloWorldUpperCaseHex" time="0.000">
      <failure message="TypeError: ord() expected string of length 1, but int found">Traceback (most recent call last):
  File "/Users/ali/miniconda3/envs/alphatrans/lib/python3.10/unittest/case.py", line 59, in testPartExecutor
    yield
  File "/Users/ali/miniconda3/envs/alphatrans/lib/python3.10/unittest/case.py", line 591, in run
    self._callTestMethod(testMethod)
  File "/Users/ali/miniconda3/envs/alphatrans/lib/python3.10/unittest/case.py", line 549, in _callTestMethod
    method()
  File "/Users/ali/Documents/AlphaTrans/data/recomposed_projects-manual/deepseek-coder-33b-instruct/body/commons-codec/src/test/org/apache/commons/codec/binary/HexTest.py", line 230, in testEncodeHexByteArrayHelloWorldUpperCaseHex
    b = StringUtils.getBytesUtf8("Hello World")
  File "/Users/ali/Documents/AlphaTrans/data/recomposed_projects-manual/deepseek-coder-33b-instruct/body/commons-codec/src/main/org/apache/commons/codec/binary/StringUtils.py", line 51, in getBytesUtf8
    return [ord(c) for c in string.encode("utf-8")]
  File "/Users/ali/Documents/AlphaTrans/data/recomposed_projects-manual/deepseek-coder-33b-instruct/body/commons-codec/src/main/org/apache/commons/codec/binary/StringUtils.py", line 51, in &lt;listcomp&gt;
    return [ord(c) for c in string.encode("utf-8")]
TypeError: ord() expected string of length 1, but int found</failure>
    </testcase>
    <testcase classname="src.test.org.apache.commons.codec.binary.AllocateDirectHexTest.HexTest" name="testEncodeHexByteArrayZeroes" time="0.000"/>
    <testcase classname="src.test.org.apache.commons.codec.binary.AllocateDirectHexTest.HexTest" name="testEncodeHexByteBufferEmpty" time="0.000"/>
    <testcase classname="src.test.org.apache.commons.codec.binary.AllocateDirectHexTest.HexTest" name="testEncodeHexByteBufferHelloWorldLowerCaseHex" time="0.000">
      <failure message="AttributeError: 'bytearray' object has no attribute 'remaining'">Traceback (most recent call last):
  File "/Users/ali/miniconda3/envs/alphatrans/lib/python3.10/unittest/case.py", line 59, in testPartExecutor
    yield
  File "/Users/ali/miniconda3/envs/alphatrans/lib/python3.10/unittest/case.py", line 591, in run
    self._callTestMethod(testMethod)
  File "/Users/ali/miniconda3/envs/alphatrans/lib/python3.10/unittest/case.py", line 549, in _callTestMethod
    method()
  File "/Users/ali/Documents/AlphaTrans/data/recomposed_projects-manual/deepseek-coder-33b-instruct/body/commons-codec/src/test/org/apache/commons/codec/binary/HexTest.py", line 205, in testEncodeHexByteBufferHelloWorldLowerCaseHex
    self.assertEqual(0, b.remaining())
AttributeError: 'bytearray' object has no attribute 'remaining'</failure>
    </testcase>
    <testcase classname="src.test.org.apache.commons.codec.binary.AllocateDirectHexTest.HexTest" name="testEncodeHexByteBufferHelloWorldUpperCaseHex" time="0.000">
      <failure message="AttributeError: 'bytearray' object has no attribute 'remaining'">Traceback (most recent call last):
  File "/Users/ali/miniconda3/envs/alphatrans/lib/python3.10/unittest/case.py", line 59, in testPartExecutor
    yield
  File "/Users/ali/miniconda3/envs/alphatrans/lib/python3.10/unittest/case.py", line 591, in run
    self._callTestMethod(testMethod)
  File "/Users/ali/miniconda3/envs/alphatrans/lib/python3.10/unittest/case.py", line 549, in _callTestMethod
    method()
  File "/Users/ali/Documents/AlphaTrans/data/recomposed_projects-manual/deepseek-coder-33b-instruct/body/commons-codec/src/test/org/apache/commons/codec/binary/HexTest.py", line 189, in testEncodeHexByteBufferHelloWorldUpperCaseHex
    self.assertEqual(0, b.remaining())
AttributeError: 'bytearray' object has no attribute 'remaining'</failure>
    </testcase>
    <testcase classname="src.test.org.apache.commons.codec.binary.AllocateDirectHexTest.HexTest" name="testEncodeHexByteString_ByteArrayBoolean_ToLowerCase" time="0.000"/>
    <testcase classname="src.test.org.apache.commons.codec.binary.AllocateDirectHexTest.HexTest" name="testEncodeHexByteString_ByteArrayBoolean_ToUpperCase" time="0.000"/>
    <testcase classname="src.test.org.apache.commons.codec.binary.AllocateDirectHexTest.HexTest" name="testEncodeHexByteString_ByteArrayOfZeroes" time="0.000"/>
    <testcase classname="src.test.org.apache.commons.codec.binary.AllocateDirectHexTest.HexTest" name="testEncodeHexByteString_ByteBufferBoolean_ToLowerCase" time="0.000"/>
    <testcase classname="src.test.org.apache.commons.codec.binary.AllocateDirectHexTest.HexTest" name="testEncodeHexByteString_ByteBufferBoolean_ToUpperCase" time="0.000"/>
    <testcase classname="src.test.org.apache.commons.codec.binary.AllocateDirectHexTest.HexTest" name="testEncodeHexByteString_ByteBufferOfZeroes" time="0.001">
      <failure message="AssertionError: '0000000000000000000000000000000000000000000000000000000000000000000000000' != '000000000000000000000000000000000000000000000000000000000000000000000000'&#10;- 0000000000000000000000000000000000000000000000000000000000000000000000000&#10;? -&#10;+ 000000000000000000000000000000000000000000000000000000000000000000000000">Traceback (most recent call last):
  File "/Users/ali/miniconda3/envs/alphatrans/lib/python3.10/unittest/case.py", line 59, in testPartExecutor
    yield
  File "/Users/ali/miniconda3/envs/alphatrans/lib/python3.10/unittest/case.py", line 591, in run
    self._callTestMethod(testMethod)
  File "/Users/ali/miniconda3/envs/alphatrans/lib/python3.10/unittest/case.py", line 549, in _callTestMethod
    method()
  File "/Users/ali/Documents/AlphaTrans/data/recomposed_projects-manual/deepseek-coder-33b-instruct/body/commons-codec/src/test/org/apache/commons/codec/binary/HexTest.py", line 118, in testEncodeHexByteString_ByteBufferOfZeroes
    self.assertEqual(
  File "/Users/ali/miniconda3/envs/alphatrans/lib/python3.10/unittest/case.py", line 845, in assertEqual
    assertion_func(first, second, msg=msg)
  File "/Users/ali/miniconda3/envs/alphatrans/lib/python3.10/unittest/case.py", line 1226, in assertMultiLineEqual
    self.fail(self._formatMessage(msg, standardMsg))
  File "/Users/ali/miniconda3/envs/alphatrans/lib/python3.10/unittest/case.py", line 675, in fail
    raise self.failureException(msg)
AssertionError: '0000000000000000000000000000000000000000000000000000000000000000000000000' != '000000000000000000000000000000000000000000000000000000000000000000000000'
- 0000000000000000000000000000000000000000000000000000000000000000000000000
? -
+ 000000000000000000000000000000000000000000000000000000000000000000000000</failure>
    </testcase>
    <testcase classname="src.test.org.apache.commons.codec.binary.AllocateDirectHexTest.HexTest" name="testEncodeHexByteString_ByteBufferOfZeroesWithLimit" time="0.000">
      <failure message="AttributeError: 'bytearray' object has no attribute 'limit'">Traceback (most recent call last):
  File "/Users/ali/miniconda3/envs/alphatrans/lib/python3.10/unittest/case.py", line 59, in testPartExecutor
    yield
  File "/Users/ali/miniconda3/envs/alphatrans/lib/python3.10/unittest/case.py", line 591, in run
    self._callTestMethod(testMethod)
  File "/Users/ali/miniconda3/envs/alphatrans/lib/python3.10/unittest/case.py", line 549, in _callTestMethod
    method()
  File "/Users/ali/Documents/AlphaTrans/data/recomposed_projects-manual/deepseek-coder-33b-instruct/body/commons-codec/src/test/org/apache/commons/codec/binary/HexTest.py", line 107, in testEncodeHexByteString_ByteBufferOfZeroesWithLimit
    bb.limit(3)
AttributeError: 'bytearray' object has no attribute 'limit'</failure>
    </testcase>
    <testcase classname="src.test.org.apache.commons.codec.binary.AllocateDirectHexTest.HexTest" name="testEncodeHexByteString_ByteBufferWithLimitBoolean_ToLowerCase" time="0.000">
      <failure message="AssertionError: 0 != 1">Traceback (most recent call last):
  File "/Users/ali/miniconda3/envs/alphatrans/lib/python3.10/unittest/case.py", line 59, in testPartExecutor
    yield
  File "/Users/ali/miniconda3/envs/alphatrans/lib/python3.10/unittest/case.py", line 591, in run
    self._callTestMethod(testMethod)
  File "/Users/ali/miniconda3/envs/alphatrans/lib/python3.10/unittest/case.py", line 549, in _callTestMethod
    method()
  File "/Users/ali/Documents/AlphaTrans/data/recomposed_projects-manual/deepseek-coder-33b-instruct/body/commons-codec/src/test/org/apache/commons/codec/binary/HexTest.py", line 74, in testEncodeHexByteString_ByteBufferWithLimitBoolean_ToLowerCase
    self.assertEqual(0, len(bb))
  File "/Users/ali/miniconda3/envs/alphatrans/lib/python3.10/unittest/case.py", line 845, in assertEqual
    assertion_func(first, second, msg=msg)
  File "/Users/ali/miniconda3/envs/alphatrans/lib/python3.10/unittest/case.py", line 838, in _baseAssertEqual
    raise self.failureException(msg)
AssertionError: 0 != 1</failure>
    </testcase>
    <testcase classname="src.test.org.apache.commons.codec.binary.AllocateDirectHexTest.HexTest" name="testEncodeHexByteString_ByteBufferWithLimitBoolean_ToUpperCase" time="0.000">
      <failure message="AssertionError: 0 != 1">Traceback (most recent call last):
  File "/Users/ali/miniconda3/envs/alphatrans/lib/python3.10/unittest/case.py", line 59, in testPartExecutor
    yield
  File "/Users/ali/miniconda3/envs/alphatrans/lib/python3.10/unittest/case.py", line 591, in run
    self._callTestMethod(testMethod)
  File "/Users/ali/miniconda3/envs/alphatrans/lib/python3.10/unittest/case.py", line 549, in _callTestMethod
    method()
  File "/Users/ali/Documents/AlphaTrans/data/recomposed_projects-manual/deepseek-coder-33b-instruct/body/commons-codec/src/test/org/apache/commons/codec/binary/HexTest.py", line 66, in testEncodeHexByteString_ByteBufferWithLimitBoolean_ToUpperCase
    self.assertEqual(0, len(bb))
  File "/Users/ali/miniconda3/envs/alphatrans/lib/python3.10/unittest/case.py", line 845, in assertEqual
    assertion_func(first, second, msg=msg)
  File "/Users/ali/miniconda3/envs/alphatrans/lib/python3.10/unittest/case.py", line 838, in _baseAssertEqual
    raise self.failureException(msg)
AssertionError: 0 != 1</failure>
    </testcase>
    <testcase classname="src.test.org.apache.commons.codec.binary.AllocateDirectHexTest.HexTest" name="testEncodeHexPartialInput" time="0.000"/>
    <testcase classname="src.test.org.apache.commons.codec.binary.AllocateDirectHexTest.HexTest" name="testEncodeHexPartialInputOverbounds" time="0.000"/>
    <testcase classname="src.test.org.apache.commons.codec.binary.AllocateDirectHexTest.HexTest" name="testEncodeHexPartialInputUnderbounds" time="0.000">
      <failure message="AssertionError: Lists differ: ['6', '4'] != ['6', 'c', '6', '4', '6', '8', '6', '5', '6', 'c[47 chars] 'f']&#10;&#10;First differing element 1:&#10;'4'&#10;'c'&#10;&#10;Second list contains 18 additional elements.&#10;First extra element 2:&#10;'6'&#10;&#10;- ['6', '4']&#10;+ ['6',&#10;+  'c',&#10;+  '6',&#10;+  '4',&#10;+  '6',&#10;+  '8',&#10;+  '6',&#10;+  '5',&#10;+  '6',&#10;+  'c',&#10;+  '6',&#10;+  'c',&#10;+  '6',&#10;+  'f',&#10;+  '2',&#10;+  '0',&#10;+  '7',&#10;+  '7',&#10;+  '6',&#10;+  'f']">Traceback (most recent call last):
  File "/Users/ali/miniconda3/envs/alphatrans/lib/python3.10/unittest/case.py", line 59, in testPartExecutor
    yield
  File "/Users/ali/miniconda3/envs/alphatrans/lib/python3.10/unittest/case.py", line 591, in run
    self._callTestMethod(testMethod)
  File "/Users/ali/miniconda3/envs/alphatrans/lib/python3.10/unittest/case.py", line 549, in _callTestMethod
    method()
  File "/Users/ali/Documents/AlphaTrans/data/recomposed_projects-manual/deepseek-coder-33b-instruct/body/commons-codec/src/test/org/apache/commons/codec/binary/HexTest.py", line 137, in testEncodeHexPartialInputUnderbounds
    self.assertEqual(list("64"), hex)
  File "/Users/ali/miniconda3/envs/alphatrans/lib/python3.10/unittest/case.py", line 845, in assertEqual
    assertion_func(first, second, msg=msg)
  File "/Users/ali/miniconda3/envs/alphatrans/lib/python3.10/unittest/case.py", line 1051, in assertListEqual
    self.assertSequenceEqual(list1, list2, msg, seq_type=list)
  File "/Users/ali/miniconda3/envs/alphatrans/lib/python3.10/unittest/case.py", line 1033, in assertSequenceEqual
    self.fail(msg)
  File "/Users/ali/miniconda3/envs/alphatrans/lib/python3.10/unittest/case.py", line 675, in fail
    raise self.failureException(msg)
AssertionError: Lists differ: ['6', '4'] != ['6', 'c', '6', '4', '6', '8', '6', '5', '6', 'c[47 chars] 'f']

First differing element 1:
'4'
'c'

Second list contains 18 additional elements.
First extra element 2:
'6'

- ['6', '4']
+ ['6',
+  'c',
+  '6',
+  '4',
+  '6',
+  '8',
+  '6',
+  '5',
+  '6',
+  'c',
+  '6',
+  'c',
+  '6',
+  'f',
+  '2',
+  '0',
+  '7',
+  '7',
+  '6',
+  'f']</failure>
    </testcase>
    <testcase classname="src.test.org.apache.commons.codec.binary.AllocateDirectHexTest.HexTest" name="testEncodeHexReadOnlyByteBuffer" time="0.000"/>
    <testcase classname="src.test.org.apache.commons.codec.binary.AllocateDirectHexTest.HexTest" name="testEncodeHex_ByteBufferOfZeroes" time="0.001">
      <failure message="AssertionError: '0000000000000000000000000000000000000000000000000000000000000000000000000' != '000000000000000000000000000000000000000000000000000000000000000000000000'&#10;- 0000000000000000000000000000000000000000000000000000000000000000000000000&#10;? -&#10;+ 000000000000000000000000000000000000000000000000000000000000000000000000">Traceback (most recent call last):
  File "/Users/ali/miniconda3/envs/alphatrans/lib/python3.10/unittest/case.py", line 59, in testPartExecutor
    yield
  File "/Users/ali/miniconda3/envs/alphatrans/lib/python3.10/unittest/case.py", line 591, in run
    self._callTestMethod(testMethod)
  File "/Users/ali/miniconda3/envs/alphatrans/lib/python3.10/unittest/case.py", line 549, in _callTestMethod
    method()
  File "/Users/ali/Documents/AlphaTrans/data/recomposed_projects-manual/deepseek-coder-33b-instruct/body/commons-codec/src/test/org/apache/commons/codec/binary/HexTest.py", line 178, in testEncodeHex_ByteBufferOfZeroes
    self.assertEqual(
  File "/Users/ali/miniconda3/envs/alphatrans/lib/python3.10/unittest/case.py", line 845, in assertEqual
    assertion_func(first, second, msg=msg)
  File "/Users/ali/miniconda3/envs/alphatrans/lib/python3.10/unittest/case.py", line 1226, in assertMultiLineEqual
    self.fail(self._formatMessage(msg, standardMsg))
  File "/Users/ali/miniconda3/envs/alphatrans/lib/python3.10/unittest/case.py", line 675, in fail
    raise self.failureException(msg)
AssertionError: '0000000000000000000000000000000000000000000000000000000000000000000000000' != '000000000000000000000000000000000000000000000000000000000000000000000000'
- 0000000000000000000000000000000000000000000000000000000000000000000000000
? -
+ 000000000000000000000000000000000000000000000000000000000000000000000000</failure>
    </testcase>
    <testcase classname="src.test.org.apache.commons.codec.binary.AllocateDirectHexTest.HexTest" name="testEncodeHex_ByteBufferWithLimit" time="0.000">
      <failure message="AssertionError: '0001' != ['0', '0', '0', '1']">Traceback (most recent call last):
  File "/Users/ali/miniconda3/envs/alphatrans/lib/python3.10/unittest/case.py", line 59, in testPartExecutor
    yield
  File "/Users/ali/miniconda3/envs/alphatrans/lib/python3.10/unittest/case.py", line 591, in run
    self._callTestMethod(testMethod)
  File "/Users/ali/miniconda3/envs/alphatrans/lib/python3.10/unittest/case.py", line 549, in _callTestMethod
    method()
  File "/Users/ali/Documents/AlphaTrans/data/recomposed_projects-manual/deepseek-coder-33b-instruct/body/commons-codec/src/test/org/apache/commons/codec/binary/HexTest.py", line 172, in testEncodeHex_ByteBufferWithLimit
    self.assertEqual(expected[i * 2 : i * 2 + 4], Hex.encodeHex6(bb))
  File "/Users/ali/miniconda3/envs/alphatrans/lib/python3.10/unittest/case.py", line 845, in assertEqual
    assertion_func(first, second, msg=msg)
  File "/Users/ali/miniconda3/envs/alphatrans/lib/python3.10/unittest/case.py", line 838, in _baseAssertEqual
    raise self.failureException(msg)
AssertionError: '0001' != ['0', '0', '0', '1']</failure>
    </testcase>
    <testcase classname="src.test.org.apache.commons.codec.binary.AllocateDirectHexTest.HexTest" name="testEncodeStringEmpty" time="0.000"/>
    <testcase classname="src.test.org.apache.commons.codec.binary.AllocateDirectHexTest.HexTest" name="testEncodeTypeError" time="0.000">
      <failure message="AssertionError: An exception wasn't thrown when trying to encode.">Traceback (most recent call last):
  File "/Users/ali/miniconda3/envs/alphatrans/lib/python3.10/unittest/case.py", line 59, in testPartExecutor
    yield
  File "/Users/ali/miniconda3/envs/alphatrans/lib/python3.10/unittest/case.py", line 591, in run
    self._callTestMethod(testMethod)
  File "/Users/ali/miniconda3/envs/alphatrans/lib/python3.10/unittest/case.py", line 549, in _callTestMethod
    method()
  File "/Users/ali/Documents/AlphaTrans/data/recomposed_projects-manual/deepseek-coder-33b-instruct/body/commons-codec/src/test/org/apache/commons/codec/binary/HexTest.py", line 302, in testEncodeTypeError
    self.fail("An exception wasn't thrown when trying to encode.")
  File "/Users/ali/miniconda3/envs/alphatrans/lib/python3.10/unittest/case.py", line 675, in fail
    raise self.failureException(msg)
AssertionError: An exception wasn't thrown when trying to encode.</failure>
    </testcase>
    <testcase classname="src.test.org.apache.commons.codec.binary.AllocateDirectHexTest.HexTest" name="testGetCharset" time="0.000">
      <failure message="ModuleNotFoundError: No module named 'java'">Traceback (most recent call last):
  File "/Users/ali/miniconda3/envs/alphatrans/lib/python3.10/unittest/case.py", line 59, in testPartExecutor
    yield
  File "/Users/ali/miniconda3/envs/alphatrans/lib/python3.10/unittest/case.py", line 591, in run
    self._callTestMethod(testMethod)
  File "/Users/ali/miniconda3/envs/alphatrans/lib/python3.10/unittest/case.py", line 549, in _callTestMethod
    method()
  File "/Users/ali/Documents/AlphaTrans/data/recomposed_projects-manual/deepseek-coder-33b-instruct/body/commons-codec/src/test/org/apache/commons/codec/binary/HexTest.py", line 41, in testGetCharset
    from java.nio.charset import StandardCharsets
ModuleNotFoundError: No module named 'java'</failure>
    </testcase>
    <testcase classname="src.test.org.apache.commons.codec.binary.AllocateDirectHexTest.HexTest" name="testGetCharsetName" time="0.000">
      <failure message="NameError: name 'StandardCharsets' is not defined">Traceback (most recent call last):
  File "/Users/ali/miniconda3/envs/alphatrans/lib/python3.10/unittest/case.py", line 59, in testPartExecutor
    yield
  File "/Users/ali/miniconda3/envs/alphatrans/lib/python3.10/unittest/case.py", line 591, in run
    self._callTestMethod(testMethod)
  File "/Users/ali/miniconda3/envs/alphatrans/lib/python3.10/unittest/case.py", line 549, in _callTestMethod
    method()
  File "/Users/ali/Documents/AlphaTrans/data/recomposed_projects-manual/deepseek-coder-33b-instruct/body/commons-codec/src/test/org/apache/commons/codec/binary/HexTest.py", line 34, in testGetCharsetName
    hex_instance = Hex(1, None, StandardCharsets.UTF_8)
NameError: name 'StandardCharsets' is not defined</failure>
    </testcase>
    <testcase classname="src.test.org.apache.commons.codec.binary.AllocateDirectHexTest.HexTest" name="testRequiredCharset" time="0.000">
      <failure message="AttributeError: 'HexTest' object has no attribute '_HexTest__LOG'. Did you mean: '_HexTest__log0'?">Traceback (most recent call last):
  File "/Users/ali/miniconda3/envs/alphatrans/lib/python3.10/unittest/case.py", line 59, in testPartExecutor
    yield
  File "/Users/ali/miniconda3/envs/alphatrans/lib/python3.10/unittest/case.py", line 591, in run
    self._callTestMethod(testMethod)
  File "/Users/ali/miniconda3/envs/alphatrans/lib/python3.10/unittest/case.py", line 549, in _callTestMethod
    method()
  File "/Users/ali/Documents/AlphaTrans/data/recomposed_projects-manual/deepseek-coder-33b-instruct/body/commons-codec/src/test/org/apache/commons/codec/binary/HexTest.py", line 24, in testRequiredCharset
    self.__testCustomCharset1("UTF-8", "testRequiredCharset")
  File "/Users/ali/Documents/AlphaTrans/data/recomposed_projects-manual/deepseek-coder-33b-instruct/body/commons-codec/src/test/org/apache/commons/codec/binary/HexTest.py", line 499, in __testCustomCharset1
    self.__log0(parent + "=" + name)
  File "/Users/ali/Documents/AlphaTrans/data/recomposed_projects-manual/deepseek-coder-33b-instruct/body/commons-codec/src/test/org/apache/commons/codec/binary/HexTest.py", line 528, in __log0
    if self.__LOG:
AttributeError: 'HexTest' object has no attribute '_HexTest__LOG'. Did you mean: '_HexTest__log0'?</failure>
    </testcase>
    <testcase classname="src.test.org.apache.commons.codec.binary.AllocateDirectHexTest.AllocateDirectHexTest" name="testCustomCharset0" time="0.000">
      <failure message="NameError: name 'Charset' is not defined">Traceback (most recent call last):
  File "/Users/ali/miniconda3/envs/alphatrans/lib/python3.10/unittest/case.py", line 59, in testPartExecutor
    yield
  File "/Users/ali/miniconda3/envs/alphatrans/lib/python3.10/unittest/case.py", line 591, in run
    self._callTestMethod(testMethod)
  File "/Users/ali/miniconda3/envs/alphatrans/lib/python3.10/unittest/case.py", line 549, in _callTestMethod
    method()
  File "/Users/ali/Documents/AlphaTrans/data/recomposed_projects-manual/deepseek-coder-33b-instruct/body/commons-codec/src/test/org/apache/commons/codec/binary/HexTest.py", line 488, in testCustomCharset0
    for name in Charset.availableCharsets().keys():
NameError: name 'Charset' is not defined</failure>
    </testcase>
    <testcase classname="src.test.org.apache.commons.codec.binary.AllocateDirectHexTest.AllocateDirectHexTest" name="testCustomCharsetBadName" time="0.000">
      <failure message="NameError: name 'Charset' is not defined">Traceback (most recent call last):
  File "/Users/ali/miniconda3/envs/alphatrans/lib/python3.10/unittest/case.py", line 59, in testPartExecutor
    yield
  File "/Users/ali/miniconda3/envs/alphatrans/lib/python3.10/unittest/case.py", line 591, in run
    self._callTestMethod(testMethod)
  File "/Users/ali/miniconda3/envs/alphatrans/lib/python3.10/unittest/case.py", line 549, in _callTestMethod
    method()
  File "/Users/ali/Documents/AlphaTrans/data/recomposed_projects-manual/deepseek-coder-33b-instruct/body/commons-codec/src/test/org/apache/commons/codec/binary/HexTest.py", line 484, in testCustomCharsetBadName
    Hex.Hex0(self.__BAD_ENCODING_NAME)
  File "/Users/ali/Documents/AlphaTrans/data/recomposed_projects-manual/deepseek-coder-33b-instruct/body/commons-codec/src/main/org/apache/commons/codec/binary/Hex.py", line 110, in Hex0
    return Hex(1, None, Charset.forName(charsetName))
NameError: name 'Charset' is not defined</failure>
    </testcase>
    <testcase classname="src.test.org.apache.commons.codec.binary.AllocateDirectHexTest.AllocateDirectHexTest" name="testCustomCharsetToString" time="0.000"/>
    <testcase classname="src.test.org.apache.commons.codec.binary.AllocateDirectHexTest.AllocateDirectHexTest" name="testDecodeBadCharacterPos0" time="0.000"/>
    <testcase classname="src.test.org.apache.commons.codec.binary.AllocateDirectHexTest.AllocateDirectHexTest" name="testDecodeBadCharacterPos1" time="0.000"/>
    <testcase classname="src.test.org.apache.commons.codec.binary.AllocateDirectHexTest.AllocateDirectHexTest" name="testDecodeByteArrayEmpty" time="0.000">
      <failure message="AssertionError: bytearray(b'') != []">Traceback (most recent call last):
  File "/Users/ali/miniconda3/envs/alphatrans/lib/python3.10/unittest/case.py", line 59, in testPartExecutor
    yield
  File "/Users/ali/miniconda3/envs/alphatrans/lib/python3.10/unittest/case.py", line 591, in run
    self._callTestMethod(testMethod)
  File "/Users/ali/miniconda3/envs/alphatrans/lib/python3.10/unittest/case.py", line 549, in _callTestMethod
    method()
  File "/Users/ali/Documents/AlphaTrans/data/recomposed_projects-manual/deepseek-coder-33b-instruct/body/commons-codec/src/test/org/apache/commons/codec/binary/HexTest.py", line 455, in testDecodeByteArrayEmpty
    self.assertEqual(bytearray(), result)
  File "/Users/ali/miniconda3/envs/alphatrans/lib/python3.10/unittest/case.py", line 845, in assertEqual
    assertion_func(first, second, msg=msg)
  File "/Users/ali/miniconda3/envs/alphatrans/lib/python3.10/unittest/case.py", line 838, in _baseAssertEqual
    raise self.failureException(msg)
AssertionError: bytearray(b'') != []</failure>
    </testcase>
    <testcase classname="src.test.org.apache.commons.codec.binary.AllocateDirectHexTest.AllocateDirectHexTest" name="testDecodeByteArrayObjectEmpty" time="0.000">
      <failure message="AssertionError: testDecodeByteArrayObjectEmpty failed: bytearray(b'') != []">Traceback (most recent call last):
  File "/Users/ali/Documents/AlphaTrans/data/recomposed_projects-manual/deepseek-coder-33b-instruct/body/commons-codec/src/test/org/apache/commons/codec/binary/HexTest.py", line 442, in testDecodeByteArrayObjectEmpty
    self.assertEqual(bytearray([]), Hex(2, None, None).decode2(bytearray([])))
  File "/Users/ali/miniconda3/envs/alphatrans/lib/python3.10/unittest/case.py", line 845, in assertEqual
    assertion_func(first, second, msg=msg)
  File "/Users/ali/miniconda3/envs/alphatrans/lib/python3.10/unittest/case.py", line 838, in _baseAssertEqual
    raise self.failureException(msg)
AssertionError: bytearray(b'') != []

During handling of the above exception, another exception occurred:

Traceback (most recent call last):
  File "/Users/ali/miniconda3/envs/alphatrans/lib/python3.10/unittest/case.py", line 59, in testPartExecutor
    yield
  File "/Users/ali/miniconda3/envs/alphatrans/lib/python3.10/unittest/case.py", line 591, in run
    self._callTestMethod(testMethod)
  File "/Users/ali/miniconda3/envs/alphatrans/lib/python3.10/unittest/case.py", line 549, in _callTestMethod
    method()
  File "/Users/ali/Documents/AlphaTrans/data/recomposed_projects-manual/deepseek-coder-33b-instruct/body/commons-codec/src/test/org/apache/commons/codec/binary/HexTest.py", line 444, in testDecodeByteArrayObjectEmpty
    self.fail(f"testDecodeByteArrayObjectEmpty failed: {str(e)}")
  File "/Users/ali/miniconda3/envs/alphatrans/lib/python3.10/unittest/case.py", line 675, in fail
    raise self.failureException(msg)
AssertionError: testDecodeByteArrayObjectEmpty failed: bytearray(b'') != []</failure>
    </testcase>
    <testcase classname="src.test.org.apache.commons.codec.binary.AllocateDirectHexTest.AllocateDirectHexTest" name="testDecodeByteArrayOddCharacters" time="0.000"/>
    <testcase classname="src.test.org.apache.commons.codec.binary.AllocateDirectHexTest.AllocateDirectHexTest" name="testDecodeByteBufferAllocatedButEmpty" time="0.000">
      <failure message="ValueError: operation forbidden on released memoryview object">Traceback (most recent call last):
  File "/Users/ali/miniconda3/envs/alphatrans/lib/python3.10/unittest/case.py", line 59, in testPartExecutor
    yield
  File "/Users/ali/miniconda3/envs/alphatrans/lib/python3.10/unittest/case.py", line 591, in run
    self._callTestMethod(testMethod)
  File "/Users/ali/miniconda3/envs/alphatrans/lib/python3.10/unittest/case.py", line 549, in _callTestMethod
    method()
  File "/Users/ali/Documents/AlphaTrans/data/recomposed_projects-manual/deepseek-coder-33b-instruct/body/commons-codec/src/test/org/apache/commons/codec/binary/HexTest.py", line 422, in testDecodeByteBufferAllocatedButEmpty
    self.assertEqual(list(bb), [])
ValueError: operation forbidden on released memoryview object</failure>
    </testcase>
    <testcase classname="src.test.org.apache.commons.codec.binary.AllocateDirectHexTest.AllocateDirectHexTest" name="testDecodeByteBufferEmpty" time="0.000"/>
    <testcase classname="src.test.org.apache.commons.codec.binary.AllocateDirectHexTest.AllocateDirectHexTest" name="testDecodeByteBufferObjectEmpty" time="0.000">
      <failure message="AttributeError: 'AllocateDirectHexTest' object has no attribute '_decode2'">Traceback (most recent call last):
  File "/Users/ali/miniconda3/envs/alphatrans/lib/python3.10/unittest/case.py", line 59, in testPartExecutor
    yield
  File "/Users/ali/miniconda3/envs/alphatrans/lib/python3.10/unittest/case.py", line 591, in run
    self._callTestMethod(testMethod)
  File "/Users/ali/miniconda3/envs/alphatrans/lib/python3.10/unittest/case.py", line 549, in _callTestMethod
    method()
  File "/Users/ali/Documents/AlphaTrans/data/recomposed_projects-manual/deepseek-coder-33b-instruct/body/commons-codec/src/test/org/apache/commons/codec/binary/HexTest.py", line 414, in testDecodeByteBufferObjectEmpty
    self.assertListEqual([], (self._decode2(self._allocate(0))))
AttributeError: 'AllocateDirectHexTest' object has no attribute '_decode2'</failure>
    </testcase>
    <testcase classname="src.test.org.apache.commons.codec.binary.AllocateDirectHexTest.AllocateDirectHexTest" name="testDecodeByteBufferOddCharacters" time="0.000"/>
    <testcase classname="src.test.org.apache.commons.codec.binary.AllocateDirectHexTest.AllocateDirectHexTest" name="testDecodeByteBufferWithLimit" time="0.000"/>
    <testcase classname="src.test.org.apache.commons.codec.binary.AllocateDirectHexTest.AllocateDirectHexTest" name="testDecodeByteBufferWithLimitOddCharacters" time="0.000">
      <failure message="AttributeError: 'list' object has no attribute 'decode'">Traceback (most recent call last):
  File "/Users/ali/miniconda3/envs/alphatrans/lib/python3.10/unittest/case.py", line 59, in testPartExecutor
    yield
  File "/Users/ali/miniconda3/envs/alphatrans/lib/python3.10/unittest/case.py", line 591, in run
    self._callTestMethod(testMethod)
  File "/Users/ali/miniconda3/envs/alphatrans/lib/python3.10/unittest/case.py", line 549, in _callTestMethod
    method()
  File "/Users/ali/Documents/AlphaTrans/data/recomposed_projects-manual/deepseek-coder-33b-instruct/body/commons-codec/src/test/org/apache/commons/codec/binary/HexTest.py", line 404, in testDecodeByteBufferWithLimitOddCharacters
    self.__checkDecodeHexByteBufferOddCharacters(bb)
  File "/Users/ali/Documents/AlphaTrans/data/recomposed_projects-manual/deepseek-coder-33b-instruct/body/commons-codec/src/test/org/apache/commons/codec/binary/HexTest.py", line 547, in __checkDecodeHexByteBufferOddCharacters
    Hex(2, None, None).decode1(data)
  File "/Users/ali/Documents/AlphaTrans/data/recomposed_projects-manual/deepseek-coder-33b-instruct/body/commons-codec/src/main/org/apache/commons/codec/binary/Hex.py", line 102, in decode1
    list(self.__toByteArray(buffer).decode(self.getCharset()))
AttributeError: 'list' object has no attribute 'decode'</failure>
    </testcase>
    <testcase classname="src.test.org.apache.commons.codec.binary.AllocateDirectHexTest.AllocateDirectHexTest" name="testDecodeHexCharArrayEmpty" time="0.000"/>
    <testcase classname="src.test.org.apache.commons.codec.binary.AllocateDirectHexTest.AllocateDirectHexTest" name="testDecodeHexCharArrayOddCharacters1" time="0.000"/>
    <testcase classname="src.test.org.apache.commons.codec.binary.AllocateDirectHexTest.AllocateDirectHexTest" name="testDecodeHexCharArrayOddCharacters3" time="0.000"/>
    <testcase classname="src.test.org.apache.commons.codec.binary.AllocateDirectHexTest.AllocateDirectHexTest" name="testDecodeHexCharArrayOddCharacters5" time="0.000"/>
    <testcase classname="src.test.org.apache.commons.codec.binary.AllocateDirectHexTest.AllocateDirectHexTest" name="testDecodeHexCharArrayOutBufferUnderSized" time="0.000"/>
    <testcase classname="src.test.org.apache.commons.codec.binary.AllocateDirectHexTest.AllocateDirectHexTest" name="testDecodeHexCharArrayOutBufferUnderSizedByOffset" time="0.000">
      <failure message="src.main.org.apache.commons.codec.DecoderException.DecoderException: ('Output array is not large enough to accommodate decoded data.', None)">Traceback (most recent call last):
  File "/Users/ali/miniconda3/envs/alphatrans/lib/python3.10/unittest/case.py", line 59, in testPartExecutor
    yield
  File "/Users/ali/miniconda3/envs/alphatrans/lib/python3.10/unittest/case.py", line 591, in run
    self._callTestMethod(testMethod)
  File "/Users/ali/miniconda3/envs/alphatrans/lib/python3.10/unittest/case.py", line 549, in _callTestMethod
    method()
  File "/Users/ali/Documents/AlphaTrans/data/recomposed_projects-manual/deepseek-coder-33b-instruct/body/commons-codec/src/test/org/apache/commons/codec/binary/HexTest.py", line 355, in testDecodeHexCharArrayOutBufferUnderSizedByOffset
    Hex.decodeHex1(list("aabbccddeeff"), out, 1)
  File "/Users/ali/Documents/AlphaTrans/data/recomposed_projects-manual/deepseek-coder-33b-instruct/body/commons-codec/src/main/org/apache/commons/codec/binary/Hex.py", line 284, in decodeHex1
    raise DecoderException(
src.main.org.apache.commons.codec.DecoderException.DecoderException: ('Output array is not large enough to accommodate decoded data.', None)</failure>
    </testcase>
    <testcase classname="src.test.org.apache.commons.codec.binary.AllocateDirectHexTest.AllocateDirectHexTest" name="testDecodeHexStringEmpty" time="0.000"/>
    <testcase classname="src.test.org.apache.commons.codec.binary.AllocateDirectHexTest.AllocateDirectHexTest" name="testDecodeHexStringOddCharacters" time="0.000"/>
    <testcase classname="src.test.org.apache.commons.codec.binary.AllocateDirectHexTest.AllocateDirectHexTest" name="testDecodeHexStringOddCharacters1" time="0.000"/>
    <testcase classname="src.test.org.apache.commons.codec.binary.AllocateDirectHexTest.AllocateDirectHexTest" name="testDecodeStringEmpty" time="0.000"/>
    <testcase classname="src.test.org.apache.commons.codec.binary.AllocateDirectHexTest.AllocateDirectHexTest" name="testDecodeTypeError" time="0.000"/>
    <testcase classname="src.test.org.apache.commons.codec.binary.AllocateDirectHexTest.AllocateDirectHexTest" name="testEncodeByteArrayEmpty" time="0.000">
      <failure message="AttributeError: 'AllocateDirectHexTest' object has no attribute 'Hex'">Traceback (most recent call last):
  File "/Users/ali/miniconda3/envs/alphatrans/lib/python3.10/unittest/case.py", line 59, in testPartExecutor
    yield
  File "/Users/ali/miniconda3/envs/alphatrans/lib/python3.10/unittest/case.py", line 591, in run
    self._callTestMethod(testMethod)
  File "/Users/ali/miniconda3/envs/alphatrans/lib/python3.10/unittest/case.py", line 549, in _callTestMethod
    method()
  File "/Users/ali/Documents/AlphaTrans/data/recomposed_projects-manual/deepseek-coder-33b-instruct/body/commons-codec/src/test/org/apache/commons/codec/binary/HexTest.py", line 328, in testEncodeByteArrayEmpty
    bytearray([]), bytearray(self.Hex(2, None, None).encode0(bytearray([])))
AttributeError: 'AllocateDirectHexTest' object has no attribute 'Hex'</failure>
    </testcase>
    <testcase classname="src.test.org.apache.commons.codec.binary.AllocateDirectHexTest.AllocateDirectHexTest" name="testEncodeByteArrayObjectEmpty" time="0.000"/>
    <testcase classname="src.test.org.apache.commons.codec.binary.AllocateDirectHexTest.AllocateDirectHexTest" name="testEncodeByteBufferAllocatedButEmpty" time="0.000">
      <failure message="AttributeError: 'bytearray' object has no attribute 'flip'">Traceback (most recent call last):
  File "/Users/ali/miniconda3/envs/alphatrans/lib/python3.10/unittest/case.py", line 59, in testPartExecutor
    yield
  File "/Users/ali/miniconda3/envs/alphatrans/lib/python3.10/unittest/case.py", line 591, in run
    self._callTestMethod(testMethod)
  File "/Users/ali/miniconda3/envs/alphatrans/lib/python3.10/unittest/case.py", line 549, in _callTestMethod
    method()
  File "/Users/ali/Documents/AlphaTrans/data/recomposed_projects-manual/deepseek-coder-33b-instruct/body/commons-codec/src/test/org/apache/commons/codec/binary/HexTest.py", line 313, in testEncodeByteBufferAllocatedButEmpty
    bb.flip()
AttributeError: 'bytearray' object has no attribute 'flip'</failure>
    </testcase>
    <testcase classname="src.test.org.apache.commons.codec.binary.AllocateDirectHexTest.AllocateDirectHexTest" name="testEncodeByteBufferEmpty" time="0.000"/>
    <testcase classname="src.test.org.apache.commons.codec.binary.AllocateDirectHexTest.AllocateDirectHexTest" name="testEncodeByteBufferObjectEmpty" time="0.000"/>
    <testcase classname="src.test.org.apache.commons.codec.binary.AllocateDirectHexTest.AllocateDirectHexTest" name="testEncodeDecodeHexCharArrayRandom" time="0.015">
      <failure message="TypeError: ord() expected string of length 1, but int found">Traceback (most recent call last):
  File "/Users/ali/miniconda3/envs/alphatrans/lib/python3.10/unittest/case.py", line 59, in testPartExecutor
    yield
  File "/Users/ali/miniconda3/envs/alphatrans/lib/python3.10/unittest/case.py", line 591, in run
    self._callTestMethod(testMethod)
  File "/Users/ali/miniconda3/envs/alphatrans/lib/python3.10/unittest/case.py", line 549, in _callTestMethod
    method()
  File "/Users/ali/Documents/AlphaTrans/data/recomposed_projects-manual/deepseek-coder-33b-instruct/body/commons-codec/src/test/org/apache/commons/codec/binary/HexTest.py", line 291, in testEncodeDecodeHexCharArrayRandom
    self.assertEqual(StringUtils.getBytesUtf8(dataString), decodedBytes)
  File "/Users/ali/Documents/AlphaTrans/data/recomposed_projects-manual/deepseek-coder-33b-instruct/body/commons-codec/src/main/org/apache/commons/codec/binary/StringUtils.py", line 51, in getBytesUtf8
    return [ord(c) for c in string.encode("utf-8")]
  File "/Users/ali/Documents/AlphaTrans/data/recomposed_projects-manual/deepseek-coder-33b-instruct/body/commons-codec/src/main/org/apache/commons/codec/binary/StringUtils.py", line 51, in &lt;listcomp&gt;
    return [ord(c) for c in string.encode("utf-8")]
TypeError: ord() expected string of length 1, but int found</failure>
    </testcase>
    <testcase classname="src.test.org.apache.commons.codec.binary.AllocateDirectHexTest.AllocateDirectHexTest" name="testEncodeDecodeHexCharArrayRandomToOutput" time="0.033"/>
    <testcase classname="src.test.org.apache.commons.codec.binary.AllocateDirectHexTest.AllocateDirectHexTest" name="testEncodeHexByteArrayEmpty" time="0.000"/>
    <testcase classname="src.test.org.apache.commons.codec.binary.AllocateDirectHexTest.AllocateDirectHexTest" name="testEncodeHexByteArrayHelloWorldLowerCaseHex" time="0.000">
      <failure message="TypeError: ord() expected string of length 1, but int found">Traceback (most recent call last):
[...]
    method()
  File "/Users/ali/Documents/AlphaTrans/data/recomposed_projects-manual/deepseek-coder-33b-instruct/body/commons-codec/src/test/org/apache/commons/codec/net/RFC1522CodecTest.py", line 31, in testDecodeInvalid
    self.__assertExpectedDecoderException("whatever")
  File "/Users/ali/Documents/AlphaTrans/data/recomposed_projects-manual/deepseek-coder-33b-instruct/body/commons-codec/src/test/org/apache/commons/codec/net/RFC1522CodecTest.py", line 54, in __assertExpectedDecoderException
    testcodec.decodeText(s)
AttributeError: 'RFC1522TestCodec' object has no attribute 'decodeText'. Did you mean: '_decodeText'?</failure>
    </testcase>
    <testcase classname="src.test.org.apache.commons.codec.net.RFC1522CodecTest.RFC1522CodecTest" name="testNullInput" time="0.000">
      <failure message="AttributeError: 'RFC1522TestCodec' object has no attribute 'decodeText'. Did you mean: '_decodeText'?">Traceback (most recent call last):
  File "/Users/ali/miniconda3/envs/alphatrans/lib/python3.10/unittest/case.py", line 59, in testPartExecutor
    yield
  File "/Users/ali/miniconda3/envs/alphatrans/lib/python3.10/unittest/case.py", line 591, in run
    self._callTestMethod(testMethod)
  File "/Users/ali/miniconda3/envs/alphatrans/lib/python3.10/unittest/case.py", line 549, in _callTestMethod
    method()
  File "/Users/ali/Documents/AlphaTrans/data/recomposed_projects-manual/deepseek-coder-33b-instruct/body/commons-codec/src/test/org/apache/commons/codec/net/RFC1522CodecTest.py", line 47, in testNullInput
    self.assertIsNone(testcodec.decodeText(None))
AttributeError: 'RFC1522TestCodec' object has no attribute 'decodeText'. Did you mean: '_decodeText'?</failure>
    </testcase>
    <testcase classname="src.test.org.apache.commons.codec.net.URLCodecTest.URLCodecTest" name="testBasicEncodeDecode" time="0.000">
      <failure message="TypeError: 'bytes' object is not callable">Traceback (most recent call last):
  File "/Users/ali/miniconda3/envs/alphatrans/lib/python3.10/unittest/case.py", line 59, in testPartExecutor
    yield
  File "/Users/ali/miniconda3/envs/alphatrans/lib/python3.10/unittest/case.py", line 591, in run
    self._callTestMethod(testMethod)
  File "/Users/ali/miniconda3/envs/alphatrans/lib/python3.10/unittest/case.py", line 549, in _callTestMethod
    method()
  File "/Users/ali/Documents/AlphaTrans/data/recomposed_projects-manual/deepseek-coder-33b-instruct/body/commons-codec/src/test/org/apache/commons/codec/net/URLCodecTest.py", line 242, in testBasicEncodeDecode
    encoded = urlCodec.encode2(plain)
  File "/Users/ali/Documents/AlphaTrans/data/recomposed_projects-manual/deepseek-coder-33b-instruct/body/commons-codec/src/main/org/apache/commons/codec/net/URLCodec.py", line 114, in encode2
    return self.encode1(str, self.getDefaultCharset())
  File "/Users/ali/Documents/AlphaTrans/data/recomposed_projects-manual/deepseek-coder-33b-instruct/body/commons-codec/src/main/org/apache/commons/codec/net/URLCodec.py", line 123, in encode1
    return StringUtils.newStringUsAscii(self.encode0(str.encode(charsetName)))
  File "/Users/ali/Documents/AlphaTrans/data/recomposed_projects-manual/deepseek-coder-33b-instruct/body/commons-codec/src/main/org/apache/commons/codec/net/URLCodec.py", line 137, in encode0
    return self.encodeUrl(self.__WWW_FORM_URL_SAFE, bytes)
  File "/Users/ali/Documents/AlphaTrans/data/recomposed_projects-manual/deepseek-coder-33b-instruct/body/commons-codec/src/main/org/apache/commons/codec/net/URLCodec.py", line 185, in encodeUrl
    buffer.write(bytes([URLCodec._ESCAPE_CHAR]))
TypeError: 'bytes' object is not callable</failure>
    </testcase>
    <testcase classname="src.test.org.apache.commons.codec.net.URLCodecTest.URLCodecTest" name="testDecodeInvalid" time="0.000">
      <failure message="AssertionError: DecoderException should have been thrown">Traceback (most recent call last):
  File "/Users/ali/miniconda3/envs/alphatrans/lib/python3.10/unittest/case.py", line 59, in testPartExecutor
    yield
  File "/Users/ali/miniconda3/envs/alphatrans/lib/python3.10/unittest/case.py", line 591, in run
    self._callTestMethod(testMethod)
  File "/Users/ali/miniconda3/envs/alphatrans/lib/python3.10/unittest/case.py", line 549, in _callTestMethod
    method()
  File "/Users/ali/Documents/AlphaTrans/data/recomposed_projects-manual/deepseek-coder-33b-instruct/body/commons-codec/src/test/org/apache/commons/codec/net/URLCodecTest.py", line 181, in testDecodeInvalid
    self.fail("DecoderException should have been thrown")
  File "/Users/ali/miniconda3/envs/alphatrans/lib/python3.10/unittest/case.py", line 675, in fail
    raise self.failureException(msg)
AssertionError: DecoderException should have been thrown</failure>
    </testcase>
    <testcase classname="src.test.org.apache.commons.codec.net.URLCodecTest.URLCodecTest" name="testDecodeInvalidContent" time="0.000">
      <failure message="NameError: name 'StandardCharsets' is not defined">Traceback (most recent call last):
  File "/Users/ali/miniconda3/envs/alphatrans/lib/python3.10/unittest/case.py", line 59, in testPartExecutor
    yield
  File "/Users/ali/miniconda3/envs/alphatrans/lib/python3.10/unittest/case.py", line 591, in run
    self._callTestMethod(testMethod)
  File "/Users/ali/miniconda3/envs/alphatrans/lib/python3.10/unittest/case.py", line 549, in _callTestMethod
    method()
  File "/Users/ali/Documents/AlphaTrans/data/recomposed_projects-manual/deepseek-coder-33b-instruct/body/commons-codec/src/test/org/apache/commons/codec/net/URLCodecTest.py", line 168, in testDecodeInvalidContent
    input = ch_msg.encode(StandardCharsets.ISO_8859_1)
NameError: name 'StandardCharsets' is not defined</failure>
    </testcase>
    <testcase classname="src.test.org.apache.commons.codec.net.URLCodecTest.URLCodecTest" name="testDecodeObjects" time="0.000">
      <failure message="AssertionError: 'Basic URL decoding test' != 'Hello there!'&#10;- Basic URL decoding test&#10;+ Hello there!&#10; : Hello+there%21">Traceback (most recent call last):
  File "/Users/ali/miniconda3/envs/alphatrans/lib/python3.10/unittest/case.py", line 59, in testPartExecutor
    yield
  File "/Users/ali/miniconda3/envs/alphatrans/lib/python3.10/unittest/case.py", line 591, in run
    self._callTestMethod(testMethod)
  File "/Users/ali/miniconda3/envs/alphatrans/lib/python3.10/unittest/case.py", line 549, in _callTestMethod
    method()
  File "/Users/ali/Documents/AlphaTrans/data/recomposed_projects-manual/deepseek-coder-33b-instruct/body/commons-codec/src/test/org/apache/commons/codec/net/URLCodecTest.py", line 59, in testDecodeObjects
    self.assertEqual("Basic URL decoding test", "Hello there!", decoded)
  File "/Users/ali/miniconda3/envs/alphatrans/lib/python3.10/unittest/case.py", line 845, in assertEqual
    assertion_func(first, second, msg=msg)
  File "/Users/ali/miniconda3/envs/alphatrans/lib/python3.10/unittest/case.py", line 1226, in assertMultiLineEqual
    self.fail(self._formatMessage(msg, standardMsg))
  File "/Users/ali/miniconda3/envs/alphatrans/lib/python3.10/unittest/case.py", line 675, in fail
    raise self.failureException(msg)
AssertionError: 'Basic URL decoding test' != 'Hello there!'
- Basic URL decoding test
+ Hello there!
 : Hello+there%21</failure>
    </testcase>
    <testcase classname="src.test.org.apache.commons.codec.net.URLCodecTest.URLCodecTest" name="testDecodeStringWithNull" time="0.000"/>
    <testcase classname="src.test.org.apache.commons.codec.net.URLCodecTest.URLCodecTest" name="testDecodeWithNullArray" time="0.000"/>
    <testcase classname="src.test.org.apache.commons.codec.net.URLCodecTest.URLCodecTest" name="testDefaultEncoding" time="0.000">
      <failure message="LookupError: unknown encoding: UnicodeBig">Traceback (most recent call last):
  File "/Users/ali/miniconda3/envs/alphatrans/lib/python3.10/unittest/case.py", line 59, in testPartExecutor
    yield
  File "/Users/ali/miniconda3/envs/alphatrans/lib/python3.10/unittest/case.py", line 591, in run
    self._callTestMethod(testMethod)
  File "/Users/ali/miniconda3/envs/alphatrans/lib/python3.10/unittest/case.py", line 549, in _callTestMethod
    method()
  File "/Users/ali/Documents/AlphaTrans/data/recomposed_projects-manual/deepseek-coder-33b-instruct/body/commons-codec/src/test/org/apache/commons/codec/net/URLCodecTest.py", line 48, in testDefaultEncoding
    urlCodec.encode2(plain)
  File "/Users/ali/Documents/AlphaTrans/data/recomposed_projects-manual/deepseek-coder-33b-instruct/body/commons-codec/src/main/org/apache/commons/codec/net/URLCodec.py", line 114, in encode2
    return self.encode1(str, self.getDefaultCharset())
  File "/Users/ali/Documents/AlphaTrans/data/recomposed_projects-manual/deepseek-coder-33b-instruct/body/commons-codec/src/main/org/apache/commons/codec/net/URLCodec.py", line 123, in encode1
    return StringUtils.newStringUsAscii(self.encode0(str.encode(charsetName)))
LookupError: unknown encoding: UnicodeBig</failure>
    </testcase>
    <testcase classname="src.test.org.apache.commons.codec.net.URLCodecTest.URLCodecTest" name="testEncodeDecodeNull" time="0.000"/>
    <testcase classname="src.test.org.apache.commons.codec.net.URLCodecTest.URLCodecTest" name="testEncodeNull" time="0.000"/>
    <testcase classname="src.test.org.apache.commons.codec.net.URLCodecTest.URLCodecTest" name="testEncodeObjects" time="0.000">
      <failure message="TypeError: 'bytes' object is not callable">Traceback (most recent call last):
  File "/Users/ali/miniconda3/envs/alphatrans/lib/python3.10/unittest/case.py", line 59, in testPartExecutor
    yield
  File "/Users/ali/miniconda3/envs/alphatrans/lib/python3.10/unittest/case.py", line 591, in run
    self._callTestMethod(testMethod)
  File "/Users/ali/miniconda3/envs/alphatrans/lib/python3.10/unittest/case.py", line 549, in _callTestMethod
    method()
  File "/Users/ali/Documents/AlphaTrans/data/recomposed_projects-manual/deepseek-coder-33b-instruct/body/commons-codec/src/test/org/apache/commons/codec/net/URLCodecTest.py", line 104, in testEncodeObjects
    encoded = urlCodec.encode3(plain)
  File "/Users/ali/Documents/AlphaTrans/data/recomposed_projects-manual/deepseek-coder-33b-instruct/body/commons-codec/src/main/org/apache/commons/codec/net/URLCodec.py", line 80, in encode3
    return self.encode2(obj)
  File "/Users/ali/Documents/AlphaTrans/data/recomposed_projects-manual/deepseek-coder-33b-instruct/body/commons-codec/src/main/org/apache/commons/codec/net/URLCodec.py", line 114, in encode2
    return self.encode1(str, self.getDefaultCharset())
  File "/Users/ali/Documents/AlphaTrans/data/recomposed_projects-manual/deepseek-coder-33b-instruct/body/commons-codec/src/main/org/apache/commons/codec/net/URLCodec.py", line 123, in encode1
    return StringUtils.newStringUsAscii(self.encode0(str.encode(charsetName)))
  File "/Users/ali/Documents/AlphaTrans/data/recomposed_projects-manual/deepseek-coder-33b-instruct/body/commons-codec/src/main/org/apache/commons/codec/net/URLCodec.py", line 137, in encode0
    return self.encodeUrl(self.__WWW_FORM_URL_SAFE, bytes)
  File "/Users/ali/Documents/AlphaTrans/data/recomposed_projects-manual/deepseek-coder-33b-instruct/body/commons-codec/src/main/org/apache/commons/codec/net/URLCodec.py", line 185, in encodeUrl
    buffer.write(bytes([URLCodec._ESCAPE_CHAR]))
TypeError: 'bytes' object is not callable</failure>
    </testcase>
    <testcase classname="src.test.org.apache.commons.codec.net.URLCodecTest.URLCodecTest" name="testEncodeStringWithNull" time="0.000"/>
    <testcase classname="src.test.org.apache.commons.codec.net.URLCodecTest.URLCodecTest" name="testEncodeUrlWithNullBitSet" time="0.000">
      <failure message="TypeError: 'bytes' object is not callable">Traceback (most recent call last):
  File "/Users/ali/miniconda3/envs/alphatrans/lib/python3.10/unittest/case.py", line 59, in testPartExecutor
    yield
  File "/Users/ali/miniconda3/envs/alphatrans/lib/python3.10/unittest/case.py", line 591, in run
    self._callTestMethod(testMethod)
  File "/Users/ali/miniconda3/envs/alphatrans/lib/python3.10/unittest/case.py", line 549, in _callTestMethod
    method()
  File "/Users/ali/Documents/AlphaTrans/data/recomposed_projects-manual/deepseek-coder-33b-instruct/body/commons-codec/src/test/org/apache/commons/codec/net/URLCodecTest.py", line 148, in testEncodeUrlWithNullBitSet
    encoded = URLCodec.encodeUrl(None, plain.encode("utf-8"))
  File "/Users/ali/Documents/AlphaTrans/data/recomposed_projects-manual/deepseek-coder-33b-instruct/body/commons-codec/src/main/org/apache/commons/codec/net/URLCodec.py", line 185, in encodeUrl
    buffer.write(bytes([URLCodec._ESCAPE_CHAR]))
TypeError: 'bytes' object is not callable</failure>
    </testcase>
    <testcase classname="src.test.org.apache.commons.codec.net.URLCodecTest.URLCodecTest" name="testInvalidEncoding" time="0.000">
      <failure message="LookupError: unknown encoding: NONSENSE">Traceback (most recent call last):
  File "/Users/ali/miniconda3/envs/alphatrans/lib/python3.10/unittest/case.py", line 59, in testPartExecutor
    yield
  File "/Users/ali/miniconda3/envs/alphatrans/lib/python3.10/unittest/case.py", line 591, in run
    self._callTestMethod(testMethod)
  File "/Users/ali/miniconda3/envs/alphatrans/lib/python3.10/unittest/case.py", line 549, in _callTestMethod
    method()
  File "/Users/ali/Documents/AlphaTrans/data/recomposed_projects-manual/deepseek-coder-33b-instruct/body/commons-codec/src/test/org/apache/commons/codec/net/URLCodecTest.py", line 83, in testInvalidEncoding
    urlCodec.encode2(plain)
  File "/Users/ali/Documents/AlphaTrans/data/recomposed_projects-manual/deepseek-coder-33b-instruct/body/commons-codec/src/main/org/apache/commons/codec/net/URLCodec.py", line 114, in encode2
    return self.encode1(str, self.getDefaultCharset())
  File "/Users/ali/Documents/AlphaTrans/data/recomposed_projects-manual/deepseek-coder-33b-instruct/body/commons-codec/src/main/org/apache/commons/codec/net/URLCodec.py", line 123, in encode1
    return StringUtils.newStringUsAscii(self.encode0(str.encode(charsetName)))
LookupError: unknown encoding: NONSENSE</failure>
    </testcase>
    <testcase classname="src.test.org.apache.commons.codec.net.URLCodecTest.URLCodecTest" name="testSafeCharEncodeDecode" time="0.000">
      <failure message="TypeError: 'bytes' object is not callable">Traceback (most recent call last):
  File "/Users/ali/miniconda3/envs/alphatrans/lib/python3.10/unittest/case.py", line 59, in testPartExecutor
    yield
  File "/Users/ali/miniconda3/envs/alphatrans/lib/python3.10/unittest/case.py", line 591, in run
    self._callTestMethod(testMethod)
  File "/Users/ali/miniconda3/envs/alphatrans/lib/python3.10/unittest/case.py", line 549, in _callTestMethod
    method()
  File "/Users/ali/Documents/AlphaTrans/data/recomposed_projects-manual/deepseek-coder-33b-instruct/body/commons-codec/src/test/org/apache/commons/codec/net/URLCodecTest.py", line 231, in testSafeCharEncodeDecode
    encoded = urlCodec.encode2(plain)
  File "/Users/ali/Documents/AlphaTrans/data/recomposed_projects-manual/deepseek-coder-33b-instruct/body/commons-codec/src/main/org/apache/commons/codec/net/URLCodec.py", line 114, in encode2
    return self.encode1(str, self.getDefaultCharset())
  File "/Users/ali/Documents/AlphaTrans/data/recomposed_projects-manual/deepseek-coder-33b-instruct/body/commons-codec/src/main/org/apache/commons/codec/net/URLCodec.py", line 123, in encode1
    return StringUtils.newStringUsAscii(self.encode0(str.encode(charsetName)))
  File "/Users/ali/Documents/AlphaTrans/data/recomposed_projects-manual/deepseek-coder-33b-instruct/body/commons-codec/src/main/org/apache/commons/codec/net/URLCodec.py", line 137, in encode0
    return self.encodeUrl(self.__WWW_FORM_URL_SAFE, bytes)
  File "/Users/ali/Documents/AlphaTrans/data/recomposed_projects-manual/deepseek-coder-33b-instruct/body/commons-codec/src/main/org/apache/commons/codec/net/URLCodec.py", line 185, in encodeUrl
    buffer.write(bytes([URLCodec._ESCAPE_CHAR]))
TypeError: 'bytes' object is not callable</failure>
    </testcase>
    <testcase classname="src.test.org.apache.commons.codec.net.URLCodecTest.URLCodecTest" name="testUTF8RoundTrip" time="0.000">
      <failure message="TypeError: 'bytes' object is not callable">Traceback (most recent call last):
  File "/Users/ali/miniconda3/envs/alphatrans/lib/python3.10/unittest/case.py", line 59, in testPartExecutor
    yield
  File "/Users/ali/miniconda3/envs/alphatrans/lib/python3.10/unittest/case.py", line 591, in run
    self._callTestMethod(testMethod)
  File "/Users/ali/miniconda3/envs/alphatrans/lib/python3.10/unittest/case.py", line 549, in _callTestMethod
    method()
  File "/Users/ali/Documents/AlphaTrans/data/recomposed_projects-manual/deepseek-coder-33b-instruct/body/commons-codec/src/test/org/apache/commons/codec/net/URLCodecTest.py", line 257, in testUTF8RoundTrip
    urlCodec.encode1(ru_msg, CharEncoding.UTF_8),
  File "/Users/ali/Documents/AlphaTrans/data/recomposed_projects-manual/deepseek-coder-33b-instruct/body/commons-codec/src/main/org/apache/commons/codec/net/URLCodec.py", line 123, in encode1
    return StringUtils.newStringUsAscii(self.encode0(str.encode(charsetName)))
  File "/Users/ali/Documents/AlphaTrans/data/recomposed_projects-manual/deepseek-coder-33b-instruct/body/commons-codec/src/main/org/apache/commons/codec/net/URLCodec.py", line 137, in encode0
    return self.encodeUrl(self.__WWW_FORM_URL_SAFE, bytes)
  File "/Users/ali/Documents/AlphaTrans/data/recomposed_projects-manual/deepseek-coder-33b-instruct/body/commons-codec/src/main/org/apache/commons/codec/net/URLCodec.py", line 185, in encodeUrl
    buffer.write(bytes([URLCodec._ESCAPE_CHAR]))
TypeError: 'bytes' object is not callable</failure>
    </testcase>
    <testcase classname="src.test.org.apache.commons.codec.net.URLCodecTest.URLCodecTest" name="testUnsafeEncodeDecode" time="0.000">
      <failure message="TypeError: 'bytes' object is not callable">Traceback (most recent call last):
  File "/Users/ali/miniconda3/envs/alphatrans/lib/python3.10/unittest/case.py", line 59, in testPartExecutor
    yield
  File "/Users/ali/miniconda3/envs/alphatrans/lib/python3.10/unittest/case.py", line 591, in run
    self._callTestMethod(testMethod)
  File "/Users/ali/miniconda3/envs/alphatrans/lib/python3.10/unittest/case.py", line 549, in _callTestMethod
    method()
  File "/Users/ali/Documents/AlphaTrans/data/recomposed_projects-manual/deepseek-coder-33b-instruct/body/commons-codec/src/test/org/apache/commons/codec/net/URLCodecTest.py", line 216, in testUnsafeEncodeDecode
    encoded = urlCodec.encode2(plain)
  File "/Users/ali/Documents/AlphaTrans/data/recomposed_projects-manual/deepseek-coder-33b-instruct/body/commons-codec/src/main/org/apache/commons/codec/net/URLCodec.py", line 114, in encode2
    return self.encode1(str, self.getDefaultCharset())
  File "/Users/ali/Documents/AlphaTrans/data/recomposed_projects-manual/deepseek-coder-33b-instruct/body/commons-codec/src/main/org/apache/commons/codec/net/URLCodec.py", line 123, in encode1
    return StringUtils.newStringUsAscii(self.encode0(str.encode(charsetName)))
  File "/Users/ali/Documents/AlphaTrans/data/recomposed_projects-manual/deepseek-coder-33b-instruct/body/commons-codec/src/main/org/apache/commons/codec/net/URLCodec.py", line 137, in encode0
    return self.encodeUrl(self.__WWW_FORM_URL_SAFE, bytes)
  File "/Users/ali/Documents/AlphaTrans/data/recomposed_projects-manual/deepseek-coder-33b-instruct/body/commons-codec/src/main/org/apache/commons/codec/net/URLCodec.py", line 185, in encodeUrl
    buffer.write(bytes([URLCodec._ESCAPE_CHAR]))
TypeError: 'bytes' object is not callable</failure>
    </testcase>
    <testcase classname="src.test.org.apache.commons.codec.net.UtilsTest.UtilsTest" name="testConstructor" time="0.000"/>
  </testsuite>
</testsuites>
