<?xml version="1.0" encoding="utf-8"?>
<testsuites>
  <testsuite name="pytest" errors="13" failures="10" skipped="0" tests="24" time="1.044" timestamp="2024-07-05T12:48:26.612347" hostname="alis-MacBook-Pro.local">
    <testcase classname="" name="evosuite-test.src.test.org.joda.money.BigMoney_ESTest" time="0.000">
      <error message="collection failure">/Users/ali/miniconda3/envs/alphatrans/lib/python3.10/site-packages/_pytest/python.py:492: in importtestmodule
    mod = import_path(
/Users/ali/miniconda3/envs/alphatrans/lib/python3.10/site-packages/_pytest/pathlib.py:591: in import_path
    importlib.import_module(module_name)
/Users/ali/miniconda3/envs/alphatrans/lib/python3.10/importlib/__init__.py:126: in import_module
    return _bootstrap._gcd_import(name[level:], package, level)
&lt;frozen importlib._bootstrap&gt;:1050: in _gcd_import
    ???
&lt;frozen importlib._bootstrap&gt;:1027: in _find_and_load
    ???
&lt;frozen importlib._bootstrap&gt;:1006: in _find_and_load_unlocked
    ???
&lt;frozen importlib._bootstrap&gt;:688: in _load_unlocked
    ???
/Users/ali/miniconda3/envs/alphatrans/lib/python3.10/site-packages/_pytest/assertion/rewrite.py:178: in exec_module
    exec(co, module.__dict__)
evosuite-test/src/test/org/joda/money/BigMoney_ESTest.py:22: in &lt;module&gt;
    from src.main.org.joda.money.BigMoney import *
&lt;frozen importlib._bootstrap&gt;:1027: in _find_and_load
    ???
&lt;frozen importlib._bootstrap&gt;:1006: in _find_and_load_unlocked
    ???
&lt;frozen importlib._bootstrap&gt;:688: in _load_unlocked
    ???
/Users/ali/miniconda3/envs/alphatrans/lib/python3.10/site-packages/_pytest/assertion/rewrite.py:178: in exec_module
    exec(co, module.__dict__)
src/main/org/joda/money/BigMoney.py:13: in &lt;module&gt;
    from src.main.org.joda.money.CurrencyMismatchException import *
&lt;frozen importlib._bootstrap&gt;:1027: in _find_and_load
    ???
&lt;frozen importlib._bootstrap&gt;:1006: in _find_and_load_unlocked
    ???
&lt;frozen importlib._bootstrap&gt;:688: in _load_unlocked
    ???
/Users/ali/miniconda3/envs/alphatrans/lib/python3.10/site-packages/_pytest/assertion/rewrite.py:178: in exec_module
    exec(co, module.__dict__)
src/main/org/joda/money/CurrencyMismatchException.py:4: in &lt;module&gt;
    from src.main.org.joda.money.CurrencyUnit import *
&lt;frozen importlib._bootstrap&gt;:1027: in _find_and_load
    ???
&lt;frozen importlib._bootstrap&gt;:1006: in _find_and_load_unlocked
    ???
&lt;frozen importlib._bootstrap&gt;:688: in _load_unlocked
    ???
/Users/ali/miniconda3/envs/alphatrans/lib/python3.10/site-packages/_pytest/assertion/rewrite.py:178: in exec_module
    exec(co, module.__dict__)
src/main/org/joda/money/CurrencyUnit.py:18: in &lt;module&gt;
    from src.main.org.joda.money.MoneyUtils import *
&lt;frozen importlib._bootstrap&gt;:1027: in _find_and_load
    ???
&lt;frozen importlib._bootstrap&gt;:1006: in _find_and_load_unlocked
    ???
&lt;frozen importlib._bootstrap&gt;:688: in _load_unlocked
    ???
/Users/ali/miniconda3/envs/alphatrans/lib/python3.10/site-packages/_pytest/assertion/rewrite.py:178: in exec_module
    exec(co, module.__dict__)
src/main/org/joda/money/MoneyUtils.py:9: in &lt;module&gt;
    from src.main.org.joda.money.Money import *
&lt;frozen importlib._bootstrap&gt;:1027: in _find_and_load
    ???
&lt;frozen importlib._bootstrap&gt;:1006: in _find_and_load_unlocked
    ???
&lt;frozen importlib._bootstrap&gt;:688: in _load_unlocked
    ???
/Users/ali/miniconda3/envs/alphatrans/lib/python3.10/site-packages/_pytest/assertion/rewrite.py:169: in exec_module
    source_stat, co = _rewrite_test(fn, self.config)
/Users/ali/miniconda3/envs/alphatrans/lib/python3.10/site-packages/_pytest/assertion/rewrite.py:349: in _rewrite_test
    tree = ast.parse(source, filename=strfn)
/Users/ali/miniconda3/envs/alphatrans/lib/python3.10/ast.py:50: in parse
    return compile(source, filename, mode, flags,
E     File "/Users/ali/Documents/AlphaTrans/data/recomposed_projects/llama-3-70b-instruct/signature/joda-money/src/main/org/joda/money/Money.py", line 40
E       pass # LLM could not translate this method
E                                                 ^
E   IndentationError: unindent does not match any outer indentation level</error>
    </testcase>
    <testcase classname="" name="evosuite-test.src.test.org.joda.money.CurrencyMismatchException_ESTest" time="0.000">
      <error message="collection failure">/Users/ali/miniconda3/envs/alphatrans/lib/python3.10/site-packages/_pytest/python.py:492: in importtestmodule
    mod = import_path(
/Users/ali/miniconda3/envs/alphatrans/lib/python3.10/site-packages/_pytest/pathlib.py:591: in import_path
    importlib.import_module(module_name)
/Users/ali/miniconda3/envs/alphatrans/lib/python3.10/importlib/__init__.py:126: in import_module
    return _bootstrap._gcd_import(name[level:], package, level)
&lt;frozen importlib._bootstrap&gt;:1050: in _gcd_import
    ???
&lt;frozen importlib._bootstrap&gt;:1027: in _find_and_load
    ???
&lt;frozen importlib._bootstrap&gt;:1006: in _find_and_load_unlocked
    ???
&lt;frozen importlib._bootstrap&gt;:688: in _load_unlocked
    ???
/Users/ali/miniconda3/envs/alphatrans/lib/python3.10/site-packages/_pytest/assertion/rewrite.py:178: in exec_module
    exec(co, module.__dict__)
evosuite-test/src/test/org/joda/money/CurrencyMismatchException_ESTest.py:11: in &lt;module&gt;
    from src.main.org.joda.money.CurrencyMismatchException import *
&lt;frozen importlib._bootstrap&gt;:1027: in _find_and_load
    ???
&lt;frozen importlib._bootstrap&gt;:1006: in _find_and_load_unlocked
    ???
&lt;frozen importlib._bootstrap&gt;:688: in _load_unlocked
    ???
/Users/ali/miniconda3/envs/alphatrans/lib/python3.10/site-packages/_pytest/assertion/rewrite.py:178: in exec_module
    exec(co, module.__dict__)
src/main/org/joda/money/CurrencyMismatchException.py:4: in &lt;module&gt;
    from src.main.org.joda.money.CurrencyUnit import *
&lt;frozen importlib._bootstrap&gt;:1027: in _find_and_load
    ???
&lt;frozen importlib._bootstrap&gt;:1006: in _find_and_load_unlocked
    ???
&lt;frozen importlib._bootstrap&gt;:688: in _load_unlocked
    ???
/Users/ali/miniconda3/envs/alphatrans/lib/python3.10/site-packages/_pytest/assertion/rewrite.py:178: in exec_module
    exec(co, module.__dict__)
src/main/org/joda/money/CurrencyUnit.py:18: in &lt;module&gt;
    from src.main.org.joda.money.MoneyUtils import *
&lt;frozen importlib._bootstrap&gt;:1027: in _find_and_load
    ???
&lt;frozen importlib._bootstrap&gt;:1006: in _find_and_load_unlocked
    ???
&lt;frozen importlib._bootstrap&gt;:688: in _load_unlocked
    ???
/Users/ali/miniconda3/envs/alphatrans/lib/python3.10/site-packages/_pytest/assertion/rewrite.py:178: in exec_module
    exec(co, module.__dict__)
src/main/org/joda/money/MoneyUtils.py:7: in &lt;module&gt;
    from src.main.org.joda.money.BigMoney import *
&lt;frozen importlib._bootstrap&gt;:1027: in _find_and_load
    ???
&lt;frozen importlib._bootstrap&gt;:1006: in _find_and_load_unlocked
    ???
&lt;frozen importlib._bootstrap&gt;:688: in _load_unlocked
    ???
/Users/ali/miniconda3/envs/alphatrans/lib/python3.10/site-packages/_pytest/assertion/rewrite.py:178: in exec_module
    exec(co, module.__dict__)
src/main/org/joda/money/BigMoney.py:15: in &lt;module&gt;
    from src.main.org.joda.money.Money import *
&lt;frozen importlib._bootstrap&gt;:1027: in _find_and_load
    ???
&lt;frozen importlib._bootstrap&gt;:1006: in _find_and_load_unlocked
    ???
&lt;frozen importlib._bootstrap&gt;:688: in _load_unlocked
    ???
/Users/ali/miniconda3/envs/alphatrans/lib/python3.10/site-packages/_pytest/assertion/rewrite.py:169: in exec_module
    source_stat, co = _rewrite_test(fn, self.config)
/Users/ali/miniconda3/envs/alphatrans/lib/python3.10/site-packages/_pytest/assertion/rewrite.py:349: in _rewrite_test
    tree = ast.parse(source, filename=strfn)
/Users/ali/miniconda3/envs/alphatrans/lib/python3.10/ast.py:50: in parse
    return compile(source, filename, mode, flags,
E     File "/Users/ali/Documents/AlphaTrans/data/recomposed_projects/llama-3-70b-instruct/signature/joda-money/src/main/org/joda/money/Money.py", line 40
E       pass # LLM could not translate this method
E                                                 ^
E   IndentationError: unindent does not match any outer indentation level</error>
    </testcase>
    <testcase classname="" name="evosuite-test.src.test.org.joda.money.CurrencyUnit_ESTest" time="0.000">
      <error message="collection failure">/Users/ali/miniconda3/envs/alphatrans/lib/python3.10/site-packages/_pytest/python.py:492: in importtestmodule
    mod = import_path(
/Users/ali/miniconda3/envs/alphatrans/lib/python3.10/site-packages/_pytest/pathlib.py:591: in import_path
    importlib.import_module(module_name)
/Users/ali/miniconda3/envs/alphatrans/lib/python3.10/importlib/__init__.py:126: in import_module
    return _bootstrap._gcd_import(name[level:], package, level)
&lt;frozen importlib._bootstrap&gt;:1050: in _gcd_import
    ???
&lt;frozen importlib._bootstrap&gt;:1027: in _find_and_load
    ???
&lt;frozen importlib._bootstrap&gt;:1006: in _find_and_load_unlocked
    ???
&lt;frozen importlib._bootstrap&gt;:688: in _load_unlocked
    ???
/Users/ali/miniconda3/envs/alphatrans/lib/python3.10/site-packages/_pytest/assertion/rewrite.py:178: in exec_module
    exec(co, module.__dict__)
evosuite-test/src/test/org/joda/money/CurrencyUnit_ESTest.py:16: in &lt;module&gt;
    from src.main.org.joda.money.CurrencyUnit import *
&lt;frozen importlib._bootstrap&gt;:1027: in _find_and_load
    ???
&lt;frozen importlib._bootstrap&gt;:1006: in _find_and_load_unlocked
    ???
&lt;frozen importlib._bootstrap&gt;:688: in _load_unlocked
    ???
/Users/ali/miniconda3/envs/alphatrans/lib/python3.10/site-packages/_pytest/assertion/rewrite.py:178: in exec_module
    exec(co, module.__dict__)
src/main/org/joda/money/CurrencyUnit.py:18: in &lt;module&gt;
    from src.main.org.joda.money.MoneyUtils import *
&lt;frozen importlib._bootstrap&gt;:1027: in _find_and_load
    ???
&lt;frozen importlib._bootstrap&gt;:1006: in _find_and_load_unlocked
    ???
&lt;frozen importlib._bootstrap&gt;:688: in _load_unlocked
    ???
/Users/ali/miniconda3/envs/alphatrans/lib/python3.10/site-packages/_pytest/assertion/rewrite.py:178: in exec_module
    exec(co, module.__dict__)
src/main/org/joda/money/MoneyUtils.py:7: in &lt;module&gt;
    from src.main.org.joda.money.BigMoney import *
&lt;frozen importlib._bootstrap&gt;:1027: in _find_and_load
    ???
&lt;frozen importlib._bootstrap&gt;:1006: in _find_and_load_unlocked
    ???
&lt;frozen importlib._bootstrap&gt;:688: in _load_unlocked
    ???
/Users/ali/miniconda3/envs/alphatrans/lib/python3.10/site-packages/_pytest/assertion/rewrite.py:178: in exec_module
    exec(co, module.__dict__)
src/main/org/joda/money/BigMoney.py:15: in &lt;module&gt;
    from src.main.org.joda.money.Money import *
&lt;frozen importlib._bootstrap&gt;:1027: in _find_and_load
    ???
&lt;frozen importlib._bootstrap&gt;:1006: in _find_and_load_unlocked
    ???
&lt;frozen importlib._bootstrap&gt;:688: in _load_unlocked
    ???
/Users/ali/miniconda3/envs/alphatrans/lib/python3.10/site-packages/_pytest/assertion/rewrite.py:169: in exec_module
    source_stat, co = _rewrite_test(fn, self.config)
/Users/ali/miniconda3/envs/alphatrans/lib/python3.10/site-packages/_pytest/assertion/rewrite.py:349: in _rewrite_test
    tree = ast.parse(source, filename=strfn)
/Users/ali/miniconda3/envs/alphatrans/lib/python3.10/ast.py:50: in parse
    return compile(source, filename, mode, flags,
E     File "/Users/ali/Documents/AlphaTrans/data/recomposed_projects/llama-3-70b-instruct/signature/joda-money/src/main/org/joda/money/Money.py", line 40
E       pass # LLM could not translate this method
E                                                 ^
E   IndentationError: unindent does not match any outer indentation level</error>
    </testcase>
    <testcase classname="" name="evosuite-test.src.test.org.joda.money.MoneyUtils_ESTest" time="0.000">
      <error message="collection failure">/Users/ali/miniconda3/envs/alphatrans/lib/python3.10/site-packages/_pytest/python.py:492: in importtestmodule
    mod = import_path(
/Users/ali/miniconda3/envs/alphatrans/lib/python3.10/site-packages/_pytest/pathlib.py:591: in import_path
    importlib.import_module(module_name)
/Users/ali/miniconda3/envs/alphatrans/lib/python3.10/importlib/__init__.py:126: in import_module
    return _bootstrap._gcd_import(name[level:], package, level)
&lt;frozen importlib._bootstrap&gt;:1050: in _gcd_import
    ???
&lt;frozen importlib._bootstrap&gt;:1027: in _find_and_load
    ???
&lt;frozen importlib._bootstrap&gt;:1006: in _find_and_load_unlocked
    ???
&lt;frozen importlib._bootstrap&gt;:688: in _load_unlocked
    ???
/Users/ali/miniconda3/envs/alphatrans/lib/python3.10/site-packages/_pytest/assertion/rewrite.py:178: in exec_module
    exec(co, module.__dict__)
evosuite-test/src/test/org/joda/money/MoneyUtils_ESTest.py:13: in &lt;module&gt;
    from src.main.org.joda.money.BigMoney import *
&lt;frozen importlib._bootstrap&gt;:1027: in _find_and_load
    ???
&lt;frozen importlib._bootstrap&gt;:1006: in _find_and_load_unlocked
    ???
&lt;frozen importlib._bootstrap&gt;:688: in _load_unlocked
    ???
/Users/ali/miniconda3/envs/alphatrans/lib/python3.10/site-packages/_pytest/assertion/rewrite.py:178: in exec_module
    exec(co, module.__dict__)
src/main/org/joda/money/BigMoney.py:14: in &lt;module&gt;
    from src.main.org.joda.money.CurrencyUnit import *
&lt;frozen importlib._bootstrap&gt;:1027: in _find_and_load
    ???
&lt;frozen importlib._bootstrap&gt;:1006: in _find_and_load_unlocked
    ???
&lt;frozen importlib._bootstrap&gt;:688: in _load_unlocked
    ???
/Users/ali/miniconda3/envs/alphatrans/lib/python3.10/site-packages/_pytest/assertion/rewrite.py:178: in exec_module
    exec(co, module.__dict__)
src/main/org/joda/money/CurrencyUnit.py:18: in &lt;module&gt;
    from src.main.org.joda.money.MoneyUtils import *
&lt;frozen importlib._bootstrap&gt;:1027: in _find_and_load
    ???
&lt;frozen importlib._bootstrap&gt;:1006: in _find_and_load_unlocked
    ???
&lt;frozen importlib._bootstrap&gt;:688: in _load_unlocked
    ???
/Users/ali/miniconda3/envs/alphatrans/lib/python3.10/site-packages/_pytest/assertion/rewrite.py:178: in exec_module
    exec(co, module.__dict__)
src/main/org/joda/money/MoneyUtils.py:9: in &lt;module&gt;
    from src.main.org.joda.money.Money import *
&lt;frozen importlib._bootstrap&gt;:1027: in _find_and_load
    ???
&lt;frozen importlib._bootstrap&gt;:1006: in _find_and_load_unlocked
    ???
&lt;frozen importlib._bootstrap&gt;:688: in _load_unlocked
    ???
/Users/ali/miniconda3/envs/alphatrans/lib/python3.10/site-packages/_pytest/assertion/rewrite.py:169: in exec_module
    source_stat, co = _rewrite_test(fn, self.config)
/Users/ali/miniconda3/envs/alphatrans/lib/python3.10/site-packages/_pytest/assertion/rewrite.py:349: in _rewrite_test
    tree = ast.parse(source, filename=strfn)
/Users/ali/miniconda3/envs/alphatrans/lib/python3.10/ast.py:50: in parse
    return compile(source, filename, mode, flags,
E     File "/Users/ali/Documents/AlphaTrans/data/recomposed_projects/llama-3-70b-instruct/signature/joda-money/src/main/org/joda/money/Money.py", line 40
E       pass # LLM could not translate this method
E                                                 ^
E   IndentationError: unindent does not match any outer indentation level</error>
    </testcase>
    <testcase classname="" name="evosuite-test.src.test.org.joda.money.Money_ESTest" time="0.000">
      <error message="collection failure">/Users/ali/miniconda3/envs/alphatrans/lib/python3.10/site-packages/_pytest/python.py:492: in importtestmodule
    mod = import_path(
/Users/ali/miniconda3/envs/alphatrans/lib/python3.10/site-packages/_pytest/pathlib.py:591: in import_path
    importlib.import_module(module_name)
/Users/ali/miniconda3/envs/alphatrans/lib/python3.10/importlib/__init__.py:126: in import_module
    return _bootstrap._gcd_import(name[level:], package, level)
&lt;frozen importlib._bootstrap&gt;:1050: in _gcd_import
    ???
&lt;frozen importlib._bootstrap&gt;:1027: in _find_and_load
    ???
&lt;frozen importlib._bootstrap&gt;:1006: in _find_and_load_unlocked
    ???
&lt;frozen importlib._bootstrap&gt;:688: in _load_unlocked
    ???
/Users/ali/miniconda3/envs/alphatrans/lib/python3.10/site-packages/_pytest/assertion/rewrite.py:178: in exec_module
    exec(co, module.__dict__)
evosuite-test/src/test/org/joda/money/Money_ESTest.py:21: in &lt;module&gt;
    from src.main.org.joda.money.BigMoney import *
&lt;frozen importlib._bootstrap&gt;:1027: in _find_and_load
    ???
&lt;frozen importlib._bootstrap&gt;:1006: in _find_and_load_unlocked
    ???
&lt;frozen importlib._bootstrap&gt;:688: in _load_unlocked
    ???
/Users/ali/miniconda3/envs/alphatrans/lib/python3.10/site-packages/_pytest/assertion/rewrite.py:178: in exec_module
    exec(co, module.__dict__)
src/main/org/joda/money/BigMoney.py:14: in &lt;module&gt;
    from src.main.org.joda.money.CurrencyUnit import *
&lt;frozen importlib._bootstrap&gt;:1027: in _find_and_load
    ???
&lt;frozen importlib._bootstrap&gt;:1006: in _find_and_load_unlocked
    ???
&lt;frozen importlib._bootstrap&gt;:688: in _load_unlocked
    ???
/Users/ali/miniconda3/envs/alphatrans/lib/python3.10/site-packages/_pytest/assertion/rewrite.py:178: in exec_module
    exec(co, module.__dict__)
src/main/org/joda/money/CurrencyUnit.py:18: in &lt;module&gt;
    from src.main.org.joda.money.MoneyUtils import *
&lt;frozen importlib._bootstrap&gt;:1027: in _find_and_load
    ???
&lt;frozen importlib._bootstrap&gt;:1006: in _find_and_load_unlocked
    ???
&lt;frozen importlib._bootstrap&gt;:688: in _load_unlocked
    ???
/Users/ali/miniconda3/envs/alphatrans/lib/python3.10/site-packages/_pytest/assertion/rewrite.py:178: in exec_module
    exec(co, module.__dict__)
src/main/org/joda/money/MoneyUtils.py:9: in &lt;module&gt;
    from src.main.org.joda.money.Money import *
&lt;frozen importlib._bootstrap&gt;:1027: in _find_and_load
    ???
&lt;frozen importlib._bootstrap&gt;:1006: in _find_and_load_unlocked
    ???
&lt;frozen importlib._bootstrap&gt;:688: in _load_unlocked
    ???
/Users/ali/miniconda3/envs/alphatrans/lib/python3.10/site-packages/_pytest/assertion/rewrite.py:169: in exec_module
    source_stat, co = _rewrite_test(fn, self.config)
/Users/ali/miniconda3/envs/alphatrans/lib/python3.10/site-packages/_pytest/assertion/rewrite.py:349: in _rewrite_test
    tree = ast.parse(source, filename=strfn)
/Users/ali/miniconda3/envs/alphatrans/lib/python3.10/ast.py:50: in parse
    return compile(source, filename, mode, flags,
E     File "/Users/ali/Documents/AlphaTrans/data/recomposed_projects/llama-3-70b-instruct/signature/joda-money/src/main/org/joda/money/Money.py", line 40
E       pass # LLM could not translate this method
E                                                 ^
E   IndentationError: unindent does not match any outer indentation level</error>
    </testcase>
    <testcase classname="" name="evosuite-test.src.test.org.joda.money.Ser_ESTest" time="0.000">
      <error message="collection failure">/Users/ali/miniconda3/envs/alphatrans/lib/python3.10/site-packages/_pytest/python.py:492: in importtestmodule
    mod = import_path(
/Users/ali/miniconda3/envs/alphatrans/lib/python3.10/site-packages/_pytest/pathlib.py:591: in import_path
    importlib.import_module(module_name)
/Users/ali/miniconda3/envs/alphatrans/lib/python3.10/importlib/__init__.py:126: in import_module
    return _bootstrap._gcd_import(name[level:], package, level)
&lt;frozen importlib._bootstrap&gt;:1050: in _gcd_import
    ???
&lt;frozen importlib._bootstrap&gt;:1027: in _find_and_load
    ???
&lt;frozen importlib._bootstrap&gt;:1006: in _find_and_load_unlocked
    ???
&lt;frozen importlib._bootstrap&gt;:688: in _load_unlocked
    ???
/Users/ali/miniconda3/envs/alphatrans/lib/python3.10/site-packages/_pytest/assertion/rewrite.py:178: in exec_module
    exec(co, module.__dict__)
evosuite-test/src/test/org/joda/money/Ser_ESTest.py:17: in &lt;module&gt;
    from src.main.org.joda.money.CurrencyUnit import *
&lt;frozen importlib._bootstrap&gt;:1027: in _find_and_load
    ???
&lt;frozen importlib._bootstrap&gt;:1006: in _find_and_load_unlocked
    ???
&lt;frozen importlib._bootstrap&gt;:688: in _load_unlocked
    ???
/Users/ali/miniconda3/envs/alphatrans/lib/python3.10/site-packages/_pytest/assertion/rewrite.py:178: in exec_module
    exec(co, module.__dict__)
src/main/org/joda/money/CurrencyUnit.py:18: in &lt;module&gt;
    from src.main.org.joda.money.MoneyUtils import *
&lt;frozen importlib._bootstrap&gt;:1027: in _find_and_load
    ???
&lt;frozen importlib._bootstrap&gt;:1006: in _find_and_load_unlocked
    ???
&lt;frozen importlib._bootstrap&gt;:688: in _load_unlocked
    ???
/Users/ali/miniconda3/envs/alphatrans/lib/python3.10/site-packages/_pytest/assertion/rewrite.py:178: in exec_module
    exec(co, module.__dict__)
src/main/org/joda/money/MoneyUtils.py:7: in &lt;module&gt;
    from src.main.org.joda.money.BigMoney import *
&lt;frozen importlib._bootstrap&gt;:1027: in _find_and_load
    ???
&lt;frozen importlib._bootstrap&gt;:1006: in _find_and_load_unlocked
    ???
&lt;frozen importlib._bootstrap&gt;:688: in _load_unlocked
    ???
/Users/ali/miniconda3/envs/alphatrans/lib/python3.10/site-packages/_pytest/assertion/rewrite.py:178: in exec_module
    exec(co, module.__dict__)
src/main/org/joda/money/BigMoney.py:15: in &lt;module&gt;
    from src.main.org.joda.money.Money import *
&lt;frozen importlib._bootstrap&gt;:1027: in _find_and_load
    ???
&lt;frozen importlib._bootstrap&gt;:1006: in _find_and_load_unlocked
    ???
&lt;frozen importlib._bootstrap&gt;:688: in _load_unlocked
    ???
/Users/ali/miniconda3/envs/alphatrans/lib/python3.10/site-packages/_pytest/assertion/rewrite.py:169: in exec_module
    source_stat, co = _rewrite_test(fn, self.config)
/Users/ali/miniconda3/envs/alphatrans/lib/python3.10/site-packages/_pytest/assertion/rewrite.py:349: in _rewrite_test
    tree = ast.parse(source, filename=strfn)
/Users/ali/miniconda3/envs/alphatrans/lib/python3.10/ast.py:50: in parse
    return compile(source, filename, mode, flags,
E     File "/Users/ali/Documents/AlphaTrans/data/recomposed_projects/llama-3-70b-instruct/signature/joda-money/src/main/org/joda/money/Money.py", line 40
E       pass # LLM could not translate this method
E                                                 ^
E   IndentationError: unindent does not match any outer indentation level</error>
    </testcase>
    <testcase classname="" name="evosuite-test.src.test.org.joda.money.format.LiteralPrinterParser_ESTest" time="0.000">
      <error message="collection failure">/Users/ali/miniconda3/envs/alphatrans/lib/python3.10/site-packages/_pytest/python.py:492: in importtestmodule
    mod = import_path(
/Users/ali/miniconda3/envs/alphatrans/lib/python3.10/site-packages/_pytest/pathlib.py:591: in import_path
    importlib.import_module(module_name)
/Users/ali/miniconda3/envs/alphatrans/lib/python3.10/importlib/__init__.py:126: in import_module
    return _bootstrap._gcd_import(name[level:], package, level)
&lt;frozen importlib._bootstrap&gt;:1050: in _gcd_import
    ???
&lt;frozen importlib._bootstrap&gt;:1027: in _find_and_load
    ???
&lt;frozen importlib._bootstrap&gt;:1006: in _find_and_load_unlocked
    ???
&lt;frozen importlib._bootstrap&gt;:688: in _load_unlocked
    ???
/Users/ali/miniconda3/envs/alphatrans/lib/python3.10/site-packages/_pytest/assertion/rewrite.py:178: in exec_module
    exec(co, module.__dict__)
evosuite-test/src/test/org/joda/money/format/LiteralPrinterParser_ESTest.py:16: in &lt;module&gt;
    from src.main.org.joda.money.BigMoney import *
&lt;frozen importlib._bootstrap&gt;:1027: in _find_and_load
    ???
&lt;frozen importlib._bootstrap&gt;:1006: in _find_and_load_unlocked
    ???
&lt;frozen importlib._bootstrap&gt;:688: in _load_unlocked
    ???
/Users/ali/miniconda3/envs/alphatrans/lib/python3.10/site-packages/_pytest/assertion/rewrite.py:178: in exec_module
    exec(co, module.__dict__)
src/main/org/joda/money/BigMoney.py:14: in &lt;module&gt;
    from src.main.org.joda.money.CurrencyUnit import *
&lt;frozen importlib._bootstrap&gt;:1027: in _find_and_load
    ???
&lt;frozen importlib._bootstrap&gt;:1006: in _find_and_load_unlocked
    ???
&lt;frozen importlib._bootstrap&gt;:688: in _load_unlocked
    ???
/Users/ali/miniconda3/envs/alphatrans/lib/python3.10/site-packages/_pytest/assertion/rewrite.py:178: in exec_module
    exec(co, module.__dict__)
src/main/org/joda/money/CurrencyUnit.py:18: in &lt;module&gt;
    from src.main.org.joda.money.MoneyUtils import *
&lt;frozen importlib._bootstrap&gt;:1027: in _find_and_load
    ???
&lt;frozen importlib._bootstrap&gt;:1006: in _find_and_load_unlocked
    ???
&lt;frozen importlib._bootstrap&gt;:688: in _load_unlocked
    ???
/Users/ali/miniconda3/envs/alphatrans/lib/python3.10/site-packages/_pytest/assertion/rewrite.py:178: in exec_module
    exec(co, module.__dict__)
src/main/org/joda/money/MoneyUtils.py:9: in &lt;module&gt;
    from src.main.org.joda.money.Money import *
&lt;frozen importlib._bootstrap&gt;:1027: in _find_and_load
    ???
&lt;frozen importlib._bootstrap&gt;:1006: in _find_and_load_unlocked
    ???
&lt;frozen importlib._bootstrap&gt;:688: in _load_unlocked
    ???
/Users/ali/miniconda3/envs/alphatrans/lib/python3.10/site-packages/_pytest/assertion/rewrite.py:169: in exec_module
    source_stat, co = _rewrite_test(fn, self.config)
/Users/ali/miniconda3/envs/alphatrans/lib/python3.10/site-packages/_pytest/assertion/rewrite.py:349: in _rewrite_test
    tree = ast.parse(source, filename=strfn)
/Users/ali/miniconda3/envs/alphatrans/lib/python3.10/ast.py:50: in parse
    return compile(source, filename, mode, flags,
E     File "/Users/ali/Documents/AlphaTrans/data/recomposed_projects/llama-3-70b-instruct/signature/joda-money/src/main/org/joda/money/Money.py", line 40
E       pass # LLM could not translate this method
E                                                 ^
E   IndentationError: unindent does not match any outer indentation level</error>
    </testcase>
    <testcase classname="" name="evosuite-test.src.test.org.joda.money.format.MoneyFormatterBuilder_ESTest" time="0.000">
      <error message="collection failure">/Users/ali/miniconda3/envs/alphatrans/lib/python3.10/site-packages/_pytest/python.py:492: in importtestmodule
    mod = import_path(
/Users/ali/miniconda3/envs/alphatrans/lib/python3.10/site-packages/_pytest/pathlib.py:591: in import_path
    importlib.import_module(module_name)
/Users/ali/miniconda3/envs/alphatrans/lib/python3.10/importlib/__init__.py:126: in import_module
    return _bootstrap._gcd_import(name[level:], package, level)
&lt;frozen importlib._bootstrap&gt;:1050: in _gcd_import
    ???
&lt;frozen importlib._bootstrap&gt;:1027: in _find_and_load
    ???
&lt;frozen importlib._bootstrap&gt;:1006: in _find_and_load_unlocked
    ???
&lt;frozen importlib._bootstrap&gt;:688: in _load_unlocked
    ???
/Users/ali/miniconda3/envs/alphatrans/lib/python3.10/site-packages/_pytest/assertion/rewrite.py:178: in exec_module
    exec(co, module.__dict__)
evosuite-test/src/test/org/joda/money/format/MoneyFormatterBuilder_ESTest.py:13: in &lt;module&gt;
    from src.main.org.joda.money.format.LiteralPrinterParser import *
&lt;frozen importlib._bootstrap&gt;:1027: in _find_and_load
    ???
&lt;frozen importlib._bootstrap&gt;:1006: in _find_and_load_unlocked
    ???
&lt;frozen importlib._bootstrap&gt;:688: in _load_unlocked
    ???
/Users/ali/miniconda3/envs/alphatrans/lib/python3.10/site-packages/_pytest/assertion/rewrite.py:178: in exec_module
    exec(co, module.__dict__)
src/main/org/joda/money/format/LiteralPrinterParser.py:8: in &lt;module&gt;
    from src.main.org.joda.money.BigMoney import *
&lt;frozen importlib._bootstrap&gt;:1027: in _find_and_load
    ???
&lt;frozen importlib._bootstrap&gt;:1006: in _find_and_load_unlocked
    ???
&lt;frozen importlib._bootstrap&gt;:688: in _load_unlocked
    ???
/Users/ali/miniconda3/envs/alphatrans/lib/python3.10/site-packages/_pytest/assertion/rewrite.py:178: in exec_module
    exec(co, module.__dict__)
src/main/org/joda/money/BigMoney.py:14: in &lt;module&gt;
    from src.main.org.joda.money.CurrencyUnit import *
&lt;frozen importlib._bootstrap&gt;:1027: in _find_and_load
    ???
&lt;frozen importlib._bootstrap&gt;:1006: in _find_and_load_unlocked
    ???
&lt;frozen importlib._bootstrap&gt;:688: in _load_unlocked
    ???
/Users/ali/miniconda3/envs/alphatrans/lib/python3.10/site-packages/_pytest/assertion/rewrite.py:178: in exec_module
    exec(co, module.__dict__)
src/main/org/joda/money/CurrencyUnit.py:18: in &lt;module&gt;
    from src.main.org.joda.money.MoneyUtils import *
&lt;frozen importlib._bootstrap&gt;:1027: in _find_and_load
    ???
&lt;frozen importlib._bootstrap&gt;:1006: in _find_and_load_unlocked
    ???
&lt;frozen importlib._bootstrap&gt;:688: in _load_unlocked
    ???
/Users/ali/miniconda3/envs/alphatrans/lib/python3.10/site-packages/_pytest/assertion/rewrite.py:178: in exec_module
    exec(co, module.__dict__)
src/main/org/joda/money/MoneyUtils.py:9: in &lt;module&gt;
    from src.main.org.joda.money.Money import *
&lt;frozen importlib._bootstrap&gt;:1027: in _find_and_load
    ???
&lt;frozen importlib._bootstrap&gt;:1006: in _find_and_load_unlocked
    ???
&lt;frozen importlib._bootstrap&gt;:688: in _load_unlocked
    ???
/Users/ali/miniconda3/envs/alphatrans/lib/python3.10/site-packages/_pytest/assertion/rewrite.py:169: in exec_module
    source_stat, co = _rewrite_test(fn, self.config)
/Users/ali/miniconda3/envs/alphatrans/lib/python3.10/site-packages/_pytest/assertion/rewrite.py:349: in _rewrite_test
    tree = ast.parse(source, filename=strfn)
/Users/ali/miniconda3/envs/alphatrans/lib/python3.10/ast.py:50: in parse
    return compile(source, filename, mode, flags,
E     File "/Users/ali/Documents/AlphaTrans/data/recomposed_projects/llama-3-70b-instruct/signature/joda-money/src/main/org/joda/money/Money.py", line 40
E       pass # LLM could not translate this method
E                                                 ^
E   IndentationError: unindent does not match any outer indentation level</error>
    </testcase>
    <testcase classname="" name="evosuite-test.src.test.org.joda.money.format.MoneyFormatter_ESTest" time="0.000">
      <error message="collection failure">/Users/ali/miniconda3/envs/alphatrans/lib/python3.10/site-packages/_pytest/python.py:492: in importtestmodule
    mod = import_path(
/Users/ali/miniconda3/envs/alphatrans/lib/python3.10/site-packages/_pytest/pathlib.py:591: in import_path
    importlib.import_module(module_name)
/Users/ali/miniconda3/envs/alphatrans/lib/python3.10/importlib/__init__.py:126: in import_module
    return _bootstrap._gcd_import(name[level:], package, level)
&lt;frozen importlib._bootstrap&gt;:1050: in _gcd_import
    ???
&lt;frozen importlib._bootstrap&gt;:1027: in _find_and_load
    ???
&lt;frozen importlib._bootstrap&gt;:1006: in _find_and_load_unlocked
    ???
&lt;frozen importlib._bootstrap&gt;:688: in _load_unlocked
    ???
/Users/ali/miniconda3/envs/alphatrans/lib/python3.10/site-packages/_pytest/assertion/rewrite.py:178: in exec_module
    exec(co, module.__dict__)
evosuite-test/src/test/org/joda/money/format/MoneyFormatter_ESTest.py:16: in &lt;module&gt;
    from src.main.org.joda.money.BigMoney import *
&lt;frozen importlib._bootstrap&gt;:1027: in _find_and_load
    ???
&lt;frozen importlib._bootstrap&gt;:1006: in _find_and_load_unlocked
    ???
&lt;frozen importlib._bootstrap&gt;:688: in _load_unlocked
    ???
/Users/ali/miniconda3/envs/alphatrans/lib/python3.10/site-packages/_pytest/assertion/rewrite.py:178: in exec_module
    exec(co, module.__dict__)
src/main/org/joda/money/BigMoney.py:14: in &lt;module&gt;
    from src.main.org.joda.money.CurrencyUnit import *
&lt;frozen importlib._bootstrap&gt;:1027: in _find_and_load
    ???
&lt;frozen importlib._bootstrap&gt;:1006: in _find_and_load_unlocked
    ???
&lt;frozen importlib._bootstrap&gt;:688: in _load_unlocked
    ???
/Users/ali/miniconda3/envs/alphatrans/lib/python3.10/site-packages/_pytest/assertion/rewrite.py:178: in exec_module
    exec(co, module.__dict__)
src/main/org/joda/money/CurrencyUnit.py:18: in &lt;module&gt;
    from src.main.org.joda.money.MoneyUtils import *
&lt;frozen importlib._bootstrap&gt;:1027: in _find_and_load
    ???
&lt;frozen importlib._bootstrap&gt;:1006: in _find_and_load_unlocked
    ???
&lt;frozen importlib._bootstrap&gt;:688: in _load_unlocked
    ???
/Users/ali/miniconda3/envs/alphatrans/lib/python3.10/site-packages/_pytest/assertion/rewrite.py:178: in exec_module
    exec(co, module.__dict__)
src/main/org/joda/money/MoneyUtils.py:9: in &lt;module&gt;
    from src.main.org.joda.money.Money import *
&lt;frozen importlib._bootstrap&gt;:1027: in _find_and_load
    ???
&lt;frozen importlib._bootstrap&gt;:1006: in _find_and_load_unlocked
    ???
&lt;frozen importlib._bootstrap&gt;:688: in _load_unlocked
    ???
/Users/ali/miniconda3/envs/alphatrans/lib/python3.10/site-packages/_pytest/assertion/rewrite.py:169: in exec_module
    source_stat, co = _rewrite_test(fn, self.config)
/Users/ali/miniconda3/envs/alphatrans/lib/python3.10/site-packages/_pytest/assertion/rewrite.py:349: in _rewrite_test
    tree = ast.parse(source, filename=strfn)
/Users/ali/miniconda3/envs/alphatrans/lib/python3.10/ast.py:50: in parse
    return compile(source, filename, mode, flags,
E     File "/Users/ali/Documents/AlphaTrans/data/recomposed_projects/llama-3-70b-instruct/signature/joda-money/src/main/org/joda/money/Money.py", line 40
E       pass # LLM could not translate this method
E                                                 ^
E   IndentationError: unindent does not match any outer indentation level</error>
    </testcase>
    <testcase classname="" name="evosuite-test.src.test.org.joda.money.format.MoneyParseContext_ESTest" time="0.000">
      <error message="collection failure">/Users/ali/miniconda3/envs/alphatrans/lib/python3.10/site-packages/_pytest/python.py:492: in importtestmodule
    mod = import_path(
/Users/ali/miniconda3/envs/alphatrans/lib/python3.10/site-packages/_pytest/pathlib.py:591: in import_path
    importlib.import_module(module_name)
/Users/ali/miniconda3/envs/alphatrans/lib/python3.10/importlib/__init__.py:126: in import_module
    return _bootstrap._gcd_import(name[level:], package, level)
&lt;frozen importlib._bootstrap&gt;:1050: in _gcd_import
    ???
&lt;frozen importlib._bootstrap&gt;:1027: in _find_and_load
    ???
&lt;frozen importlib._bootstrap&gt;:1006: in _find_and_load_unlocked
    ???
&lt;frozen importlib._bootstrap&gt;:688: in _load_unlocked
    ???
/Users/ali/miniconda3/envs/alphatrans/lib/python3.10/site-packages/_pytest/assertion/rewrite.py:178: in exec_module
    exec(co, module.__dict__)
evosuite-test/src/test/org/joda/money/format/MoneyParseContext_ESTest.py:14: in &lt;module&gt;
    from src.main.org.joda.money.BigMoney import *
&lt;frozen importlib._bootstrap&gt;:1027: in _find_and_load
    ???
&lt;frozen importlib._bootstrap&gt;:1006: in _find_and_load_unlocked
    ???
&lt;frozen importlib._bootstrap&gt;:688: in _load_unlocked
    ???
/Users/ali/miniconda3/envs/alphatrans/lib/python3.10/site-packages/_pytest/assertion/rewrite.py:178: in exec_module
    exec(co, module.__dict__)
src/main/org/joda/money/BigMoney.py:14: in &lt;module&gt;
    from src.main.org.joda.money.CurrencyUnit import *
&lt;frozen importlib._bootstrap&gt;:1027: in _find_and_load
    ???
&lt;frozen importlib._bootstrap&gt;:1006: in _find_and_load_unlocked
    ???
&lt;frozen importlib._bootstrap&gt;:688: in _load_unlocked
    ???
/Users/ali/miniconda3/envs/alphatrans/lib/python3.10/site-packages/_pytest/assertion/rewrite.py:178: in exec_module
    exec(co, module.__dict__)
src/main/org/joda/money/CurrencyUnit.py:18: in &lt;module&gt;
    from src.main.org.joda.money.MoneyUtils import *
&lt;frozen importlib._bootstrap&gt;:1027: in _find_and_load
    ???
&lt;frozen importlib._bootstrap&gt;:1006: in _find_and_load_unlocked
    ???
&lt;frozen importlib._bootstrap&gt;:688: in _load_unlocked
    ???
/Users/ali/miniconda3/envs/alphatrans/lib/python3.10/site-packages/_pytest/assertion/rewrite.py:178: in exec_module
    exec(co, module.__dict__)
src/main/org/joda/money/MoneyUtils.py:9: in &lt;module&gt;
    from src.main.org.joda.money.Money import *
&lt;frozen importlib._bootstrap&gt;:1027: in _find_and_load
    ???
&lt;frozen importlib._bootstrap&gt;:1006: in _find_and_load_unlocked
    ???
&lt;frozen importlib._bootstrap&gt;:688: in _load_unlocked
    ???
/Users/ali/miniconda3/envs/alphatrans/lib/python3.10/site-packages/_pytest/assertion/rewrite.py:169: in exec_module
    source_stat, co = _rewrite_test(fn, self.config)
/Users/ali/miniconda3/envs/alphatrans/lib/python3.10/site-packages/_pytest/assertion/rewrite.py:349: in _rewrite_test
    tree = ast.parse(source, filename=strfn)
/Users/ali/miniconda3/envs/alphatrans/lib/python3.10/ast.py:50: in parse
    return compile(source, filename, mode, flags,
E     File "/Users/ali/Documents/AlphaTrans/data/recomposed_projects/llama-3-70b-instruct/signature/joda-money/src/main/org/joda/money/Money.py", line 40
E       pass # LLM could not translate this method
E                                                 ^
E   IndentationError: unindent does not match any outer indentation level</error>
    </testcase>
    <testcase classname="" name="evosuite-test.src.test.org.joda.money.format.MoneyPrintContext_ESTest" time="0.000">
      <error message="collection failure">/Users/ali/miniconda3/envs/alphatrans/lib/python3.10/site-packages/_pytest/python.py:492: in importtestmodule
    mod = import_path(
/Users/ali/miniconda3/envs/alphatrans/lib/python3.10/site-packages/_pytest/pathlib.py:591: in import_path
    importlib.import_module(module_name)
/Users/ali/miniconda3/envs/alphatrans/lib/python3.10/importlib/__init__.py:126: in import_module
    return _bootstrap._gcd_import(name[level:], package, level)
&lt;frozen importlib._bootstrap&gt;:1050: in _gcd_import
    ???
&lt;frozen importlib._bootstrap&gt;:1027: in _find_and_load
    ???
&lt;frozen importlib._bootstrap&gt;:1006: in _find_and_load_unlocked
    ???
&lt;frozen importlib._bootstrap&gt;:688: in _load_unlocked
    ???
/Users/ali/miniconda3/envs/alphatrans/lib/python3.10/site-packages/_pytest/assertion/rewrite.py:178: in exec_module
    exec(co, module.__dict__)
evosuite-test/src/test/org/joda/money/format/MoneyPrintContext_ESTest.py:13: in &lt;module&gt;
    from src.main.org.joda.money.format.MoneyPrintContext import *
&lt;frozen importlib._bootstrap&gt;:1027: in _find_and_load
    ???
&lt;frozen importlib._bootstrap&gt;:1006: in _find_and_load_unlocked
    ???
&lt;frozen importlib._bootstrap&gt;:688: in _load_unlocked
    ???
/Users/ali/miniconda3/envs/alphatrans/lib/python3.10/site-packages/_pytest/assertion/rewrite.py:178: in exec_module
    exec(co, module.__dict__)
src/main/org/joda/money/format/MoneyPrintContext.py:7: in &lt;module&gt;
    from src.main.org.joda.money.format.MoneyFormatter import *
&lt;frozen importlib._bootstrap&gt;:1027: in _find_and_load
    ???
&lt;frozen importlib._bootstrap&gt;:1006: in _find_and_load_unlocked
    ???
&lt;frozen importlib._bootstrap&gt;:688: in _load_unlocked
    ???
/Users/ali/miniconda3/envs/alphatrans/lib/python3.10/site-packages/_pytest/assertion/rewrite.py:169: in exec_module
    source_stat, co = _rewrite_test(fn, self.config)
/Users/ali/miniconda3/envs/alphatrans/lib/python3.10/site-packages/_pytest/assertion/rewrite.py:349: in _rewrite_test
    tree = ast.parse(source, filename=strfn)
/Users/ali/miniconda3/envs/alphatrans/lib/python3.10/ast.py:50: in parse
    return compile(source, filename, mode, flags,
E     File "/Users/ali/Documents/AlphaTrans/data/recomposed_projects/llama-3-70b-instruct/signature/joda-money/src/main/org/joda/money/format/MoneyFormatter.py", line 76
E       pass # LLM could not translate this method
E                                                 ^
E   IndentationError: unindent does not match any outer indentation level</error>
    </testcase>
    <testcase classname="" name="evosuite-test.src.test.org.joda.money.format.MultiPrinterParser_ESTest" time="0.000">
      <error message="collection failure">/Users/ali/miniconda3/envs/alphatrans/lib/python3.10/site-packages/_pytest/python.py:492: in importtestmodule
    mod = import_path(
/Users/ali/miniconda3/envs/alphatrans/lib/python3.10/site-packages/_pytest/pathlib.py:591: in import_path
    importlib.import_module(module_name)
/Users/ali/miniconda3/envs/alphatrans/lib/python3.10/importlib/__init__.py:126: in import_module
    return _bootstrap._gcd_import(name[level:], package, level)
&lt;frozen importlib._bootstrap&gt;:1050: in _gcd_import
    ???
&lt;frozen importlib._bootstrap&gt;:1027: in _find_and_load
    ???
&lt;frozen importlib._bootstrap&gt;:1006: in _find_and_load_unlocked
    ???
&lt;frozen importlib._bootstrap&gt;:688: in _load_unlocked
    ???
/Users/ali/miniconda3/envs/alphatrans/lib/python3.10/site-packages/_pytest/assertion/rewrite.py:178: in exec_module
    exec(co, module.__dict__)
evosuite-test/src/test/org/joda/money/format/MultiPrinterParser_ESTest.py:16: in &lt;module&gt;
    from src.main.org.joda.money.BigMoney import *
&lt;frozen importlib._bootstrap&gt;:1027: in _find_and_load
    ???
&lt;frozen importlib._bootstrap&gt;:1006: in _find_and_load_unlocked
    ???
&lt;frozen importlib._bootstrap&gt;:688: in _load_unlocked
    ???
/Users/ali/miniconda3/envs/alphatrans/lib/python3.10/site-packages/_pytest/assertion/rewrite.py:178: in exec_module
    exec(co, module.__dict__)
src/main/org/joda/money/BigMoney.py:14: in &lt;module&gt;
    from src.main.org.joda.money.CurrencyUnit import *
&lt;frozen importlib._bootstrap&gt;:1027: in _find_and_load
    ???
&lt;frozen importlib._bootstrap&gt;:1006: in _find_and_load_unlocked
    ???
&lt;frozen importlib._bootstrap&gt;:688: in _load_unlocked
    ???
/Users/ali/miniconda3/envs/alphatrans/lib/python3.10/site-packages/_pytest/assertion/rewrite.py:178: in exec_module
    exec(co, module.__dict__)
src/main/org/joda/money/CurrencyUnit.py:18: in &lt;module&gt;
    from src.main.org.joda.money.MoneyUtils import *
&lt;frozen importlib._bootstrap&gt;:1027: in _find_and_load
    ???
&lt;frozen importlib._bootstrap&gt;:1006: in _find_and_load_unlocked
    ???
&lt;frozen importlib._bootstrap&gt;:688: in _load_unlocked
    ???
/Users/ali/miniconda3/envs/alphatrans/lib/python3.10/site-packages/_pytest/assertion/rewrite.py:178: in exec_module
    exec(co, module.__dict__)
src/main/org/joda/money/MoneyUtils.py:9: in &lt;module&gt;
    from src.main.org.joda.money.Money import *
&lt;frozen importlib._bootstrap&gt;:1027: in _find_and_load
    ???
&lt;frozen importlib._bootstrap&gt;:1006: in _find_and_load_unlocked
    ???
&lt;frozen importlib._bootstrap&gt;:688: in _load_unlocked
    ???
/Users/ali/miniconda3/envs/alphatrans/lib/python3.10/site-packages/_pytest/assertion/rewrite.py:169: in exec_module
    source_stat, co = _rewrite_test(fn, self.config)
/Users/ali/miniconda3/envs/alphatrans/lib/python3.10/site-packages/_pytest/assertion/rewrite.py:349: in _rewrite_test
    tree = ast.parse(source, filename=strfn)
/Users/ali/miniconda3/envs/alphatrans/lib/python3.10/ast.py:50: in parse
    return compile(source, filename, mode, flags,
E     File "/Users/ali/Documents/AlphaTrans/data/recomposed_projects/llama-3-70b-instruct/signature/joda-money/src/main/org/joda/money/Money.py", line 40
E       pass # LLM could not translate this method
E                                                 ^
E   IndentationError: unindent does not match any outer indentation level</error>
    </testcase>
    <testcase classname="" name="evosuite-test.src.test.org.joda.money.format.SignedPrinterParser_ESTest" time="0.000">
      <error message="collection failure">/Users/ali/miniconda3/envs/alphatrans/lib/python3.10/site-packages/_pytest/python.py:492: in importtestmodule
    mod = import_path(
/Users/ali/miniconda3/envs/alphatrans/lib/python3.10/site-packages/_pytest/pathlib.py:591: in import_path
    importlib.import_module(module_name)
/Users/ali/miniconda3/envs/alphatrans/lib/python3.10/importlib/__init__.py:126: in import_module
    return _bootstrap._gcd_import(name[level:], package, level)
&lt;frozen importlib._bootstrap&gt;:1050: in _gcd_import
    ???
&lt;frozen importlib._bootstrap&gt;:1027: in _find_and_load
    ???
&lt;frozen importlib._bootstrap&gt;:1006: in _find_and_load_unlocked
    ???
&lt;frozen importlib._bootstrap&gt;:688: in _load_unlocked
    ???
/Users/ali/miniconda3/envs/alphatrans/lib/python3.10/site-packages/_pytest/assertion/rewrite.py:178: in exec_module
    exec(co, module.__dict__)
evosuite-test/src/test/org/joda/money/format/SignedPrinterParser_ESTest.py:15: in &lt;module&gt;
    from src.main.org.joda.money.BigMoney import *
&lt;frozen importlib._bootstrap&gt;:1027: in _find_and_load
    ???
&lt;frozen importlib._bootstrap&gt;:1006: in _find_and_load_unlocked
    ???
&lt;frozen importlib._bootstrap&gt;:688: in _load_unlocked
    ???
/Users/ali/miniconda3/envs/alphatrans/lib/python3.10/site-packages/_pytest/assertion/rewrite.py:178: in exec_module
    exec(co, module.__dict__)
src/main/org/joda/money/BigMoney.py:14: in &lt;module&gt;
    from src.main.org.joda.money.CurrencyUnit import *
&lt;frozen importlib._bootstrap&gt;:1027: in _find_and_load
    ???
&lt;frozen importlib._bootstrap&gt;:1006: in _find_and_load_unlocked
    ???
&lt;frozen importlib._bootstrap&gt;:688: in _load_unlocked
    ???
/Users/ali/miniconda3/envs/alphatrans/lib/python3.10/site-packages/_pytest/assertion/rewrite.py:178: in exec_module
    exec(co, module.__dict__)
src/main/org/joda/money/CurrencyUnit.py:18: in &lt;module&gt;
    from src.main.org.joda.money.MoneyUtils import *
&lt;frozen importlib._bootstrap&gt;:1027: in _find_and_load
    ???
&lt;frozen importlib._bootstrap&gt;:1006: in _find_and_load_unlocked
    ???
&lt;frozen importlib._bootstrap&gt;:688: in _load_unlocked
    ???
/Users/ali/miniconda3/envs/alphatrans/lib/python3.10/site-packages/_pytest/assertion/rewrite.py:178: in exec_module
    exec(co, module.__dict__)
src/main/org/joda/money/MoneyUtils.py:9: in &lt;module&gt;
    from src.main.org.joda.money.Money import *
&lt;frozen importlib._bootstrap&gt;:1027: in _find_and_load
    ???
&lt;frozen importlib._bootstrap&gt;:1006: in _find_and_load_unlocked
    ???
&lt;frozen importlib._bootstrap&gt;:688: in _load_unlocked
    ???
/Users/ali/miniconda3/envs/alphatrans/lib/python3.10/site-packages/_pytest/assertion/rewrite.py:169: in exec_module
    source_stat, co = _rewrite_test(fn, self.config)
/Users/ali/miniconda3/envs/alphatrans/lib/python3.10/site-packages/_pytest/assertion/rewrite.py:349: in _rewrite_test
    tree = ast.parse(source, filename=strfn)
/Users/ali/miniconda3/envs/alphatrans/lib/python3.10/ast.py:50: in parse
    return compile(source, filename, mode, flags,
E     File "/Users/ali/Documents/AlphaTrans/data/recomposed_projects/llama-3-70b-instruct/signature/joda-money/src/main/org/joda/money/Money.py", line 40
E       pass # LLM could not translate this method
E                                                 ^
E   IndentationError: unindent does not match any outer indentation level</error>
    </testcase>
    <testcase classname="evosuite-test.src.test.org.joda.money.CurrencyUnitDataProvider_ESTest.CurrencyUnitDataProvider_ESTest" name="test0" time="0.000">
      <failure message="NameError: name 'CurrencyUnit' is not defined">Traceback (most recent call last):
  File "/Users/ali/miniconda3/envs/alphatrans/lib/python3.10/unittest/case.py", line 59, in testPartExecutor
    yield
  File "/Users/ali/miniconda3/envs/alphatrans/lib/python3.10/unittest/case.py", line 591, in run
    self._callTestMethod(testMethod)
  File "/Users/ali/miniconda3/envs/alphatrans/lib/python3.10/unittest/case.py", line 549, in _callTestMethod
    method()
  File "/Users/ali/Documents/AlphaTrans/data/recomposed_projects/llama-3-70b-instruct/signature/joda-money/evosuite-test/src/test/org/joda/money/CurrencyUnitDataProvider_ESTest.py", line 87, in test0
    defaultCurrencyUnitDataProvider0._registerCurrency("CHF", 3, 3)
  File "/Users/ali/Documents/AlphaTrans/data/recomposed_projects/llama-3-70b-instruct/signature/joda-money/src/main/org/joda/money/CurrencyUnitDataProvider.py", line 17, in _registerCurrency
    CurrencyUnit.registerCurrency2(
NameError: name 'CurrencyUnit' is not defined. Did you mean: 'currencyCode'?</failure>
    </testcase>
    <testcase classname="evosuite-test.src.test.org.joda.money.CurrencyUnitDataProvider_ESTest.CurrencyUnitDataProvider_ESTest" name="test1" time="0.000">
      <failure message="NameError: name 'CurrencyUnit' is not defined">Traceback (most recent call last):
  File "/Users/ali/miniconda3/envs/alphatrans/lib/python3.10/unittest/case.py", line 59, in testPartExecutor
    yield
  File "/Users/ali/miniconda3/envs/alphatrans/lib/python3.10/unittest/case.py", line 591, in run
    self._callTestMethod(testMethod)
  File "/Users/ali/miniconda3/envs/alphatrans/lib/python3.10/unittest/case.py", line 549, in _callTestMethod
    method()
  File "/Users/ali/Documents/AlphaTrans/data/recomposed_projects/llama-3-70b-instruct/signature/joda-money/evosuite-test/src/test/org/joda/money/CurrencyUnitDataProvider_ESTest.py", line 82, in test1
    defaultCurrencyUnitDataProvider0._registerCountry("USD", "USD")
  File "/Users/ali/Documents/AlphaTrans/data/recomposed_projects/llama-3-70b-instruct/signature/joda-money/src/main/org/joda/money/CurrencyUnitDataProvider.py", line 12, in _registerCountry
    CurrencyUnit.registerCountry(countryCode, CurrencyUnit.of1(currencyCode))
NameError: name 'CurrencyUnit' is not defined. Did you mean: 'currencyCode'?</failure>
    </testcase>
    <testcase classname="evosuite-test.src.test.org.joda.money.CurrencyUnitDataProvider_ESTest.CurrencyUnitDataProvider_ESTest" name="test2" time="0.000">
      <failure message="NameError: name 'CurrencyUnit' is not defined">Traceback (most recent call last):
  File "/Users/ali/miniconda3/envs/alphatrans/lib/python3.10/unittest/case.py", line 59, in testPartExecutor
    yield
  File "/Users/ali/miniconda3/envs/alphatrans/lib/python3.10/unittest/case.py", line 591, in run
    self._callTestMethod(testMethod)
  File "/Users/ali/miniconda3/envs/alphatrans/lib/python3.10/unittest/case.py", line 549, in _callTestMethod
    method()
  File "/Users/ali/Documents/AlphaTrans/data/recomposed_projects/llama-3-70b-instruct/signature/joda-money/evosuite-test/src/test/org/joda/money/CurrencyUnitDataProvider_ESTest.py", line 73, in test2
    defaultCurrencyUnitDataProvider0._registerCurrency("{(Zp?2", -369, 1512)
  File "/Users/ali/Documents/AlphaTrans/data/recomposed_projects/llama-3-70b-instruct/signature/joda-money/src/main/org/joda/money/CurrencyUnitDataProvider.py", line 17, in _registerCurrency
    CurrencyUnit.registerCurrency2(
NameError: name 'CurrencyUnit' is not defined. Did you mean: 'currencyCode'?</failure>
    </testcase>
    <testcase classname="evosuite-test.src.test.org.joda.money.CurrencyUnitDataProvider_ESTest.CurrencyUnitDataProvider_ESTest" name="test3" time="0.000">
      <failure message="NameError: name 'CurrencyUnit' is not defined">Traceback (most recent call last):
  File "/Users/ali/miniconda3/envs/alphatrans/lib/python3.10/unittest/case.py", line 59, in testPartExecutor
    yield
  File "/Users/ali/miniconda3/envs/alphatrans/lib/python3.10/unittest/case.py", line 591, in run
    self._callTestMethod(testMethod)
  File "/Users/ali/miniconda3/envs/alphatrans/lib/python3.10/unittest/case.py", line 549, in _callTestMethod
    method()
  File "/Users/ali/Documents/AlphaTrans/data/recomposed_projects/llama-3-70b-instruct/signature/joda-money/evosuite-test/src/test/org/joda/money/CurrencyUnitDataProvider_ESTest.py", line 59, in test3
    defaultCurrencyUnitDataProvider0._registerCountry(
  File "/Users/ali/Documents/AlphaTrans/data/recomposed_projects/llama-3-70b-instruct/signature/joda-money/src/main/org/joda/money/CurrencyUnitDataProvider.py", line 12, in _registerCountry
    CurrencyUnit.registerCountry(countryCode, CurrencyUnit.of1(currencyCode))
NameError: name 'CurrencyUnit' is not defined. Did you mean: 'currencyCode'?</failure>
    </testcase>
    <testcase classname="evosuite-test.src.test.org.joda.money.CurrencyUnitDataProvider_ESTest.CurrencyUnitDataProvider_ESTest" name="test4" time="0.000">
      <failure message="NameError: name 'CurrencyUnit' is not defined">Traceback (most recent call last):
  File "/Users/ali/miniconda3/envs/alphatrans/lib/python3.10/unittest/case.py", line 59, in testPartExecutor
    yield
  File "/Users/ali/miniconda3/envs/alphatrans/lib/python3.10/unittest/case.py", line 591, in run
    self._callTestMethod(testMethod)
  File "/Users/ali/miniconda3/envs/alphatrans/lib/python3.10/unittest/case.py", line 549, in _callTestMethod
    method()
  File "/Users/ali/Documents/AlphaTrans/data/recomposed_projects/llama-3-70b-instruct/signature/joda-money/evosuite-test/src/test/org/joda/money/CurrencyUnitDataProvider_ESTest.py", line 47, in test4
    defaultCurrencyUnitDataProvider0._registerCountry(None, "CAD")
  File "/Users/ali/Documents/AlphaTrans/data/recomposed_projects/llama-3-70b-instruct/signature/joda-money/src/main/org/joda/money/CurrencyUnitDataProvider.py", line 12, in _registerCountry
    CurrencyUnit.registerCountry(countryCode, CurrencyUnit.of1(currencyCode))
NameError: name 'CurrencyUnit' is not defined. Did you mean: 'currencyCode'?</failure>
    </testcase>
    <testcase classname="evosuite-test.src.test.org.joda.money.CurrencyUnitDataProvider_ESTest.CurrencyUnitDataProvider_ESTest" name="test5" time="0.000">
      <failure message="NameError: name 'CurrencyUnit' is not defined">Traceback (most recent call last):
  File "/Users/ali/miniconda3/envs/alphatrans/lib/python3.10/unittest/case.py", line 59, in testPartExecutor
    yield
  File "/Users/ali/miniconda3/envs/alphatrans/lib/python3.10/unittest/case.py", line 591, in run
    self._callTestMethod(testMethod)
  File "/Users/ali/miniconda3/envs/alphatrans/lib/python3.10/unittest/case.py", line 549, in _callTestMethod
    method()
  File "/Users/ali/Documents/AlphaTrans/data/recomposed_projects/llama-3-70b-instruct/signature/joda-money/evosuite-test/src/test/org/joda/money/CurrencyUnitDataProvider_ESTest.py", line 39, in test5
    defaultCurrencyUnitDataProvider0._registerCountry(None, None)
  File "/Users/ali/Documents/AlphaTrans/data/recomposed_projects/llama-3-70b-instruct/signature/joda-money/src/main/org/joda/money/CurrencyUnitDataProvider.py", line 12, in _registerCountry
    CurrencyUnit.registerCountry(countryCode, CurrencyUnit.of1(currencyCode))
NameError: name 'CurrencyUnit' is not defined. Did you mean: 'currencyCode'?</failure>
    </testcase>
    <testcase classname="evosuite-test.src.test.org.joda.money.CurrencyUnitDataProvider_ESTest.CurrencyUnitDataProvider_ESTest" name="test6" time="0.000">
      <failure message="AssertionError: NameError(&quot;name 'CurrencyUnit' is not defined&quot;) is not an instance of &lt;class 'RuntimeError'&gt;">Traceback (most recent call last):
  File "/Users/ali/Documents/AlphaTrans/data/recomposed_projects/llama-3-70b-instruct/signature/joda-money/evosuite-test/src/test/org/joda/money/CurrencyUnitDataProvider_ESTest.py", line 26, in test6
    defaultCurrencyUnitDataProvider0._registerCurrency(None, 1, 1)
  File "/Users/ali/Documents/AlphaTrans/data/recomposed_projects/llama-3-70b-instruct/signature/joda-money/src/main/org/joda/money/CurrencyUnitDataProvider.py", line 17, in _registerCurrency
    CurrencyUnit.registerCurrency2(
NameError: name 'CurrencyUnit' is not defined. Did you mean: 'currencyCode'?

During handling of the above exception, another exception occurred:

Traceback (most recent call last):
  File "/Users/ali/miniconda3/envs/alphatrans/lib/python3.10/unittest/case.py", line 59, in testPartExecutor
    yield
  File "/Users/ali/miniconda3/envs/alphatrans/lib/python3.10/unittest/case.py", line 591, in run
    self._callTestMethod(testMethod)
  File "/Users/ali/miniconda3/envs/alphatrans/lib/python3.10/unittest/case.py", line 549, in _callTestMethod
    method()
  File "/Users/ali/Documents/AlphaTrans/data/recomposed_projects/llama-3-70b-instruct/signature/joda-money/evosuite-test/src/test/org/joda/money/CurrencyUnitDataProvider_ESTest.py", line 31, in test6
    self.assertIsInstance(e, RuntimeError)
  File "/Users/ali/miniconda3/envs/alphatrans/lib/python3.10/unittest/case.py", line 1269, in assertIsInstance
    self.fail(self._formatMessage(msg, standardMsg))
  File "/Users/ali/miniconda3/envs/alphatrans/lib/python3.10/unittest/case.py", line 675, in fail
    raise self.failureException(msg)
AssertionError: NameError("name 'CurrencyUnit' is not defined") is not an instance of &lt;class 'RuntimeError'&gt;</failure>
    </testcase>
    <testcase classname="evosuite-test.src.test.org.joda.money.DefaultCurrencyUnitDataProvider_ESTest.DefaultCurrencyUnitDataProvider_ESTest" name="test0" time="0.000">
      <failure message="AttributeError: 'DefaultCurrencyUnitDataProvider' object has no attribute 'registerCurrencies'. Did you mean: '_registerCurrencies'?">Traceback (most recent call last):
  File "/Users/ali/miniconda3/envs/alphatrans/lib/python3.10/unittest/case.py", line 59, in testPartExecutor
    yield
  File "/Users/ali/miniconda3/envs/alphatrans/lib/python3.10/unittest/case.py", line 591, in run
    self._callTestMethod(testMethod)
  File "/Users/ali/miniconda3/envs/alphatrans/lib/python3.10/unittest/case.py", line 549, in _callTestMethod
    method()
  File "/Users/ali/Documents/AlphaTrans/data/recomposed_projects/llama-3-70b-instruct/signature/joda-money/evosuite-test/src/test/org/joda/money/DefaultCurrencyUnitDataProvider_ESTest.py", line 23, in test0
    defaultCurrencyUnitDataProvider0.registerCurrencies()
AttributeError: 'DefaultCurrencyUnitDataProvider' object has no attribute 'registerCurrencies'. Did you mean: '_registerCurrencies'?</failure>
    </testcase>
    <testcase classname="evosuite-test.src.test.org.joda.money.IllegalCurrencyException_ESTest.IllegalCurrencyException_ESTest" name="test0" time="0.000"/>
    <testcase classname="evosuite-test.src.test.org.joda.money.format.MoneyFormatException_ESTest.MoneyFormatException_ESTest" name="test0" time="0.000">
      <failure message="AttributeError: IOException">Traceback (most recent call last):
  File "/Users/ali/miniconda3/envs/alphatrans/lib/python3.10/unittest/case.py", line 59, in testPartExecutor
    yield
  File "/Users/ali/miniconda3/envs/alphatrans/lib/python3.10/unittest/case.py", line 591, in run
    self._callTestMethod(testMethod)
  File "/Users/ali/miniconda3/envs/alphatrans/lib/python3.10/unittest/case.py", line 549, in _callTestMethod
    method()
  File "/Users/ali/Documents/AlphaTrans/data/recomposed_projects/llama-3-70b-instruct/signature/joda-money/evosuite-test/src/test/org/joda/money/format/MoneyFormatException_ESTest.py", line 26, in test0
    mock_io_exception = io.IOException()
  File "/Users/ali/miniconda3/envs/alphatrans/lib/python3.10/io.py", line 73, in __getattr__
    raise AttributeError(name)
AttributeError: IOException</failure>
    </testcase>
    <testcase classname="evosuite-test.src.test.org.joda.money.format.MoneyFormatException_ESTest.MoneyFormatException_ESTest" name="test1" time="0.000">
      <failure message="AttributeError: IOException">Traceback (most recent call last):
  File "/Users/ali/miniconda3/envs/alphatrans/lib/python3.10/unittest/case.py", line 59, in testPartExecutor
    yield
  File "/Users/ali/miniconda3/envs/alphatrans/lib/python3.10/unittest/case.py", line 591, in run
    self._callTestMethod(testMethod)
  File "/Users/ali/miniconda3/envs/alphatrans/lib/python3.10/unittest/case.py", line 549, in _callTestMethod
    method()
  File "/Users/ali/Documents/AlphaTrans/data/recomposed_projects/llama-3-70b-instruct/signature/joda-money/evosuite-test/src/test/org/joda/money/format/MoneyFormatException_ESTest.py", line 22, in test1
    moneyFormatException0.rethrowIOException()
  File "/Users/ali/Documents/AlphaTrans/data/recomposed_projects/llama-3-70b-instruct/signature/joda-money/src/main/org/joda/money/format/MoneyFormatException.py", line 12, in rethrowIOException
    if isinstance(self.__cause__, io.IOException):
  File "/Users/ali/miniconda3/envs/alphatrans/lib/python3.10/io.py", line 73, in __getattr__
    raise AttributeError(name)
AttributeError: IOException</failure>
    </testcase>
  </testsuite>
</testsuites>
