<?xml version="1.0" encoding="utf-8"?>
<testsuites>
  <testsuite name="pytest" errors="10" failures="13" skipped="0" tests="46" time="0.182" timestamp="2024-07-03T21:59:03.248192" hostname="maverick">
    <testcase classname="" name="evosuite-test.src.test.org.joda.convert.EnumStringConverterFactory_ESTest" time="0.000">
      <error message="collection failure">Traceback (most recent call last):
  File "/home/ali/miniconda3/envs/alphatrans/lib/python3.10/site-packages/_pytest/runner.py", line 341, in from_call
    result: Optional[TResult] = func()
  File "/home/ali/miniconda3/envs/alphatrans/lib/python3.10/site-packages/_pytest/runner.py", line 389, in collect
    return list(collector.collect())
  File "/home/ali/miniconda3/envs/alphatrans/lib/python3.10/site-packages/_pytest/python.py", line 548, in collect
    self._register_setup_module_fixture()
  File "/home/ali/miniconda3/envs/alphatrans/lib/python3.10/site-packages/_pytest/python.py", line 561, in _register_setup_module_fixture
    self.obj, ("setUpModule", "setup_module")
  File "/home/ali/miniconda3/envs/alphatrans/lib/python3.10/site-packages/_pytest/python.py", line 287, in obj
    self._obj = obj = self._getobj()
  File "/home/ali/miniconda3/envs/alphatrans/lib/python3.10/site-packages/_pytest/python.py", line 545, in _getobj
    return importtestmodule(self.path, self.config)
  File "/home/ali/miniconda3/envs/alphatrans/lib/python3.10/site-packages/_pytest/python.py", line 492, in importtestmodule
    mod = import_path(
  File "/home/ali/miniconda3/envs/alphatrans/lib/python3.10/site-packages/_pytest/pathlib.py", line 591, in import_path
    importlib.import_module(module_name)
  File "/home/ali/miniconda3/envs/alphatrans/lib/python3.10/importlib/__init__.py", line 126, in import_module
    return _bootstrap._gcd_import(name[level:], package, level)
  File "&lt;frozen importlib._bootstrap&gt;", line 1050, in _gcd_import
  File "&lt;frozen importlib._bootstrap&gt;", line 1027, in _find_and_load
  File "&lt;frozen importlib._bootstrap&gt;", line 1006, in _find_and_load_unlocked
  File "&lt;frozen importlib._bootstrap&gt;", line 688, in _load_unlocked
  File "/home/ali/miniconda3/envs/alphatrans/lib/python3.10/site-packages/_pytest/assertion/rewrite.py", line 178, in exec_module
    exec(co, module.__dict__)
  File "/home/ali/Documents/AlphaTrans/data/recomposed_projects/deepseek-coder-33b-instruct/signature/joda-convert/evosuite-test/src/test/org/joda/convert/EnumStringConverterFactory_ESTest.py", line 16, in &lt;module&gt;
    from src.main.org.joda.convert.EnumStringConverterFactory import *
  File "&lt;frozen importlib._bootstrap&gt;", line 1027, in _find_and_load
  File "&lt;frozen importlib._bootstrap&gt;", line 1006, in _find_and_load_unlocked
  File "&lt;frozen importlib._bootstrap&gt;", line 688, in _load_unlocked
  File "/home/ali/miniconda3/envs/alphatrans/lib/python3.10/site-packages/_pytest/assertion/rewrite.py", line 178, in exec_module
    exec(co, module.__dict__)
  File "/home/ali/Documents/AlphaTrans/data/recomposed_projects/deepseek-coder-33b-instruct/signature/joda-convert/src/main/org/joda/convert/EnumStringConverterFactory.py", line 9, in &lt;module&gt;
    from src.main.org.joda.convert.RenameHandler import *
  File "&lt;frozen importlib._bootstrap&gt;", line 1027, in _find_and_load
  File "&lt;frozen importlib._bootstrap&gt;", line 1006, in _find_and_load_unlocked
  File "&lt;frozen importlib._bootstrap&gt;", line 688, in _load_unlocked
  File "/home/ali/miniconda3/envs/alphatrans/lib/python3.10/site-packages/_pytest/assertion/rewrite.py", line 178, in exec_module
    exec(co, module.__dict__)
  File "/home/ali/Documents/AlphaTrans/data/recomposed_projects/deepseek-coder-33b-instruct/signature/joda-convert/src/main/org/joda/convert/RenameHandler.py", line 10, in &lt;module&gt;
    from src.main.org.joda.convert.StringConvert import *
  File "&lt;frozen importlib._bootstrap&gt;", line 1027, in _find_and_load
  File "&lt;frozen importlib._bootstrap&gt;", line 1006, in _find_and_load_unlocked
  File "&lt;frozen importlib._bootstrap&gt;", line 688, in _load_unlocked
  File "/home/ali/miniconda3/envs/alphatrans/lib/python3.10/site-packages/_pytest/assertion/rewrite.py", line 178, in exec_module
    exec(co, module.__dict__)
  File "/home/ali/Documents/AlphaTrans/data/recomposed_projects/deepseek-coder-33b-instruct/signature/joda-convert/src/main/org/joda/convert/StringConvert.py", line 13, in &lt;module&gt;
    from src.main.org.joda.convert.JDKStringConverter import *
  File "&lt;frozen importlib._bootstrap&gt;", line 1027, in _find_and_load
  File "&lt;frozen importlib._bootstrap&gt;", line 1006, in _find_and_load_unlocked
  File "&lt;frozen importlib._bootstrap&gt;", line 688, in _load_unlocked
  File "/home/ali/miniconda3/envs/alphatrans/lib/python3.10/site-packages/_pytest/assertion/rewrite.py", line 178, in exec_module
    exec(co, module.__dict__)
  File "/home/ali/Documents/AlphaTrans/data/recomposed_projects/deepseek-coder-33b-instruct/signature/joda-convert/src/main/org/joda/convert/JDKStringConverter.py", line 12, in &lt;module&gt;
    class JDKStringConverter(TypedStringConverter):
  File "/home/ali/Documents/AlphaTrans/data/recomposed_projects/deepseek-coder-33b-instruct/signature/joda-convert/src/main/org/joda/convert/JDKStringConverter.py", line 72, in JDKStringConverter
    __base64Array: List[str] = list(base64Str)
NameError: name 'base64Str' is not defined</error>
    </testcase>
    <testcase classname="" name="evosuite-test.src.test.org.joda.convert.JDKStringConverter_ESTest" time="0.000">
      <error message="collection failure">Traceback (most recent call last):
  File "/home/ali/miniconda3/envs/alphatrans/lib/python3.10/site-packages/_pytest/runner.py", line 341, in from_call
    result: Optional[TResult] = func()
  File "/home/ali/miniconda3/envs/alphatrans/lib/python3.10/site-packages/_pytest/runner.py", line 389, in collect
    return list(collector.collect())
  File "/home/ali/miniconda3/envs/alphatrans/lib/python3.10/site-packages/_pytest/python.py", line 548, in collect
    self._register_setup_module_fixture()
  File "/home/ali/miniconda3/envs/alphatrans/lib/python3.10/site-packages/_pytest/python.py", line 561, in _register_setup_module_fixture
    self.obj, ("setUpModule", "setup_module")
  File "/home/ali/miniconda3/envs/alphatrans/lib/python3.10/site-packages/_pytest/python.py", line 287, in obj
    self._obj = obj = self._getobj()
  File "/home/ali/miniconda3/envs/alphatrans/lib/python3.10/site-packages/_pytest/python.py", line 545, in _getobj
    return importtestmodule(self.path, self.config)
  File "/home/ali/miniconda3/envs/alphatrans/lib/python3.10/site-packages/_pytest/python.py", line 492, in importtestmodule
    mod = import_path(
  File "/home/ali/miniconda3/envs/alphatrans/lib/python3.10/site-packages/_pytest/pathlib.py", line 591, in import_path
    importlib.import_module(module_name)
  File "/home/ali/miniconda3/envs/alphatrans/lib/python3.10/importlib/__init__.py", line 126, in import_module
    return _bootstrap._gcd_import(name[level:], package, level)
  File "&lt;frozen importlib._bootstrap&gt;", line 1050, in _gcd_import
  File "&lt;frozen importlib._bootstrap&gt;", line 1027, in _find_and_load
  File "&lt;frozen importlib._bootstrap&gt;", line 1006, in _find_and_load_unlocked
  File "&lt;frozen importlib._bootstrap&gt;", line 688, in _load_unlocked
  File "/home/ali/miniconda3/envs/alphatrans/lib/python3.10/site-packages/_pytest/assertion/rewrite.py", line 178, in exec_module
    exec(co, module.__dict__)
  File "/home/ali/Documents/AlphaTrans/data/recomposed_projects/deepseek-coder-33b-instruct/signature/joda-convert/evosuite-test/src/test/org/joda/convert/JDKStringConverter_ESTest.py", line 20, in &lt;module&gt;
    from src.main.org.joda.convert.JDKStringConverter import *
  File "&lt;frozen importlib._bootstrap&gt;", line 1027, in _find_and_load
  File "&lt;frozen importlib._bootstrap&gt;", line 1006, in _find_and_load_unlocked
  File "&lt;frozen importlib._bootstrap&gt;", line 688, in _load_unlocked
  File "/home/ali/miniconda3/envs/alphatrans/lib/python3.10/site-packages/_pytest/assertion/rewrite.py", line 178, in exec_module
    exec(co, module.__dict__)
  File "/home/ali/Documents/AlphaTrans/data/recomposed_projects/deepseek-coder-33b-instruct/signature/joda-convert/src/main/org/joda/convert/JDKStringConverter.py", line 9, in &lt;module&gt;
    from src.main.org.joda.convert.RenameHandler import *
  File "&lt;frozen importlib._bootstrap&gt;", line 1027, in _find_and_load
  File "&lt;frozen importlib._bootstrap&gt;", line 1006, in _find_and_load_unlocked
  File "&lt;frozen importlib._bootstrap&gt;", line 688, in _load_unlocked
  File "/home/ali/miniconda3/envs/alphatrans/lib/python3.10/site-packages/_pytest/assertion/rewrite.py", line 178, in exec_module
    exec(co, module.__dict__)
  File "/home/ali/Documents/AlphaTrans/data/recomposed_projects/deepseek-coder-33b-instruct/signature/joda-convert/src/main/org/joda/convert/RenameHandler.py", line 10, in &lt;module&gt;
    from src.main.org.joda.convert.StringConvert import *
  File "&lt;frozen importlib._bootstrap&gt;", line 1027, in _find_and_load
  File "&lt;frozen importlib._bootstrap&gt;", line 1006, in _find_and_load_unlocked
  File "&lt;frozen importlib._bootstrap&gt;", line 688, in _load_unlocked
  File "/home/ali/miniconda3/envs/alphatrans/lib/python3.10/site-packages/_pytest/assertion/rewrite.py", line 178, in exec_module
    exec(co, module.__dict__)
  File "/home/ali/Documents/AlphaTrans/data/recomposed_projects/deepseek-coder-33b-instruct/signature/joda-convert/src/main/org/joda/convert/StringConvert.py", line 19, in &lt;module&gt;
    from src.main.org.joda.convert.TypeStringConverterFactory import *
  File "&lt;frozen importlib._bootstrap&gt;", line 1027, in _find_and_load
  File "&lt;frozen importlib._bootstrap&gt;", line 1006, in _find_and_load_unlocked
  File "&lt;frozen importlib._bootstrap&gt;", line 688, in _load_unlocked
  File "/home/ali/miniconda3/envs/alphatrans/lib/python3.10/site-packages/_pytest/assertion/rewrite.py", line 178, in exec_module
    exec(co, module.__dict__)
  File "/home/ali/Documents/AlphaTrans/data/recomposed_projects/deepseek-coder-33b-instruct/signature/joda-convert/src/main/org/joda/convert/TypeStringConverterFactory.py", line 8, in &lt;module&gt;
    from src.main.org.joda.convert.TypeUtils import *
  File "&lt;frozen importlib._bootstrap&gt;", line 1027, in _find_and_load
  File "&lt;frozen importlib._bootstrap&gt;", line 1006, in _find_and_load_unlocked
  File "&lt;frozen importlib._bootstrap&gt;", line 688, in _load_unlocked
  File "/home/ali/miniconda3/envs/alphatrans/lib/python3.10/site-packages/_pytest/assertion/rewrite.py", line 178, in exec_module
    exec(co, module.__dict__)
  File "/home/ali/Documents/AlphaTrans/data/recomposed_projects/deepseek-coder-33b-instruct/signature/joda-convert/src/main/org/joda/convert/TypeUtils.py", line 9, in &lt;module&gt;
    from src.main.org.joda.convert.Types import *
  File "&lt;frozen importlib._bootstrap&gt;", line 1027, in _find_and_load
  File "&lt;frozen importlib._bootstrap&gt;", line 1006, in _find_and_load_unlocked
  File "&lt;frozen importlib._bootstrap&gt;", line 688, in _load_unlocked
  File "/home/ali/miniconda3/envs/alphatrans/lib/python3.10/site-packages/_pytest/assertion/rewrite.py", line 178, in exec_module
    exec(co, module.__dict__)
  File "/home/ali/Documents/AlphaTrans/data/recomposed_projects/deepseek-coder-33b-instruct/signature/joda-convert/src/main/org/joda/convert/Types.py", line 681, in &lt;module&gt;
    NativeTypeVariableEquals.initialize_fields()
  File "/home/ali/Documents/AlphaTrans/data/recomposed_projects/deepseek-coder-33b-instruct/signature/joda-convert/src/main/org/joda/convert/Types.py", line 321, in initialize_fields
    ) = NativeTypeVariableEquals.class_.getTypeParameters()[
AttributeError: type object 'NativeTypeVariableEquals' has no attribute 'class_'</error>
    </testcase>
    <testcase classname="" name="evosuite-test.src.test.org.joda.convert.OptionalDoubleStringConverter_ESTest" time="0.000">
      <error message="collection failure">Traceback (most recent call last):
  File "/home/ali/Documents/AlphaTrans/data/recomposed_projects/deepseek-coder-33b-instruct/signature/joda-convert/src/main/org/joda/convert/OptionalDoubleStringConverter.py", line 27, in run_static_init
    importlib.import_module("java.util"), "OptionalDouble"
NameError: name 'importlib' is not defined

During handling of the above exception, another exception occurred:

Traceback (most recent call last):
  File "/home/ali/miniconda3/envs/alphatrans/lib/python3.10/site-packages/_pytest/runner.py", line 341, in from_call
    result: Optional[TResult] = func()
  File "/home/ali/miniconda3/envs/alphatrans/lib/python3.10/site-packages/_pytest/runner.py", line 389, in collect
    return list(collector.collect())
  File "/home/ali/miniconda3/envs/alphatrans/lib/python3.10/site-packages/_pytest/python.py", line 548, in collect
    self._register_setup_module_fixture()
  File "/home/ali/miniconda3/envs/alphatrans/lib/python3.10/site-packages/_pytest/python.py", line 561, in _register_setup_module_fixture
    self.obj, ("setUpModule", "setup_module")
  File "/home/ali/miniconda3/envs/alphatrans/lib/python3.10/site-packages/_pytest/python.py", line 287, in obj
    self._obj = obj = self._getobj()
  File "/home/ali/miniconda3/envs/alphatrans/lib/python3.10/site-packages/_pytest/python.py", line 545, in _getobj
    return importtestmodule(self.path, self.config)
  File "/home/ali/miniconda3/envs/alphatrans/lib/python3.10/site-packages/_pytest/python.py", line 492, in importtestmodule
    mod = import_path(
  File "/home/ali/miniconda3/envs/alphatrans/lib/python3.10/site-packages/_pytest/pathlib.py", line 591, in import_path
    importlib.import_module(module_name)
  File "/home/ali/miniconda3/envs/alphatrans/lib/python3.10/importlib/__init__.py", line 126, in import_module
    return _bootstrap._gcd_import(name[level:], package, level)
  File "&lt;frozen importlib._bootstrap&gt;", line 1050, in _gcd_import
  File "&lt;frozen importlib._bootstrap&gt;", line 1027, in _find_and_load
  File "&lt;frozen importlib._bootstrap&gt;", line 1006, in _find_and_load_unlocked
  File "&lt;frozen importlib._bootstrap&gt;", line 688, in _load_unlocked
  File "/home/ali/miniconda3/envs/alphatrans/lib/python3.10/site-packages/_pytest/assertion/rewrite.py", line 178, in exec_module
    exec(co, module.__dict__)
  File "/home/ali/Documents/AlphaTrans/data/recomposed_projects/deepseek-coder-33b-instruct/signature/joda-convert/evosuite-test/src/test/org/joda/convert/OptionalDoubleStringConverter_ESTest.py", line 15, in &lt;module&gt;
    from src.main.org.joda.convert.OptionalDoubleStringConverter import *
  File "&lt;frozen importlib._bootstrap&gt;", line 1027, in _find_and_load
  File "&lt;frozen importlib._bootstrap&gt;", line 1006, in _find_and_load_unlocked
  File "&lt;frozen importlib._bootstrap&gt;", line 688, in _load_unlocked
  File "/home/ali/miniconda3/envs/alphatrans/lib/python3.10/site-packages/_pytest/assertion/rewrite.py", line 178, in exec_module
    exec(co, module.__dict__)
  File "/home/ali/Documents/AlphaTrans/data/recomposed_projects/deepseek-coder-33b-instruct/signature/joda-convert/src/main/org/joda/convert/OptionalDoubleStringConverter.py", line 79, in &lt;module&gt;
    OptionalDoubleStringConverter.run_static_init()
  File "/home/ali/Documents/AlphaTrans/data/recomposed_projects/deepseek-coder-33b-instruct/signature/joda-convert/src/main/org/joda/convert/OptionalDoubleStringConverter.py", line 45, in run_static_init
    raise RuntimeError(ex)
RuntimeError: name 'importlib' is not defined</error>
    </testcase>
    <testcase classname="" name="evosuite-test.src.test.org.joda.convert.OptionalIntStringConverter_ESTest" time="0.000">
      <error message="collection failure">Traceback (most recent call last):
  File "/home/ali/Documents/AlphaTrans/data/recomposed_projects/deepseek-coder-33b-instruct/signature/joda-convert/src/main/org/joda/convert/OptionalIntStringConverter.py", line 27, in run_static_init
    importlib.import_module("java.util"), "OptionalInt"
NameError: name 'importlib' is not defined

During handling of the above exception, another exception occurred:

Traceback (most recent call last):
  File "/home/ali/miniconda3/envs/alphatrans/lib/python3.10/site-packages/_pytest/runner.py", line 341, in from_call
    result: Optional[TResult] = func()
  File "/home/ali/miniconda3/envs/alphatrans/lib/python3.10/site-packages/_pytest/runner.py", line 389, in collect
    return list(collector.collect())
  File "/home/ali/miniconda3/envs/alphatrans/lib/python3.10/site-packages/_pytest/python.py", line 548, in collect
    self._register_setup_module_fixture()
  File "/home/ali/miniconda3/envs/alphatrans/lib/python3.10/site-packages/_pytest/python.py", line 561, in _register_setup_module_fixture
    self.obj, ("setUpModule", "setup_module")
  File "/home/ali/miniconda3/envs/alphatrans/lib/python3.10/site-packages/_pytest/python.py", line 287, in obj
    self._obj = obj = self._getobj()
  File "/home/ali/miniconda3/envs/alphatrans/lib/python3.10/site-packages/_pytest/python.py", line 545, in _getobj
    return importtestmodule(self.path, self.config)
  File "/home/ali/miniconda3/envs/alphatrans/lib/python3.10/site-packages/_pytest/python.py", line 492, in importtestmodule
    mod = import_path(
  File "/home/ali/miniconda3/envs/alphatrans/lib/python3.10/site-packages/_pytest/pathlib.py", line 591, in import_path
    importlib.import_module(module_name)
  File "/home/ali/miniconda3/envs/alphatrans/lib/python3.10/importlib/__init__.py", line 126, in import_module
    return _bootstrap._gcd_import(name[level:], package, level)
  File "&lt;frozen importlib._bootstrap&gt;", line 1050, in _gcd_import
  File "&lt;frozen importlib._bootstrap&gt;", line 1027, in _find_and_load
  File "&lt;frozen importlib._bootstrap&gt;", line 1006, in _find_and_load_unlocked
  File "&lt;frozen importlib._bootstrap&gt;", line 688, in _load_unlocked
  File "/home/ali/miniconda3/envs/alphatrans/lib/python3.10/site-packages/_pytest/assertion/rewrite.py", line 178, in exec_module
    exec(co, module.__dict__)
  File "/home/ali/Documents/AlphaTrans/data/recomposed_projects/deepseek-coder-33b-instruct/signature/joda-convert/evosuite-test/src/test/org/joda/convert/OptionalIntStringConverter_ESTest.py", line 15, in &lt;module&gt;
    from src.main.org.joda.convert.OptionalIntStringConverter import *
  File "&lt;frozen importlib._bootstrap&gt;", line 1027, in _find_and_load
  File "&lt;frozen importlib._bootstrap&gt;", line 1006, in _find_and_load_unlocked
  File "&lt;frozen importlib._bootstrap&gt;", line 688, in _load_unlocked
  File "/home/ali/miniconda3/envs/alphatrans/lib/python3.10/site-packages/_pytest/assertion/rewrite.py", line 178, in exec_module
    exec(co, module.__dict__)
  File "/home/ali/Documents/AlphaTrans/data/recomposed_projects/deepseek-coder-33b-instruct/signature/joda-convert/src/main/org/joda/convert/OptionalIntStringConverter.py", line 79, in &lt;module&gt;
    OptionalIntStringConverter.run_static_init()
  File "/home/ali/Documents/AlphaTrans/data/recomposed_projects/deepseek-coder-33b-instruct/signature/joda-convert/src/main/org/joda/convert/OptionalIntStringConverter.py", line 45, in run_static_init
    raise RuntimeError(ex)
RuntimeError: name 'importlib' is not defined</error>
    </testcase>
    <testcase classname="" name="evosuite-test.src.test.org.joda.convert.OptionalLongStringConverter_ESTest" time="0.000">
      <error message="collection failure">Traceback (most recent call last):
  File "/home/ali/Documents/AlphaTrans/data/recomposed_projects/deepseek-coder-33b-instruct/signature/joda-convert/src/main/org/joda/convert/OptionalLongStringConverter.py", line 27, in run_static_init
    __import__("java.util"), "OptionalLong"
ModuleNotFoundError: No module named 'java'

During handling of the above exception, another exception occurred:

Traceback (most recent call last):
  File "/home/ali/miniconda3/envs/alphatrans/lib/python3.10/site-packages/_pytest/runner.py", line 341, in from_call
    result: Optional[TResult] = func()
  File "/home/ali/miniconda3/envs/alphatrans/lib/python3.10/site-packages/_pytest/runner.py", line 389, in collect
    return list(collector.collect())
  File "/home/ali/miniconda3/envs/alphatrans/lib/python3.10/site-packages/_pytest/python.py", line 548, in collect
    self._register_setup_module_fixture()
  File "/home/ali/miniconda3/envs/alphatrans/lib/python3.10/site-packages/_pytest/python.py", line 561, in _register_setup_module_fixture
    self.obj, ("setUpModule", "setup_module")
  File "/home/ali/miniconda3/envs/alphatrans/lib/python3.10/site-packages/_pytest/python.py", line 287, in obj
    self._obj = obj = self._getobj()
  File "/home/ali/miniconda3/envs/alphatrans/lib/python3.10/site-packages/_pytest/python.py", line 545, in _getobj
    return importtestmodule(self.path, self.config)
  File "/home/ali/miniconda3/envs/alphatrans/lib/python3.10/site-packages/_pytest/python.py", line 492, in importtestmodule
    mod = import_path(
  File "/home/ali/miniconda3/envs/alphatrans/lib/python3.10/site-packages/_pytest/pathlib.py", line 591, in import_path
    importlib.import_module(module_name)
  File "/home/ali/miniconda3/envs/alphatrans/lib/python3.10/importlib/__init__.py", line 126, in import_module
    return _bootstrap._gcd_import(name[level:], package, level)
  File "&lt;frozen importlib._bootstrap&gt;", line 1050, in _gcd_import
  File "&lt;frozen importlib._bootstrap&gt;", line 1027, in _find_and_load
  File "&lt;frozen importlib._bootstrap&gt;", line 1006, in _find_and_load_unlocked
  File "&lt;frozen importlib._bootstrap&gt;", line 688, in _load_unlocked
  File "/home/ali/miniconda3/envs/alphatrans/lib/python3.10/site-packages/_pytest/assertion/rewrite.py", line 178, in exec_module
    exec(co, module.__dict__)
  File "/home/ali/Documents/AlphaTrans/data/recomposed_projects/deepseek-coder-33b-instruct/signature/joda-convert/evosuite-test/src/test/org/joda/convert/OptionalLongStringConverter_ESTest.py", line 15, in &lt;module&gt;
    from src.main.org.joda.convert.OptionalLongStringConverter import *
  File "&lt;frozen importlib._bootstrap&gt;", line 1027, in _find_and_load
  File "&lt;frozen importlib._bootstrap&gt;", line 1006, in _find_and_load_unlocked
  File "&lt;frozen importlib._bootstrap&gt;", line 688, in _load_unlocked
  File "/home/ali/miniconda3/envs/alphatrans/lib/python3.10/site-packages/_pytest/assertion/rewrite.py", line 178, in exec_module
    exec(co, module.__dict__)
  File "/home/ali/Documents/AlphaTrans/data/recomposed_projects/deepseek-coder-33b-instruct/signature/joda-convert/src/main/org/joda/convert/OptionalLongStringConverter.py", line 79, in &lt;module&gt;
    OptionalLongStringConverter.run_static_init()
  File "/home/ali/Documents/AlphaTrans/data/recomposed_projects/deepseek-coder-33b-instruct/signature/joda-convert/src/main/org/joda/convert/OptionalLongStringConverter.py", line 45, in run_static_init
    raise RuntimeError(ex)
RuntimeError: No module named 'java'</error>
    </testcase>
    <testcase classname="" name="evosuite-test.src.test.org.joda.convert.RenameHandler_ESTest" time="0.000">
      <error message="collection failure">Traceback (most recent call last):
  File "/home/ali/miniconda3/envs/alphatrans/lib/python3.10/site-packages/_pytest/runner.py", line 341, in from_call
    result: Optional[TResult] = func()
  File "/home/ali/miniconda3/envs/alphatrans/lib/python3.10/site-packages/_pytest/runner.py", line 389, in collect
    return list(collector.collect())
  File "/home/ali/miniconda3/envs/alphatrans/lib/python3.10/site-packages/_pytest/python.py", line 548, in collect
    self._register_setup_module_fixture()
  File "/home/ali/miniconda3/envs/alphatrans/lib/python3.10/site-packages/_pytest/python.py", line 561, in _register_setup_module_fixture
    self.obj, ("setUpModule", "setup_module")
  File "/home/ali/miniconda3/envs/alphatrans/lib/python3.10/site-packages/_pytest/python.py", line 287, in obj
    self._obj = obj = self._getobj()
  File "/home/ali/miniconda3/envs/alphatrans/lib/python3.10/site-packages/_pytest/python.py", line 545, in _getobj
    return importtestmodule(self.path, self.config)
  File "/home/ali/miniconda3/envs/alphatrans/lib/python3.10/site-packages/_pytest/python.py", line 492, in importtestmodule
    mod = import_path(
  File "/home/ali/miniconda3/envs/alphatrans/lib/python3.10/site-packages/_pytest/pathlib.py", line 591, in import_path
    importlib.import_module(module_name)
  File "/home/ali/miniconda3/envs/alphatrans/lib/python3.10/importlib/__init__.py", line 126, in import_module
    return _bootstrap._gcd_import(name[level:], package, level)
  File "&lt;frozen importlib._bootstrap&gt;", line 1050, in _gcd_import
  File "&lt;frozen importlib._bootstrap&gt;", line 1027, in _find_and_load
  File "&lt;frozen importlib._bootstrap&gt;", line 1006, in _find_and_load_unlocked
  File "&lt;frozen importlib._bootstrap&gt;", line 688, in _load_unlocked
  File "/home/ali/miniconda3/envs/alphatrans/lib/python3.10/site-packages/_pytest/assertion/rewrite.py", line 178, in exec_module
    exec(co, module.__dict__)
  File "/home/ali/Documents/AlphaTrans/data/recomposed_projects/deepseek-coder-33b-instruct/signature/joda-convert/evosuite-test/src/test/org/joda/convert/RenameHandler_ESTest.py", line 15, in &lt;module&gt;
    from src.main.org.joda.convert.RenameHandler import *
  File "&lt;frozen importlib._bootstrap&gt;", line 1027, in _find_and_load
  File "&lt;frozen importlib._bootstrap&gt;", line 1006, in _find_and_load_unlocked
  File "&lt;frozen importlib._bootstrap&gt;", line 688, in _load_unlocked
  File "/home/ali/miniconda3/envs/alphatrans/lib/python3.10/site-packages/_pytest/assertion/rewrite.py", line 178, in exec_module
    exec(co, module.__dict__)
  File "/home/ali/Documents/AlphaTrans/data/recomposed_projects/deepseek-coder-33b-instruct/signature/joda-convert/src/main/org/joda/convert/RenameHandler.py", line 10, in &lt;module&gt;
    from src.main.org.joda.convert.StringConvert import *
  File "&lt;frozen importlib._bootstrap&gt;", line 1027, in _find_and_load
  File "&lt;frozen importlib._bootstrap&gt;", line 1006, in _find_and_load_unlocked
  File "&lt;frozen importlib._bootstrap&gt;", line 688, in _load_unlocked
  File "/home/ali/miniconda3/envs/alphatrans/lib/python3.10/site-packages/_pytest/assertion/rewrite.py", line 178, in exec_module
    exec(co, module.__dict__)
  File "/home/ali/Documents/AlphaTrans/data/recomposed_projects/deepseek-coder-33b-instruct/signature/joda-convert/src/main/org/joda/convert/StringConvert.py", line 13, in &lt;module&gt;
    from src.main.org.joda.convert.JDKStringConverter import *
  File "&lt;frozen importlib._bootstrap&gt;", line 1027, in _find_and_load
  File "&lt;frozen importlib._bootstrap&gt;", line 1006, in _find_and_load_unlocked
  File "&lt;frozen importlib._bootstrap&gt;", line 688, in _load_unlocked
  File "/home/ali/miniconda3/envs/alphatrans/lib/python3.10/site-packages/_pytest/assertion/rewrite.py", line 178, in exec_module
    exec(co, module.__dict__)
  File "/home/ali/Documents/AlphaTrans/data/recomposed_projects/deepseek-coder-33b-instruct/signature/joda-convert/src/main/org/joda/convert/JDKStringConverter.py", line 12, in &lt;module&gt;
    class JDKStringConverter(TypedStringConverter):
  File "/home/ali/Documents/AlphaTrans/data/recomposed_projects/deepseek-coder-33b-instruct/signature/joda-convert/src/main/org/joda/convert/JDKStringConverter.py", line 72, in JDKStringConverter
    __base64Array: List[str] = list(base64Str)
NameError: name 'base64Str' is not defined</error>
    </testcase>
    <testcase classname="" name="evosuite-test.src.test.org.joda.convert.TypeStringConverterFactory_ESTest" time="0.000">
      <error message="collection failure">Traceback (most recent call last):
  File "/home/ali/miniconda3/envs/alphatrans/lib/python3.10/site-packages/_pytest/runner.py", line 341, in from_call
    result: Optional[TResult] = func()
  File "/home/ali/miniconda3/envs/alphatrans/lib/python3.10/site-packages/_pytest/runner.py", line 389, in collect
    return list(collector.collect())
  File "/home/ali/miniconda3/envs/alphatrans/lib/python3.10/site-packages/_pytest/python.py", line 548, in collect
    self._register_setup_module_fixture()
  File "/home/ali/miniconda3/envs/alphatrans/lib/python3.10/site-packages/_pytest/python.py", line 561, in _register_setup_module_fixture
    self.obj, ("setUpModule", "setup_module")
  File "/home/ali/miniconda3/envs/alphatrans/lib/python3.10/site-packages/_pytest/python.py", line 287, in obj
    self._obj = obj = self._getobj()
  File "/home/ali/miniconda3/envs/alphatrans/lib/python3.10/site-packages/_pytest/python.py", line 545, in _getobj
    return importtestmodule(self.path, self.config)
  File "/home/ali/miniconda3/envs/alphatrans/lib/python3.10/site-packages/_pytest/python.py", line 492, in importtestmodule
    mod = import_path(
  File "/home/ali/miniconda3/envs/alphatrans/lib/python3.10/site-packages/_pytest/pathlib.py", line 591, in import_path
    importlib.import_module(module_name)
  File "/home/ali/miniconda3/envs/alphatrans/lib/python3.10/importlib/__init__.py", line 126, in import_module
    return _bootstrap._gcd_import(name[level:], package, level)
  File "&lt;frozen importlib._bootstrap&gt;", line 1050, in _gcd_import
  File "&lt;frozen importlib._bootstrap&gt;", line 1027, in _find_and_load
  File "&lt;frozen importlib._bootstrap&gt;", line 1006, in _find_and_load_unlocked
  File "&lt;frozen importlib._bootstrap&gt;", line 688, in _load_unlocked
  File "/home/ali/miniconda3/envs/alphatrans/lib/python3.10/site-packages/_pytest/assertion/rewrite.py", line 178, in exec_module
    exec(co, module.__dict__)
  File "/home/ali/Documents/AlphaTrans/data/recomposed_projects/deepseek-coder-33b-instruct/signature/joda-convert/evosuite-test/src/test/org/joda/convert/TypeStringConverterFactory_ESTest.py", line 16, in &lt;module&gt;
    from src.main.org.joda.convert.TypeStringConverterFactory import *
  File "&lt;frozen importlib._bootstrap&gt;", line 1027, in _find_and_load
  File "&lt;frozen importlib._bootstrap&gt;", line 1006, in _find_and_load_unlocked
  File "&lt;frozen importlib._bootstrap&gt;", line 688, in _load_unlocked
  File "/home/ali/miniconda3/envs/alphatrans/lib/python3.10/site-packages/_pytest/assertion/rewrite.py", line 178, in exec_module
    exec(co, module.__dict__)
  File "/home/ali/Documents/AlphaTrans/data/recomposed_projects/deepseek-coder-33b-instruct/signature/joda-convert/src/main/org/joda/convert/TypeStringConverterFactory.py", line 8, in &lt;module&gt;
    from src.main.org.joda.convert.TypeUtils import *
  File "&lt;frozen importlib._bootstrap&gt;", line 1027, in _find_and_load
  File "&lt;frozen importlib._bootstrap&gt;", line 1006, in _find_and_load_unlocked
  File "&lt;frozen importlib._bootstrap&gt;", line 688, in _load_unlocked
  File "/home/ali/miniconda3/envs/alphatrans/lib/python3.10/site-packages/_pytest/assertion/rewrite.py", line 178, in exec_module
    exec(co, module.__dict__)
  File "/home/ali/Documents/AlphaTrans/data/recomposed_projects/deepseek-coder-33b-instruct/signature/joda-convert/src/main/org/joda/convert/TypeUtils.py", line 8, in &lt;module&gt;
    from src.main.org.joda.convert.StringConvert import *
  File "&lt;frozen importlib._bootstrap&gt;", line 1027, in _find_and_load
  File "&lt;frozen importlib._bootstrap&gt;", line 1006, in _find_and_load_unlocked
  File "&lt;frozen importlib._bootstrap&gt;", line 688, in _load_unlocked
  File "/home/ali/miniconda3/envs/alphatrans/lib/python3.10/site-packages/_pytest/assertion/rewrite.py", line 178, in exec_module
    exec(co, module.__dict__)
  File "/home/ali/Documents/AlphaTrans/data/recomposed_projects/deepseek-coder-33b-instruct/signature/joda-convert/src/main/org/joda/convert/StringConvert.py", line 13, in &lt;module&gt;
    from src.main.org.joda.convert.JDKStringConverter import *
  File "&lt;frozen importlib._bootstrap&gt;", line 1027, in _find_and_load
  File "&lt;frozen importlib._bootstrap&gt;", line 1006, in _find_and_load_unlocked
  File "&lt;frozen importlib._bootstrap&gt;", line 688, in _load_unlocked
  File "/home/ali/miniconda3/envs/alphatrans/lib/python3.10/site-packages/_pytest/assertion/rewrite.py", line 178, in exec_module
    exec(co, module.__dict__)
  File "/home/ali/Documents/AlphaTrans/data/recomposed_projects/deepseek-coder-33b-instruct/signature/joda-convert/src/main/org/joda/convert/JDKStringConverter.py", line 9, in &lt;module&gt;
    from src.main.org.joda.convert.RenameHandler import *
  File "&lt;frozen importlib._bootstrap&gt;", line 1027, in _find_and_load
  File "&lt;frozen importlib._bootstrap&gt;", line 1006, in _find_and_load_unlocked
  File "&lt;frozen importlib._bootstrap&gt;", line 688, in _load_unlocked
  File "/home/ali/miniconda3/envs/alphatrans/lib/python3.10/site-packages/_pytest/assertion/rewrite.py", line 178, in exec_module
    exec(co, module.__dict__)
  File "/home/ali/Documents/AlphaTrans/data/recomposed_projects/deepseek-coder-33b-instruct/signature/joda-convert/src/main/org/joda/convert/RenameHandler.py", line 19, in &lt;module&gt;
    class RenameHandler:
  File "/home/ali/Documents/AlphaTrans/data/recomposed_projects/deepseek-coder-33b-instruct/signature/joda-convert/src/main/org/joda/convert/RenameHandler.py", line 20, in RenameHandler
    __enumRenames: Dict[Type[Any], Dict[str, enum.Enum]] = ConcurrentHashMap(
NameError: name 'ConcurrentHashMap' is not defined</error>
    </testcase>
    <testcase classname="" name="evosuite-test.src.test.org.joda.convert.TypeUtils_ESTest" time="0.000">
      <error message="collection failure">Traceback (most recent call last):
  File "/home/ali/miniconda3/envs/alphatrans/lib/python3.10/site-packages/_pytest/runner.py", line 341, in from_call
    result: Optional[TResult] = func()
  File "/home/ali/miniconda3/envs/alphatrans/lib/python3.10/site-packages/_pytest/runner.py", line 389, in collect
    return list(collector.collect())
  File "/home/ali/miniconda3/envs/alphatrans/lib/python3.10/site-packages/_pytest/python.py", line 548, in collect
    self._register_setup_module_fixture()
  File "/home/ali/miniconda3/envs/alphatrans/lib/python3.10/site-packages/_pytest/python.py", line 561, in _register_setup_module_fixture
    self.obj, ("setUpModule", "setup_module")
  File "/home/ali/miniconda3/envs/alphatrans/lib/python3.10/site-packages/_pytest/python.py", line 287, in obj
    self._obj = obj = self._getobj()
  File "/home/ali/miniconda3/envs/alphatrans/lib/python3.10/site-packages/_pytest/python.py", line 545, in _getobj
    return importtestmodule(self.path, self.config)
  File "/home/ali/miniconda3/envs/alphatrans/lib/python3.10/site-packages/_pytest/python.py", line 492, in importtestmodule
    mod = import_path(
  File "/home/ali/miniconda3/envs/alphatrans/lib/python3.10/site-packages/_pytest/pathlib.py", line 591, in import_path
    importlib.import_module(module_name)
  File "/home/ali/miniconda3/envs/alphatrans/lib/python3.10/importlib/__init__.py", line 126, in import_module
    return _bootstrap._gcd_import(name[level:], package, level)
  File "&lt;frozen importlib._bootstrap&gt;", line 1050, in _gcd_import
  File "&lt;frozen importlib._bootstrap&gt;", line 1027, in _find_and_load
  File "&lt;frozen importlib._bootstrap&gt;", line 1006, in _find_and_load_unlocked
  File "&lt;frozen importlib._bootstrap&gt;", line 688, in _load_unlocked
  File "/home/ali/miniconda3/envs/alphatrans/lib/python3.10/site-packages/_pytest/assertion/rewrite.py", line 178, in exec_module
    exec(co, module.__dict__)
  File "/home/ali/Documents/AlphaTrans/data/recomposed_projects/deepseek-coder-33b-instruct/signature/joda-convert/evosuite-test/src/test/org/joda/convert/TypeUtils_ESTest.py", line 14, in &lt;module&gt;
    from src.main.org.joda.convert.TypeUtils import *
  File "&lt;frozen importlib._bootstrap&gt;", line 1027, in _find_and_load
  File "&lt;frozen importlib._bootstrap&gt;", line 1006, in _find_and_load_unlocked
  File "&lt;frozen importlib._bootstrap&gt;", line 688, in _load_unlocked
  File "/home/ali/miniconda3/envs/alphatrans/lib/python3.10/site-packages/_pytest/assertion/rewrite.py", line 178, in exec_module
    exec(co, module.__dict__)
  File "/home/ali/Documents/AlphaTrans/data/recomposed_projects/deepseek-coder-33b-instruct/signature/joda-convert/src/main/org/joda/convert/TypeUtils.py", line 8, in &lt;module&gt;
    from src.main.org.joda.convert.StringConvert import *
  File "&lt;frozen importlib._bootstrap&gt;", line 1027, in _find_and_load
  File "&lt;frozen importlib._bootstrap&gt;", line 1006, in _find_and_load_unlocked
  File "&lt;frozen importlib._bootstrap&gt;", line 688, in _load_unlocked
  File "/home/ali/miniconda3/envs/alphatrans/lib/python3.10/site-packages/_pytest/assertion/rewrite.py", line 178, in exec_module
    exec(co, module.__dict__)
  File "/home/ali/Documents/AlphaTrans/data/recomposed_projects/deepseek-coder-33b-instruct/signature/joda-convert/src/main/org/joda/convert/StringConvert.py", line 13, in &lt;module&gt;
    from src.main.org.joda.convert.JDKStringConverter import *
  File "&lt;frozen importlib._bootstrap&gt;", line 1027, in _find_and_load
  File "&lt;frozen importlib._bootstrap&gt;", line 1006, in _find_and_load_unlocked
  File "&lt;frozen importlib._bootstrap&gt;", line 688, in _load_unlocked
  File "/home/ali/miniconda3/envs/alphatrans/lib/python3.10/site-packages/_pytest/assertion/rewrite.py", line 178, in exec_module
    exec(co, module.__dict__)
  File "/home/ali/Documents/AlphaTrans/data/recomposed_projects/deepseek-coder-33b-instruct/signature/joda-convert/src/main/org/joda/convert/JDKStringConverter.py", line 9, in &lt;module&gt;
    from src.main.org.joda.convert.RenameHandler import *
  File "&lt;frozen importlib._bootstrap&gt;", line 1027, in _find_and_load
  File "&lt;frozen importlib._bootstrap&gt;", line 1006, in _find_and_load_unlocked
  File "&lt;frozen importlib._bootstrap&gt;", line 688, in _load_unlocked
  File "/home/ali/miniconda3/envs/alphatrans/lib/python3.10/site-packages/_pytest/assertion/rewrite.py", line 178, in exec_module
    exec(co, module.__dict__)
  File "/home/ali/Documents/AlphaTrans/data/recomposed_projects/deepseek-coder-33b-instruct/signature/joda-convert/src/main/org/joda/convert/RenameHandler.py", line 19, in &lt;module&gt;
    class RenameHandler:
  File "/home/ali/Documents/AlphaTrans/data/recomposed_projects/deepseek-coder-33b-instruct/signature/joda-convert/src/main/org/joda/convert/RenameHandler.py", line 20, in RenameHandler
    __enumRenames: Dict[Type[Any], Dict[str, enum.Enum]] = ConcurrentHashMap(
NameError: name 'ConcurrentHashMap' is not defined</error>
    </testcase>
    <testcase classname="" name="evosuite-test.src.test.org.joda.convert.TypedAdapter_ESTest" time="0.000">
      <error message="collection failure">Traceback (most recent call last):
  File "/home/ali/miniconda3/envs/alphatrans/lib/python3.10/site-packages/_pytest/runner.py", line 341, in from_call
    result: Optional[TResult] = func()
  File "/home/ali/miniconda3/envs/alphatrans/lib/python3.10/site-packages/_pytest/runner.py", line 389, in collect
    return list(collector.collect())
  File "/home/ali/miniconda3/envs/alphatrans/lib/python3.10/site-packages/_pytest/python.py", line 548, in collect
    self._register_setup_module_fixture()
  File "/home/ali/miniconda3/envs/alphatrans/lib/python3.10/site-packages/_pytest/python.py", line 561, in _register_setup_module_fixture
    self.obj, ("setUpModule", "setup_module")
  File "/home/ali/miniconda3/envs/alphatrans/lib/python3.10/site-packages/_pytest/python.py", line 287, in obj
    self._obj = obj = self._getobj()
  File "/home/ali/miniconda3/envs/alphatrans/lib/python3.10/site-packages/_pytest/python.py", line 545, in _getobj
    return importtestmodule(self.path, self.config)
  File "/home/ali/miniconda3/envs/alphatrans/lib/python3.10/site-packages/_pytest/python.py", line 492, in importtestmodule
    mod = import_path(
  File "/home/ali/miniconda3/envs/alphatrans/lib/python3.10/site-packages/_pytest/pathlib.py", line 591, in import_path
    importlib.import_module(module_name)
  File "/home/ali/miniconda3/envs/alphatrans/lib/python3.10/importlib/__init__.py", line 126, in import_module
    return _bootstrap._gcd_import(name[level:], package, level)
  File "&lt;frozen importlib._bootstrap&gt;", line 1050, in _gcd_import
  File "&lt;frozen importlib._bootstrap&gt;", line 1027, in _find_and_load
  File "&lt;frozen importlib._bootstrap&gt;", line 1006, in _find_and_load_unlocked
  File "&lt;frozen importlib._bootstrap&gt;", line 688, in _load_unlocked
  File "/home/ali/miniconda3/envs/alphatrans/lib/python3.10/site-packages/_pytest/assertion/rewrite.py", line 178, in exec_module
    exec(co, module.__dict__)
  File "/home/ali/Documents/AlphaTrans/data/recomposed_projects/deepseek-coder-33b-instruct/signature/joda-convert/evosuite-test/src/test/org/joda/convert/TypedAdapter_ESTest.py", line 14, in &lt;module&gt;
    from src.main.org.joda.convert.TypeTokenStringConverter import *
  File "&lt;frozen importlib._bootstrap&gt;", line 1027, in _find_and_load
  File "&lt;frozen importlib._bootstrap&gt;", line 1006, in _find_and_load_unlocked
  File "&lt;frozen importlib._bootstrap&gt;", line 688, in _load_unlocked
  File "/home/ali/miniconda3/envs/alphatrans/lib/python3.10/site-packages/_pytest/assertion/rewrite.py", line 178, in exec_module
    exec(co, module.__dict__)
  File "/home/ali/Documents/AlphaTrans/data/recomposed_projects/deepseek-coder-33b-instruct/signature/joda-convert/src/main/org/joda/convert/TypeTokenStringConverter.py", line 7, in &lt;module&gt;
    from src.main.org.joda.convert.TypeUtils import *
  File "&lt;frozen importlib._bootstrap&gt;", line 1027, in _find_and_load
  File "&lt;frozen importlib._bootstrap&gt;", line 1006, in _find_and_load_unlocked
  File "&lt;frozen importlib._bootstrap&gt;", line 688, in _load_unlocked
  File "/home/ali/miniconda3/envs/alphatrans/lib/python3.10/site-packages/_pytest/assertion/rewrite.py", line 178, in exec_module
    exec(co, module.__dict__)
  File "/home/ali/Documents/AlphaTrans/data/recomposed_projects/deepseek-coder-33b-instruct/signature/joda-convert/src/main/org/joda/convert/TypeUtils.py", line 8, in &lt;module&gt;
    from src.main.org.joda.convert.StringConvert import *
  File "&lt;frozen importlib._bootstrap&gt;", line 1027, in _find_and_load
  File "&lt;frozen importlib._bootstrap&gt;", line 1006, in _find_and_load_unlocked
  File "&lt;frozen importlib._bootstrap&gt;", line 688, in _load_unlocked
  File "/home/ali/miniconda3/envs/alphatrans/lib/python3.10/site-packages/_pytest/assertion/rewrite.py", line 178, in exec_module
    exec(co, module.__dict__)
  File "/home/ali/Documents/AlphaTrans/data/recomposed_projects/deepseek-coder-33b-instruct/signature/joda-convert/src/main/org/joda/convert/StringConvert.py", line 13, in &lt;module&gt;
    from src.main.org.joda.convert.JDKStringConverter import *
  File "&lt;frozen importlib._bootstrap&gt;", line 1027, in _find_and_load
  File "&lt;frozen importlib._bootstrap&gt;", line 1006, in _find_and_load_unlocked
  File "&lt;frozen importlib._bootstrap&gt;", line 688, in _load_unlocked
  File "/home/ali/miniconda3/envs/alphatrans/lib/python3.10/site-packages/_pytest/assertion/rewrite.py", line 178, in exec_module
    exec(co, module.__dict__)
  File "/home/ali/Documents/AlphaTrans/data/recomposed_projects/deepseek-coder-33b-instruct/signature/joda-convert/src/main/org/joda/convert/JDKStringConverter.py", line 9, in &lt;module&gt;
    from src.main.org.joda.convert.RenameHandler import *
  File "&lt;frozen importlib._bootstrap&gt;", line 1027, in _find_and_load
  File "&lt;frozen importlib._bootstrap&gt;", line 1006, in _find_and_load_unlocked
  File "&lt;frozen importlib._bootstrap&gt;", line 688, in _load_unlocked
  File "/home/ali/miniconda3/envs/alphatrans/lib/python3.10/site-packages/_pytest/assertion/rewrite.py", line 178, in exec_module
    exec(co, module.__dict__)
  File "/home/ali/Documents/AlphaTrans/data/recomposed_projects/deepseek-coder-33b-instruct/signature/joda-convert/src/main/org/joda/convert/RenameHandler.py", line 19, in &lt;module&gt;
    class RenameHandler:
  File "/home/ali/Documents/AlphaTrans/data/recomposed_projects/deepseek-coder-33b-instruct/signature/joda-convert/src/main/org/joda/convert/RenameHandler.py", line 20, in RenameHandler
    __enumRenames: Dict[Type[Any], Dict[str, enum.Enum]] = ConcurrentHashMap(
NameError: name 'ConcurrentHashMap' is not defined</error>
    </testcase>
    <testcase classname="" name="evosuite-test.src.test.org.joda.convert.Types_ESTest" time="0.000">
      <error message="collection failure">Traceback (most recent call last):
  File "/home/ali/miniconda3/envs/alphatrans/lib/python3.10/site-packages/_pytest/runner.py", line 341, in from_call
    result: Optional[TResult] = func()
  File "/home/ali/miniconda3/envs/alphatrans/lib/python3.10/site-packages/_pytest/runner.py", line 389, in collect
    return list(collector.collect())
  File "/home/ali/miniconda3/envs/alphatrans/lib/python3.10/site-packages/_pytest/python.py", line 548, in collect
    self._register_setup_module_fixture()
  File "/home/ali/miniconda3/envs/alphatrans/lib/python3.10/site-packages/_pytest/python.py", line 561, in _register_setup_module_fixture
    self.obj, ("setUpModule", "setup_module")
  File "/home/ali/miniconda3/envs/alphatrans/lib/python3.10/site-packages/_pytest/python.py", line 287, in obj
    self._obj = obj = self._getobj()
  File "/home/ali/miniconda3/envs/alphatrans/lib/python3.10/site-packages/_pytest/python.py", line 545, in _getobj
    return importtestmodule(self.path, self.config)
  File "/home/ali/miniconda3/envs/alphatrans/lib/python3.10/site-packages/_pytest/python.py", line 492, in importtestmodule
    mod = import_path(
  File "/home/ali/miniconda3/envs/alphatrans/lib/python3.10/site-packages/_pytest/pathlib.py", line 591, in import_path
    importlib.import_module(module_name)
  File "/home/ali/miniconda3/envs/alphatrans/lib/python3.10/importlib/__init__.py", line 126, in import_module
    return _bootstrap._gcd_import(name[level:], package, level)
  File "&lt;frozen importlib._bootstrap&gt;", line 1050, in _gcd_import
  File "&lt;frozen importlib._bootstrap&gt;", line 1027, in _find_and_load
  File "&lt;frozen importlib._bootstrap&gt;", line 1006, in _find_and_load_unlocked
  File "&lt;frozen importlib._bootstrap&gt;", line 688, in _load_unlocked
  File "/home/ali/miniconda3/envs/alphatrans/lib/python3.10/site-packages/_pytest/assertion/rewrite.py", line 178, in exec_module
    exec(co, module.__dict__)
  File "/home/ali/Documents/AlphaTrans/data/recomposed_projects/deepseek-coder-33b-instruct/signature/joda-convert/evosuite-test/src/test/org/joda/convert/Types_ESTest.py", line 14, in &lt;module&gt;
    from src.main.org.joda.convert.Types import *
  File "&lt;frozen importlib._bootstrap&gt;", line 1027, in _find_and_load
  File "&lt;frozen importlib._bootstrap&gt;", line 1006, in _find_and_load_unlocked
  File "&lt;frozen importlib._bootstrap&gt;", line 688, in _load_unlocked
  File "/home/ali/miniconda3/envs/alphatrans/lib/python3.10/site-packages/_pytest/assertion/rewrite.py", line 178, in exec_module
    exec(co, module.__dict__)
  File "/home/ali/Documents/AlphaTrans/data/recomposed_projects/deepseek-coder-33b-instruct/signature/joda-convert/src/main/org/joda/convert/Types.py", line 681, in &lt;module&gt;
    NativeTypeVariableEquals.initialize_fields()
  File "/home/ali/Documents/AlphaTrans/data/recomposed_projects/deepseek-coder-33b-instruct/signature/joda-convert/src/main/org/joda/convert/Types.py", line 321, in initialize_fields
    ) = NativeTypeVariableEquals.class_.getTypeParameters()[
AttributeError: type object 'NativeTypeVariableEquals' has no attribute 'class_'</error>
    </testcase>
    <testcase classname="evosuite-test.src.test.org.joda.convert.AnnotationStringConverterFactory_ESTest.AnnotationStringConverterFactory_ESTest" name="test0" time="0.000">
      <failure message="AttributeError: 'NoneType' object has no attribute '__base__'. Did you mean: '__hash__'?">Traceback (most recent call last):
  File "/home/ali/miniconda3/envs/alphatrans/lib/python3.10/unittest/case.py", line 59, in testPartExecutor
    yield
  File "/home/ali/miniconda3/envs/alphatrans/lib/python3.10/unittest/case.py", line 591, in run
    self._callTestMethod(testMethod)
  File "/home/ali/miniconda3/envs/alphatrans/lib/python3.10/unittest/case.py", line 549, in _callTestMethod
    method()
  File "/home/ali/Documents/AlphaTrans/data/recomposed_projects/deepseek-coder-33b-instruct/signature/joda-convert/evosuite-test/src/test/org/joda/convert/AnnotationStringConverterFactory_ESTest.py", line 66, in test0
    annotationStringConverterFactory0.findFromStringConverter(None)
  File "/home/ali/Documents/AlphaTrans/data/recomposed_projects/deepseek-coder-33b-instruct/signature/joda-convert/src/main/org/joda/convert/AnnotationStringConverterFactory.py", line 203, in findFromStringConverter
    return self.__findAnnotatedFromStringConverter(cls)
  File "/home/ali/Documents/AlphaTrans/data/recomposed_projects/deepseek-coder-33b-instruct/signature/joda-convert/src/main/org/joda/convert/AnnotationStringConverterFactory.py", line 170, in __findAnnotatedFromStringConverter
    mth = self.__findFromStringMethod(cls, con == None)
  File "/home/ali/Documents/AlphaTrans/data/recomposed_projects/deepseek-coder-33b-instruct/signature/joda-convert/src/main/org/joda/convert/AnnotationStringConverterFactory.py", line 98, in __findFromStringMethod
    for loopIfc in self.__eliminateEnumSubclass(cls).__bases__:
  File "/home/ali/Documents/AlphaTrans/data/recomposed_projects/deepseek-coder-33b-instruct/signature/joda-convert/src/main/org/joda/convert/AnnotationStringConverterFactory.py", line 39, in __eliminateEnumSubclass
    sup = cls.__base__
AttributeError: 'NoneType' object has no attribute '__base__'. Did you mean: '__hash__'?</failure>
    </testcase>
    <testcase classname="evosuite-test.src.test.org.joda.convert.AnnotationStringConverterFactory_ESTest.AnnotationStringConverterFactory_ESTest" name="test1" time="0.000">
      <failure message="AttributeError: 'NoneType' object has no attribute '__base__'. Did you mean: '__hash__'?">Traceback (most recent call last):
  File "/home/ali/miniconda3/envs/alphatrans/lib/python3.10/unittest/case.py", line 59, in testPartExecutor
    yield
  File "/home/ali/miniconda3/envs/alphatrans/lib/python3.10/unittest/case.py", line 591, in run
    self._callTestMethod(testMethod)
  File "/home/ali/miniconda3/envs/alphatrans/lib/python3.10/unittest/case.py", line 549, in _callTestMethod
    method()
  File "/home/ali/Documents/AlphaTrans/data/recomposed_projects/deepseek-coder-33b-instruct/signature/joda-convert/evosuite-test/src/test/org/joda/convert/AnnotationStringConverterFactory_ESTest.py", line 59, in test1
    annotationStringConverterFactory0.findConverter(None)
  File "/home/ali/Documents/AlphaTrans/data/recomposed_projects/deepseek-coder-33b-instruct/signature/joda-convert/src/main/org/joda/convert/AnnotationStringConverterFactory.py", line 34, in findConverter
    return self.__findAnnotatedConverter(cls)
  File "/home/ali/Documents/AlphaTrans/data/recomposed_projects/deepseek-coder-33b-instruct/signature/joda-convert/src/main/org/joda/convert/AnnotationStringConverterFactory.py", line 184, in __findAnnotatedConverter
    toString = self.__findToStringMethod(cls)
  File "/home/ali/Documents/AlphaTrans/data/recomposed_projects/deepseek-coder-33b-instruct/signature/joda-convert/src/main/org/joda/convert/AnnotationStringConverterFactory.py", line 148, in __findToStringMethod
    for loopIfc in self.__eliminateEnumSubclass(cls).__bases__:
  File "/home/ali/Documents/AlphaTrans/data/recomposed_projects/deepseek-coder-33b-instruct/signature/joda-convert/src/main/org/joda/convert/AnnotationStringConverterFactory.py", line 39, in __eliminateEnumSubclass
    sup = cls.__base__
AttributeError: 'NoneType' object has no attribute '__base__'. Did you mean: '__hash__'?</failure>
    </testcase>
    <testcase classname="evosuite-test.src.test.org.joda.convert.AnnotationStringConverterFactory_ESTest.AnnotationStringConverterFactory_ESTest" name="test2" time="0.000">
      <failure message="AttributeError: 'function' object has no attribute '__isabstractmethod__'">Traceback (most recent call last):
  File "/home/ali/miniconda3/envs/alphatrans/lib/python3.10/unittest/case.py", line 59, in testPartExecutor
    yield
  File "/home/ali/miniconda3/envs/alphatrans/lib/python3.10/unittest/case.py", line 591, in run
    self._callTestMethod(testMethod)
  File "/home/ali/miniconda3/envs/alphatrans/lib/python3.10/unittest/case.py", line 549, in _callTestMethod
    method()
  File "/home/ali/Documents/AlphaTrans/data/recomposed_projects/deepseek-coder-33b-instruct/signature/joda-convert/evosuite-test/src/test/org/joda/convert/AnnotationStringConverterFactory_ESTest.py", line 50, in test2
    annotationStringConverterFactory0.findFromStringConverter(class0)
  File "/home/ali/Documents/AlphaTrans/data/recomposed_projects/deepseek-coder-33b-instruct/signature/joda-convert/src/main/org/joda/convert/AnnotationStringConverterFactory.py", line 203, in findFromStringConverter
    return self.__findAnnotatedFromStringConverter(cls)
  File "/home/ali/Documents/AlphaTrans/data/recomposed_projects/deepseek-coder-33b-instruct/signature/joda-convert/src/main/org/joda/convert/AnnotationStringConverterFactory.py", line 170, in __findAnnotatedFromStringConverter
    mth = self.__findFromStringMethod(cls, con == None)
  File "/home/ali/Documents/AlphaTrans/data/recomposed_projects/deepseek-coder-33b-instruct/signature/joda-convert/src/main/org/joda/convert/AnnotationStringConverterFactory.py", line 89, in __findFromStringMethod
    fromString = self.__findFromString(loopCls)
  File "/home/ali/Documents/AlphaTrans/data/recomposed_projects/deepseek-coder-33b-instruct/signature/joda-convert/src/main/org/joda/convert/AnnotationStringConverterFactory.py", line 51, in __findFromString
    if not method.__isabstractmethod__:
AttributeError: 'function' object has no attribute '__isabstractmethod__'</failure>
    </testcase>
    <testcase classname="evosuite-test.src.test.org.joda.convert.AnnotationStringConverterFactory_ESTest.AnnotationStringConverterFactory_ESTest" name="test3" time="0.000">
      <failure message="AttributeError: 'function' object has no attribute '__isabstractmethod__'">Traceback (most recent call last):
  File "/home/ali/miniconda3/envs/alphatrans/lib/python3.10/unittest/case.py", line 59, in testPartExecutor
    yield
  File "/home/ali/miniconda3/envs/alphatrans/lib/python3.10/unittest/case.py", line 591, in run
    self._callTestMethod(testMethod)
  File "/home/ali/miniconda3/envs/alphatrans/lib/python3.10/unittest/case.py", line 549, in _callTestMethod
    method()
  File "/home/ali/Documents/AlphaTrans/data/recomposed_projects/deepseek-coder-33b-instruct/signature/joda-convert/evosuite-test/src/test/org/joda/convert/AnnotationStringConverterFactory_ESTest.py", line 42, in test3
    stringConverter0 = annotationStringConverterFactory0.findConverter(class0)
  File "/home/ali/Documents/AlphaTrans/data/recomposed_projects/deepseek-coder-33b-instruct/signature/joda-convert/src/main/org/joda/convert/AnnotationStringConverterFactory.py", line 34, in findConverter
    return self.__findAnnotatedConverter(cls)
  File "/home/ali/Documents/AlphaTrans/data/recomposed_projects/deepseek-coder-33b-instruct/signature/joda-convert/src/main/org/joda/convert/AnnotationStringConverterFactory.py", line 184, in __findAnnotatedConverter
    toString = self.__findToStringMethod(cls)
  File "/home/ali/Documents/AlphaTrans/data/recomposed_projects/deepseek-coder-33b-instruct/signature/joda-convert/src/main/org/joda/convert/AnnotationStringConverterFactory.py", line 135, in __findToStringMethod
    not method[1].__isabstractmethod__
AttributeError: 'function' object has no attribute '__isabstractmethod__'</failure>
    </testcase>
    <testcase classname="evosuite-test.src.test.org.joda.convert.AnnotationStringConverterFactory_ESTest.AnnotationStringConverterFactory_ESTest" name="test4" time="0.000"/>
    <testcase classname="evosuite-test.src.test.org.joda.convert.AnnotationStringConverterFactory_ESTest.AnnotationStringConverterFactory_ESTest" name="test5" time="0.000"/>
    <testcase classname="evosuite-test.src.test.org.joda.convert.ConstructorFromStringConverter_ESTest.ConstructorFromStringConverter_ESTest" name="test0" time="0.000">
      <failure message="ValueError: FromString constructor must be on an instantiable class: None">Traceback (most recent call last):
  File "/home/ali/miniconda3/envs/alphatrans/lib/python3.10/unittest/case.py", line 59, in testPartExecutor
    yield
  File "/home/ali/miniconda3/envs/alphatrans/lib/python3.10/unittest/case.py", line 591, in run
    self._callTestMethod(testMethod)
  File "/home/ali/miniconda3/envs/alphatrans/lib/python3.10/unittest/case.py", line 549, in _callTestMethod
    method()
  File "/home/ali/Documents/AlphaTrans/data/recomposed_projects/deepseek-coder-33b-instruct/signature/joda-convert/evosuite-test/src/test/org/joda/convert/ConstructorFromStringConverter_ESTest.py", line 24, in test0
    constructorFromStringConverter0 = ConstructorFromStringConverter(
  File "/home/ali/Documents/AlphaTrans/data/recomposed_projects/deepseek-coder-33b-instruct/signature/joda-convert/src/main/org/joda/convert/ConstructorFromStringConverter.py", line 39, in __init__
    raise ValueError(
ValueError: FromString constructor must be on an instantiable class: None</failure>
    </testcase>
    <testcase classname="evosuite-test.src.test.org.joda.convert.MethodFromStringConverter_ESTest.MethodFromStringConverter_ESTest" name="test0" time="0.000">
      <failure message="AssertionError: Expecting exception: RuntimeError">Traceback (most recent call last):
  File "/home/ali/miniconda3/envs/alphatrans/lib/python3.10/unittest/case.py", line 59, in testPartExecutor
    yield
  File "/home/ali/miniconda3/envs/alphatrans/lib/python3.10/unittest/case.py", line 591, in run
    self._callTestMethod(testMethod)
  File "/home/ali/miniconda3/envs/alphatrans/lib/python3.10/unittest/case.py", line 549, in _callTestMethod
    method()
  File "/home/ali/Documents/AlphaTrans/data/recomposed_projects/deepseek-coder-33b-instruct/signature/joda-convert/evosuite-test/src/test/org/joda/convert/MethodFromStringConverter_ESTest.py", line 27, in test0
    self.fail("Expecting exception: RuntimeError")
  File "/home/ali/miniconda3/envs/alphatrans/lib/python3.10/unittest/case.py", line 675, in fail
    raise self.failureException(msg)
AssertionError: Expecting exception: RuntimeError</failure>
    </testcase>
    <testcase classname="evosuite-test.src.test.org.joda.convert.ReflectionStringConverter_ESTest.ReflectionStringConverter_ESTest" name="test0" time="0.000">
      <failure message="AttributeError: 'ReflectionStringConverter_ESTest' object has no attribute 'verifyException'">Traceback (most recent call last):
  File "/home/ali/Documents/AlphaTrans/data/recomposed_projects/deepseek-coder-33b-instruct/signature/joda-convert/evosuite-test/src/test/org/joda/convert/ReflectionStringConverter_ESTest.py", line 27, in test0
    reflectionStringConverter0 = ReflectionStringConverter(class0, None, None)
  File "/home/ali/Documents/AlphaTrans/data/recomposed_projects/deepseek-coder-33b-instruct/signature/joda-convert/src/main/org/joda/convert/ReflectionStringConverter.py", line 43, in __init__
    if toString.parameters.length != 0:
AttributeError: 'NoneType' object has no attribute 'parameters'

During handling of the above exception, another exception occurred:

Traceback (most recent call last):
  File "/home/ali/miniconda3/envs/alphatrans/lib/python3.10/unittest/case.py", line 59, in testPartExecutor
    yield
  File "/home/ali/miniconda3/envs/alphatrans/lib/python3.10/unittest/case.py", line 591, in run
    self._callTestMethod(testMethod)
  File "/home/ali/miniconda3/envs/alphatrans/lib/python3.10/unittest/case.py", line 549, in _callTestMethod
    method()
  File "/home/ali/Documents/AlphaTrans/data/recomposed_projects/deepseek-coder-33b-instruct/signature/joda-convert/evosuite-test/src/test/org/joda/convert/ReflectionStringConverter_ESTest.py", line 32, in test0
    self.verifyException("org.joda.convert.ReflectionStringConverter", e)
AttributeError: 'ReflectionStringConverter_ESTest' object has no attribute 'verifyException'</failure>
    </testcase>
    <testcase classname="evosuite-test.src.test.org.joda.convert.TypeCapture_ESTest.TypeCapture_ESTest" name="testnotGeneratedAnyTest" time="0.000"/>
    <testcase classname="evosuite-test.src.test.org.joda.convert.factory.BooleanArrayStringConverterFactory_ESTest.BooleanArrayStringConverterFactory_ESTest" name="test0" time="0.000"/>
    <testcase classname="evosuite-test.src.test.org.joda.convert.factory.BooleanArrayStringConverterFactory_ESTest.BooleanArrayStringConverterFactory_ESTest" name="test1" time="0.000">
      <failure message="AssertionError: Expecting exception: ValueError">Traceback (most recent call last):
  File "/home/ali/miniconda3/envs/alphatrans/lib/python3.10/unittest/case.py", line 59, in testPartExecutor
    yield
  File "/home/ali/miniconda3/envs/alphatrans/lib/python3.10/unittest/case.py", line 591, in run
    self._callTestMethod(testMethod)
  File "/home/ali/miniconda3/envs/alphatrans/lib/python3.10/unittest/case.py", line 549, in _callTestMethod
    method()
  File "/home/ali/Documents/AlphaTrans/data/recomposed_projects/deepseek-coder-33b-instruct/signature/joda-convert/evosuite-test/src/test/org/joda/convert/factory/BooleanArrayStringConverterFactory_ESTest.py", line 48, in test1
    self.fail("Expecting exception: ValueError")
  File "/home/ali/miniconda3/envs/alphatrans/lib/python3.10/unittest/case.py", line 675, in fail
    raise self.failureException(msg)
AssertionError: Expecting exception: ValueError</failure>
    </testcase>
    <testcase classname="evosuite-test.src.test.org.joda.convert.factory.BooleanArrayStringConverterFactory_ESTest.BooleanArrayStringConverterFactory_ESTest" name="test2" time="0.000"/>
    <testcase classname="evosuite-test.src.test.org.joda.convert.factory.BooleanArrayStringConverterFactory_ESTest.BooleanArrayStringConverterFactory_ESTest" name="test3" time="0.000"/>
    <testcase classname="evosuite-test.src.test.org.joda.convert.factory.BooleanObjectArrayStringConverterFactory_ESTest.BooleanObjectArrayStringConverterFactory_ESTest" name="test0" time="0.000"/>
    <testcase classname="evosuite-test.src.test.org.joda.convert.factory.BooleanObjectArrayStringConverterFactory_ESTest.BooleanObjectArrayStringConverterFactory_ESTest" name="test1" time="0.000"/>
    <testcase classname="evosuite-test.src.test.org.joda.convert.factory.BooleanObjectArrayStringConverterFactory_ESTest.BooleanObjectArrayStringConverterFactory_ESTest" name="test2" time="0.000"/>
    <testcase classname="evosuite-test.src.test.org.joda.convert.factory.BooleanObjectArrayStringConverterFactory_ESTest.BooleanObjectArrayStringConverterFactory_ESTest" name="test3" time="0.000"/>
    <testcase classname="evosuite-test.src.test.org.joda.convert.factory.ByteObjectArrayStringConverterFactory_ESTest.ByteObjectArrayStringConverterFactory_ESTest" name="test0" time="0.000"/>
    <testcase classname="evosuite-test.src.test.org.joda.convert.factory.ByteObjectArrayStringConverterFactory_ESTest.ByteObjectArrayStringConverterFactory_ESTest" name="test1" time="0.000">
      <failure message="NameError: name 'Byte' is not defined">Traceback (most recent call last):
  File "/home/ali/miniconda3/envs/alphatrans/lib/python3.10/unittest/case.py", line 59, in testPartExecutor
    yield
  File "/home/ali/miniconda3/envs/alphatrans/lib/python3.10/unittest/case.py", line 591, in run
    self._callTestMethod(testMethod)
  File "/home/ali/miniconda3/envs/alphatrans/lib/python3.10/unittest/case.py", line 549, in _callTestMethod
    method()
  File "/home/ali/Documents/AlphaTrans/data/recomposed_projects/deepseek-coder-33b-instruct/signature/joda-convert/evosuite-test/src/test/org/joda/convert/factory/ByteObjectArrayStringConverterFactory_ESTest.py", line 43, in test1
    class0 = Byte
NameError: name 'Byte' is not defined. Did you mean: 'bytes'?</failure>
    </testcase>
    <testcase classname="evosuite-test.src.test.org.joda.convert.factory.ByteObjectArrayStringConverterFactory_ESTest.ByteObjectArrayStringConverterFactory_ESTest" name="test2" time="0.000">
      <failure message="NameError: name 'Byte' is not defined">Traceback (most recent call last):
  File "/home/ali/miniconda3/envs/alphatrans/lib/python3.10/unittest/case.py", line 59, in testPartExecutor
    yield
  File "/home/ali/miniconda3/envs/alphatrans/lib/python3.10/unittest/case.py", line 591, in run
    self._callTestMethod(testMethod)
  File "/home/ali/miniconda3/envs/alphatrans/lib/python3.10/unittest/case.py", line 549, in _callTestMethod
    method()
  File "/home/ali/Documents/AlphaTrans/data/recomposed_projects/deepseek-coder-33b-instruct/signature/joda-convert/evosuite-test/src/test/org/joda/convert/factory/ByteObjectArrayStringConverterFactory_ESTest.py", line 34, in test2
    class0 = Byte
NameError: name 'Byte' is not defined. Did you mean: 'bytes'?</failure>
    </testcase>
    <testcase classname="evosuite-test.src.test.org.joda.convert.factory.ByteObjectArrayStringConverterFactory_ESTest.ByteObjectArrayStringConverterFactory_ESTest" name="test3" time="0.000"/>
    <testcase classname="evosuite-test.src.test.org.joda.convert.factory.CharObjectArrayStringConverterFactory_ESTest.CharObjectArrayStringConverterFactory_ESTest" name="test0" time="0.000"/>
    <testcase classname="evosuite-test.src.test.org.joda.convert.factory.CharObjectArrayStringConverterFactory_ESTest.CharObjectArrayStringConverterFactory_ESTest" name="test1" time="0.000">
      <failure message="NameError: name 'Character' is not defined">Traceback (most recent call last):
  File "/home/ali/miniconda3/envs/alphatrans/lib/python3.10/unittest/case.py", line 59, in testPartExecutor
    yield
  File "/home/ali/miniconda3/envs/alphatrans/lib/python3.10/unittest/case.py", line 591, in run
    self._callTestMethod(testMethod)
  File "/home/ali/miniconda3/envs/alphatrans/lib/python3.10/unittest/case.py", line 549, in _callTestMethod
    method()
  File "/home/ali/Documents/AlphaTrans/data/recomposed_projects/deepseek-coder-33b-instruct/signature/joda-convert/evosuite-test/src/test/org/joda/convert/factory/CharObjectArrayStringConverterFactory_ESTest.py", line 44, in test1
    class0 = Character
NameError: name 'Character' is not defined</failure>
    </testcase>
    <testcase classname="evosuite-test.src.test.org.joda.convert.factory.CharObjectArrayStringConverterFactory_ESTest.CharObjectArrayStringConverterFactory_ESTest" name="test2" time="0.000"/>
    <testcase classname="evosuite-test.src.test.org.joda.convert.factory.CharObjectArrayStringConverterFactory_ESTest.CharObjectArrayStringConverterFactory_ESTest" name="test3" time="0.000"/>
    <testcase classname="evosuite-test.src.test.org.joda.convert.factory.NumericArrayStringConverterFactory_ESTest.NumericArrayStringConverterFactory_ESTest" name="test0" time="0.000"/>
    <testcase classname="evosuite-test.src.test.org.joda.convert.factory.NumericArrayStringConverterFactory_ESTest.NumericArrayStringConverterFactory_ESTest" name="test1" time="0.000">
      <failure message="AssertionError: RuntimeError not raised">Traceback (most recent call last):
  File "/home/ali/miniconda3/envs/alphatrans/lib/python3.10/unittest/case.py", line 59, in testPartExecutor
    yield
  File "/home/ali/miniconda3/envs/alphatrans/lib/python3.10/unittest/case.py", line 591, in run
    self._callTestMethod(testMethod)
  File "/home/ali/miniconda3/envs/alphatrans/lib/python3.10/unittest/case.py", line 549, in _callTestMethod
    method()
  File "/home/ali/Documents/AlphaTrans/data/recomposed_projects/deepseek-coder-33b-instruct/signature/joda-convert/evosuite-test/src/test/org/joda/convert/factory/NumericArrayStringConverterFactory_ESTest.py", line 58, in test1
    with self.assertRaises(RuntimeError):
  File "/home/ali/miniconda3/envs/alphatrans/lib/python3.10/unittest/case.py", line 226, in __exit__
    self._raiseFailure("{} not raised".format(exc_name))
  File "/home/ali/miniconda3/envs/alphatrans/lib/python3.10/unittest/case.py", line 163, in _raiseFailure
    raise self.test_case.failureException(msg)
AssertionError: RuntimeError not raised</failure>
    </testcase>
    <testcase classname="evosuite-test.src.test.org.joda.convert.factory.NumericArrayStringConverterFactory_ESTest.NumericArrayStringConverterFactory_ESTest" name="test2" time="0.000"/>
    <testcase classname="evosuite-test.src.test.org.joda.convert.factory.NumericArrayStringConverterFactory_ESTest.NumericArrayStringConverterFactory_ESTest" name="test3" time="0.000"/>
    <testcase classname="evosuite-test.src.test.org.joda.convert.factory.NumericArrayStringConverterFactory_ESTest.NumericArrayStringConverterFactory_ESTest" name="test4" time="0.000"/>
    <testcase classname="evosuite-test.src.test.org.joda.convert.factory.NumericObjectArrayStringConverterFactory_ESTest.NumericObjectArrayStringConverterFactory_ESTest" name="test0" time="0.000"/>
    <testcase classname="evosuite-test.src.test.org.joda.convert.factory.NumericObjectArrayStringConverterFactory_ESTest.NumericObjectArrayStringConverterFactory_ESTest" name="test1" time="0.000">
      <failure message="AssertionError: RuntimeError not raised">Traceback (most recent call last):
  File "/home/ali/miniconda3/envs/alphatrans/lib/python3.10/unittest/case.py", line 59, in testPartExecutor
    yield
  File "/home/ali/miniconda3/envs/alphatrans/lib/python3.10/unittest/case.py", line 591, in run
    self._callTestMethod(testMethod)
  File "/home/ali/miniconda3/envs/alphatrans/lib/python3.10/unittest/case.py", line 549, in _callTestMethod
    method()
  File "/home/ali/Documents/AlphaTrans/data/recomposed_projects/deepseek-coder-33b-instruct/signature/joda-convert/evosuite-test/src/test/org/joda/convert/factory/NumericObjectArrayStringConverterFactory_ESTest.py", line 60, in test1
    with self.assertRaises(RuntimeError):
  File "/home/ali/miniconda3/envs/alphatrans/lib/python3.10/unittest/case.py", line 226, in __exit__
    self._raiseFailure("{} not raised".format(exc_name))
  File "/home/ali/miniconda3/envs/alphatrans/lib/python3.10/unittest/case.py", line 163, in _raiseFailure
    raise self.test_case.failureException(msg)
AssertionError: RuntimeError not raised</failure>
    </testcase>
    <testcase classname="evosuite-test.src.test.org.joda.convert.factory.NumericObjectArrayStringConverterFactory_ESTest.NumericObjectArrayStringConverterFactory_ESTest" name="test2" time="0.000"/>
    <testcase classname="evosuite-test.src.test.org.joda.convert.factory.NumericObjectArrayStringConverterFactory_ESTest.NumericObjectArrayStringConverterFactory_ESTest" name="test3" time="0.000"/>
    <testcase classname="evosuite-test.src.test.org.joda.convert.factory.NumericObjectArrayStringConverterFactory_ESTest.NumericObjectArrayStringConverterFactory_ESTest" name="test4" time="0.000"/>
  </testsuite>
</testsuites>
